[2017.11.09-03.02.53:764][  0]Log file open, 11/08/17 22:02:53
[2017.11.09-03.02.53:764][  0]LogInit:Display: Running engine for game: TwoDeeTopDown
[2017.11.09-03.02.53:764][  0]LogInit:Display: RandInit(488159045) SRandInit(488159045).
[2017.11.09-03.02.53:764][  0]LogTaskGraph: Started task graph with 4 named threads and 7 total threads.
[2017.11.09-03.02.53:765][  0]LogStats: Stats thread started
[2017.11.09-03.02.53:765][  0]LogInit: Version: 4.8.3-2634408+++depot+UE4-Releases+4.8
[2017.11.09-03.02.53:765][  0]LogInit: API Version: 2579680
[2017.11.09-03.02.53:765][  0]LogInit: Compiled (64-bit): Jul 27 2015 16:24:33
[2017.11.09-03.02.53:765][  0]LogInit: Compiled with Visual C++: 18.00.21005.01
[2017.11.09-03.02.53:765][  0]LogInit: Build Configuration: Development
[2017.11.09-03.02.53:765][  0]LogInit: Branch Name: ++depot+UE4-Releases+4.8
[2017.11.09-03.02.53:765][  0]LogInit: Command line:  
[2017.11.09-03.02.53:765][  0]LogInit: Base directory: C:/Program Files/Epic Games/UE_4.8/Engine/Binaries/Win64/
[2017.11.09-03.02.53:765][  0]LogInit: Rocket: 1
[2017.11.09-03.02.53:785][  0]LogInit: Using libcurl 7.41.0
[2017.11.09-03.02.53:785][  0]LogInit:  - built for x86_64-pc-win32
[2017.11.09-03.02.53:785][  0]LogInit:  - supports SSL with WinSSL
[2017.11.09-03.02.53:785][  0]LogInit:  - other features:
[2017.11.09-03.02.53:785][  0]LogInit:      CURL_VERSION_SSL
[2017.11.09-03.02.53:785][  0]LogInit:      CURL_VERSION_IPV6
[2017.11.09-03.02.53:785][  0]LogInit:      CURL_VERSION_ASYNCHDNS
[2017.11.09-03.02.53:785][  0]LogInit:      CURL_VERSION_LARGEFILE
[2017.11.09-03.02.53:785][  0]LogInit:      CURL_VERSION_IDN
[2017.11.09-03.02.53:785][  0]LogInit:  CurlRequestOptions (configurable via config and command line):
[2017.11.09-03.02.53:785][  0]LogInit:  - bVerifyPeer = true  - Libcurl will verify peer certificate
[2017.11.09-03.02.53:785][  0]LogInit:  - bUseHttpProxy = false  - Libcurl will NOT use HTTP proxy
[2017.11.09-03.02.53:785][  0]LogInit:  - bDontReuseConnections = false  - Libcurl will reuse connections
[2017.11.09-03.02.53:785][  0]LogInit:  - CertBundlePath = nullptr  - Libcurl will use whatever was configured at build time.
[2017.11.09-03.02.53:804][  0]LogOnline:Warning: No default platform service specified for OnlineSubsystem
[2017.11.09-03.02.53:826][  0]LogInit: Presizing for 0 objects not considered by GC, pre-allocating 0 bytes.
[2017.11.09-03.02.53:836][  0]LogInit: Object subsystem initialized
[2017.11.09-03.02.53:838][  0]LogConsoleResponse:Warning: Skipping Unknown console variable: 'TranslucentSortAxis = (X=0.000000,Y=-1.000000,Z=0.000000)'
[2017.11.09-03.02.53:838][  0]LogConsoleResponse:Warning:   Found in ini file 'C:/Users/Max/Desktop/Unreal/TwoDeeTopDown/Saved/Config/Windows/Engine.ini', in section '[/Script/Engine.RendererSettings]'
[2017.11.09-03.02.53:838][  0]LogConsoleResponse:Warning: Skipping Unknown console variable: 'UIScaleRule = ShortestSide'
[2017.11.09-03.02.53:838][  0]LogConsoleResponse:Warning:   Found in ini file 'C:/Users/Max/Desktop/Unreal/TwoDeeTopDown/Saved/Config/Windows/Engine.ini', in section '[/Script/Engine.RendererSettings]'
[2017.11.09-03.02.53:838][  0]LogConsoleResponse:Warning: Skipping Unknown console variable: 'UIScaleCurve = (EditorCurveData=(Keys=),ExternalCurve=None)'
[2017.11.09-03.02.53:838][  0]LogConsoleResponse:Warning:   Found in ini file 'C:/Users/Max/Desktop/Unreal/TwoDeeTopDown/Saved/Config/Windows/Engine.ini', in section '[/Script/Engine.RendererSettings]'
[2017.11.09-03.02.53:838][  0]LogInit: Selected Device Profile: [Windows]
[2017.11.09-03.02.53:838][  0]LogInit: Applying CVar settings loaded from the selected device profile: [Windows]
[2017.11.09-03.02.53:870][  0]LogInit: Computer: DESKTOP-9I2E2DC
[2017.11.09-03.02.53:870][  0]LogInit: User: Max
[2017.11.09-03.02.53:870][  0]LogInit: CPU Page size=4096, Cores=4
[2017.11.09-03.02.53:870][  0]LogInit: High frequency timer resolution =2.610086 MHz
[2017.11.09-03.02.53:870][  0]LogMemory: Memory total: Physical=12.0GB (12GB approx)
[2017.11.09-03.02.53:870][  0]LogMemory: Platform Memory Stats for Windows
[2017.11.09-03.02.53:870][  0]LogMemory: Process Physical Memory: 50.64 MB used, 50.64 MB peak
[2017.11.09-03.02.53:870][  0]LogMemory: Process Virtual Memory: 22.33 MB used, 22.33 MB peak
[2017.11.09-03.02.53:870][  0]LogMemory: Physical Memory: 2883.61 MB used, 12279.08 MB total
[2017.11.09-03.02.53:870][  0]LogMemory: Virtual Memory: 315.20 MB used, 134217728.00 MB total
[2017.11.09-03.02.54:174][  0]LogTextLocalizationManager: The requested culture ('en_US') has no localization data; parent culture's ('en') localization data will be used.
[2017.11.09-03.02.54:508][  0]LogTextLocalizationManager:Warning: Loaded localization resources contain conflicting entries for (Namespace:ContentBrowser, Key:ImportAssetToolTip):
Localization Resource: (C:/Program Files/Epic Games/UE_4.8/Engine/Content/Localization/Editor/en/Editor.locres) Source String Hash: (-630476809) Localized String: (Import to {0}...)
Localization Resource: (C:/Program Files/Epic Games/UE_4.8/Engine/Content/Localization/Editor/en/Editor.locres) Source String Hash: (1271782899) Localized String: (Imports an asset from file to this folder.)
[2017.11.09-03.02.56:063][  0]LogD3D11RHI: Found D3D11 adapter 0: NVIDIA GeForce GTX 670 (Feature Level 11_0)
[2017.11.09-03.02.56:063][  0]LogD3D11RHI: Adapter has 2017MB of dedicated video memory, 0MB of dedicated system memory, and 6139MB of shared system memory, 2 output[s]
[2017.11.09-03.02.56:065][  0]LogD3D11RHI: Found D3D11 adapter 1: Microsoft Basic Render Driver (Feature Level 11_0)
[2017.11.09-03.02.56:065][  0]LogD3D11RHI: Adapter has 0MB of dedicated video memory, 0MB of dedicated system memory, and 6139MB of shared system memory, 0 output[s]
[2017.11.09-03.02.56:065][  0]LogD3D11RHI: Chosen D3D11 Adapter Id = 0
[2017.11.09-03.02.56:070][  0]LogD3D11RHI: InitD3DDevice
[2017.11.09-03.02.56:070][  0]LogD3D11RHI: !Direct3DDevice
[2017.11.09-03.02.56:070][  0]LogRHI: Texture pool is 1361 MB (70% of 1945 MB)
[2017.11.09-03.02.56:904][  0]LogD3D11RHI: Async texture creation enabled
[2017.11.09-03.02.56:977][  0]LogShaderCompilers:Display: Using Local Shader Compiler.
[2017.11.09-03.02.59:219][  0]LogTemp:Display: Loaded TP DesktopTargetPlatform
[2017.11.09-03.02.59:242][  0]LogTemp:Display: Loaded TP WindowsClientTargetPlatform
[2017.11.09-03.02.59:264][  0]LogTemp:Display: Loaded TP WindowsNoEditorTargetPlatform
[2017.11.09-03.02.59:287][  0]LogTemp:Display: Loaded TP WindowsServerTargetPlatform
[2017.11.09-03.02.59:312][  0]LogTemp:Display: Loaded TP WindowsTargetPlatform
[2017.11.09-03.02.59:337][  0]LogTemp:Display: Loaded TP AndroidTargetPlatform
[2017.11.09-03.02.59:357][  0]LogTemp:Display: Loaded TP Android_ASTCTargetPlatform
[2017.11.09-03.02.59:379][  0]LogTemp:Display: Loaded TP Android_ATCTargetPlatform
[2017.11.09-03.02.59:410][  0]LogTemp:Display: Loaded TP Android_DXTTargetPlatform
[2017.11.09-03.02.59:430][  0]LogTemp:Display: Loaded TP Android_ETC1TargetPlatform
[2017.11.09-03.02.59:450][  0]LogTemp:Display: Loaded TP Android_ETC2TargetPlatform
[2017.11.09-03.02.59:470][  0]LogTemp:Display: Loaded TP Android_PVRTCTargetPlatform
[2017.11.09-03.02.59:545][  0]LogTemp:Display: Loaded TP IOSTargetPlatform
[2017.11.09-03.02.59:564][  0]LogTemp:Display: Loaded TP LinuxNoEditorTargetPlatform
[2017.11.09-03.02.59:584][  0]LogTemp:Display: Loaded TP LinuxServerTargetPlatform
[2017.11.09-03.02.59:611][  0]LogTemp:Display: Loaded TP LinuxTargetPlatform
[2017.11.09-03.02.59:611][  0]LogTargetPlatformManager:Display: Building Assets For Windows
[2017.11.09-03.03.00:047][  0]LogDerivedDataCache:Display: Max Cache Size: 512 MB
[2017.11.09-03.03.00:315][  0]LogDerivedDataCache: Loaded boot cache 0.27s 53MB C:/Users/Max/AppData/Local/UnrealEngine/4.8/DerivedDataCache/Boot.ddc.
[2017.11.09-03.03.00:315][  0]LogDerivedDataCache:Display: Loaded Boot cache: C:/Users/Max/AppData/Local/UnrealEngine/4.8/DerivedDataCache/Boot.ddc
[2017.11.09-03.03.00:315][  0]LogDerivedDataCache: FDerivedDataBackendGraph:  Pak pak cache file ../../../../../../Users/Max/Desktop/Unreal/TwoDeeTopDown/DerivedDataCache/DDC.ddp not found, will not use a pak cache.
[2017.11.09-03.03.00:315][  0]LogDerivedDataCache: Unable to find inner node Pak for hierarchical cache Hierarchy.
[2017.11.09-03.03.00:315][  0]LogDerivedDataCache: FDerivedDataBackendGraph:  CompressedPak pak cache file ../../../../../../Users/Max/Desktop/Unreal/TwoDeeTopDown/DerivedDataCache/Compressed.ddp not found, will not use a pak cache.
[2017.11.09-03.03.00:315][  0]LogDerivedDataCache: Unable to find inner node CompressedPak for hierarchical cache Hierarchy.
[2017.11.09-03.03.00:581][  0]LogDerivedDataCache:Display: Pak cache opened for reading ../../../Engine/DerivedDataCache/Compressed.ddp.
[2017.11.09-03.03.00:595][  0]LogDerivedDataCache: Using Local data cache path C:/Users/Max/AppData/Local/UnrealEngine/Common/DerivedDataCache: Writable
[2017.11.09-03.03.01:431][  0]LogInit: Selected Device Profile: [Windows]
[2017.11.09-03.03.01:649][  0]ImportText (ComponentSweepMultiTests): Missing closing parenthesis: (RootShapeAsset="/Engine/BasicShapes/Cube.Cube",ShapeType="TriggerCapsule",HitResult=(Time=0.50,Location=(X=-100.000015,Y=0.0,Z=100.000015),ImpactPoint=(X=-50.0,Y=0.0,Z=50.0),Normal=(X=-1.0,Y=-0.0,Z=0.0),ImpactNormal=(X=0.0,Y=0.0,Z=1.0),TraceStart=(X=-200.0,Y=0.0,Z=200.0),TraceEnd=(X=0.0,Y=0.0,Z=0.0))
[2017.11.09-03.03.01:650][  0]ImportText (LineTraceSingleByChannelTests): Missing closing parenthesis: (RootShapeAsset="/Engine/BasicShapes/Cube.Cube",HitResult=(Time=0.50,Location=(X=-100.000015,Y=0.0,Z=100.000015),ImpactPoint=(X=-50.0,Y=0.0,Z=50.0),Normal=(X=-1.0,Y=-0.0,Z=0.0),ImpactNormal=(X=0.0,Y=0.0,Z=1.0),TraceStart=(X=-200.0,Y=0.0,Z=200.0),TraceEnd=(X=0.0,Y=0.0,Z=0.0))
[2017.11.09-03.03.01:722][  0]LogMeshUtilities: No automatic mesh reduction module available
[2017.11.09-03.03.01:722][  0]LogMeshUtilities: No automatic mesh merging module available
[2017.11.09-03.03.02:774][  0]LogInit: WinSock: version 1.1 (2.2), MaxSocks=32767, MaxUdp=65467
[2017.11.09-03.03.06:446][  0]UdpMessaging: Initializing bridge on interface 0.0.0.0:0 to multicast group 230.0.0.1:6666.
[2017.11.09-03.03.07:311][  0]SourceControl: Info Source control is disabled
[2017.11.09-03.03.07:312][  0]SourceControl: Info Source control is disabled
[2017.11.09-03.03.07:332][  0]SourceControl: Info Source control is disabled
[2017.11.09-03.03.07:352][  0]SourceControl: Info Source control is disabled
[2017.11.09-03.03.07:833][  0]LogObj: 26273 objects as part of root set at end of initial load.
[2017.11.09-03.03.07:833][  0]LogUObjectAllocator: 5409256 out of 0 bytes used by permanent object pool.
[2017.11.09-03.03.08:114][  0]LogEngine: Initializing Engine...
[2017.11.09-03.03.08:124][  0]LogHMD: Can't find Oculus library dev build: is proper Runtime installed? Version: 0.6.0.0
[2017.11.09-03.03.08:167][  0]LogHMD:Warning: SteamVR failed to initialize.  Error: 110
[2017.11.09-03.03.08:615][  0]LogAIModule: Creating AISystem for world NewWorld
[2017.11.09-03.03.08:639][  0]LogInit: XAudio2 using 'Headset Earphone (HyperX 7.1 Audio)' : 2 channels at 48 kHz using 16 bits per sample (channel mask 0x3)
[2017.11.09-03.03.08:667][  0]LogInit: FAudioDevice initialized.
[2017.11.09-03.03.08:699][  0]LogDerivedDataCache: Saved boot cache 0.03s 53MB C:/Users/Max/AppData/Local/UnrealEngine/4.8/DerivedDataCache/Boot.ddc.
[2017.11.09-03.03.08:711][  0]LogInit: Texture streaming: Disabled
[2017.11.09-03.03.08:750][  0]LogAnalytics: Creating configured Analytics provider AnalyticsET
[2017.11.09-03.03.08:750][  0]LogAnalytics: [UEEditor.Rocket.Release] APIServer = http://et2.epicgames.com/ET2/. AppVersion = 4.8.3-2634408+++depot+UE4-Releases+4.8
[2017.11.09-03.03.08:750][  0]LogAnalytics: [UEEditor.Rocket.Release] SetUserId 144d638e4bcfc5d4334e3ea112ef68da|8186b5bca3f9435db9ce45a259e2d8af|fa80414f-c35f-4b26-9592-bd1f0564225a
[2017.11.09-03.03.08:751][  0]LogAnalytics: [UEEditor.Rocket.Release] AnalyticsET::StartSession
[2017.11.09-03.03.08:802][  0]LogInit: Transaction tracking system initialized
[2017.11.09-03.03.09:083][  0]BlueprintLog: New page: Editor Load
[2017.11.09-03.03.09:138][  0]LogAssetRegistry: FAssetRegistry took 0.0123 seconds to start up
[2017.11.09-03.03.09:140][  0]LogDirectoryWatcher:Warning: Failed to begin reading directory changes for ../../../Engine/Plugins/Experimental/CharacterAI/Content/. Error: 0
[2017.11.09-03.03.10:427][  0]LogConsoleManager:Warning: Console variable 'r.VSync' wasn't set ('GameSetting' has a lower priority than 'SystemSettingsIni')
[2017.11.09-03.03.10:428][  0]LogConsoleResponse:Display: 
[2017.11.09-03.03.10:819][  0]LogCook:Display: Done creating registry. It took  0.00s.
[2017.11.09-03.03.11:182][  0]SourceControl: Info Source control is disabled
[2017.11.09-03.03.11:184][  0]Cmd: MAP LOAD FILE="../../../../../../Users/Max/Desktop/Unreal/TwoDeeTopDown/Content/TwinStickBP/Maps/TwinStickExampleMap.umap" TEMPLATE=0 SHOWPROGRESS=1 FEATURELEVEL=3
[2017.11.09-03.03.11:217][  0]LightingResults: New page: Lighting Build
[2017.11.09-03.03.11:246][  0]MapCheck: New page: Map Check
[2017.11.09-03.03.11:246][  0]LightingResults: New page: Lighting Build
[2017.11.09-03.03.11:264][  0]LogParticles: Destroying 0 GPU particle simulations for FXSystem 0x0000012F602AD300
[2017.11.09-03.03.13:108][  0]LogAIModule: Creating AISystem for world TwinStickExampleMap
[2017.11.09-03.03.13:142][  0]LogEditorServer: Finished looking for orphan Actors (0.000 secs)
[2017.11.09-03.03.13:144][  0]Cmd: MAP CHECKDEP NOCLEARLOG
[2017.11.09-03.03.13:217][  0]MapCheck: Info Map check complete: 0 Error(s), 0 Warning(s), took 72.354ms to complete.
[2017.11.09-03.03.13:217][  0]LogFileHelpers: Loading map 'TwinStickExampleMap' took 2.034
[2017.11.09-03.03.13:457][  0]LogCollectionManager: Loaded 0 collections in 0.004531 seconds
[2017.11.09-03.03.13:470][  0]LogContentBrowser: Native class hierarchy populated in 0.0121 seconds. Added 1792 classes and 301 folders.
[2017.11.09-03.03.13:561][  0]LogContentBrowser: Native class hierarchy updated for 'WidgetCarousel' in 0.0005 seconds. Added 0 classes and 0 folders.
[2017.11.09-03.03.13:799][  0]LogContentBrowser: Native class hierarchy updated for 'AddContentDialog' in 0.0007 seconds. Added 0 classes and 0 folders.
[2017.11.09-03.03.13:831][  0]LogContentBrowser: Native class hierarchy updated for 'SceneOutliner' in 0.0007 seconds. Added 1 classes and 2 folders.
[2017.11.09-03.03.13:923][  0]LogCrashTracker: Crashtracker disabled due to settings.
[2017.11.09-03.03.13:930][  0]LogD3D11RHI: InitD3DDevice
[2017.11.09-03.03.13:949][  0]LogUObjectGlobals:Warning: Failed to find object 'Class None.'
[2017.11.09-03.03.13:975][  0]LogLoad: Full Startup: 22.98 seconds (BP compile: 0.69 seconds)
[2017.11.09-03.03.14:176][  0]LogContentStreaming: Texture pool size is 0.000000MB
[2017.11.09-03.03.14:252][  0]LogContentStreaming: Texture pool size now 1000 MB
[2017.11.09-03.03.14:580][  0]LogRenderer: Reallocating scene render targets to support 1208x656 (Frame:2).
[2017.11.09-03.03.15:049][  6]LogD3D11RHI: InitD3DDevice
[2017.11.09-03.03.15:217][ 15]LogD3D11RHI: InitD3DDevice
[2017.11.09-03.03.20:089][206]LogAssetRegistry: Asset discovery search completed in 10.9617 seconds
[2017.11.09-03.03.24:807][338]LogD3D11RHI: InitD3DDevice
[2017.11.09-03.03.24:855][338]LogD3D11RHI: InitD3DDevice
[2017.11.09-03.03.24:892][338]LogLinker:Warning: Asset '../../../Engine/Content/ArtTools/RenderToTexture/Macros/RenderToTextureMacros.uasset' has been saved with empty engine version. The asset will be loaded but may be incompatible.
[2017.11.09-03.03.25:021][338]LogLinker:Warning: Asset '../../../Engine/Content/ArtTools/RenderToTexture/Enums/RenderToTexture_Enum.uasset' has been saved with empty engine version. The asset will be loaded but may be incompatible.
[2017.11.09-03.03.35:391][781]LogPlayLevel: PIE:  No blueprints needed recompiling
[2017.11.09-03.03.35:427][781]PIE: New page: PIE session: TwinStickExampleMap (Nov 8, 2017, 5:03:35 PM)
[2017.11.09-03.03.35:427][781]LogPlayLevel: Creating play world package: /Game/TwinStickBP/Maps/UEDPIE_0_TwinStickExampleMap
[2017.11.09-03.03.35:437][781]LogPlayLevel: PIE: StaticDuplicateObject took: (0.010118s)
[2017.11.09-03.03.35:439][781]LogAIModule: Creating AISystem for world TwinStickExampleMap
[2017.11.09-03.03.35:440][781]LogPlayLevel: PIE: World Init took: (0.002045s)
[2017.11.09-03.03.35:440][781]LogPlayLevel: PIE: Created PIE world by copying editor world from /Game/TwinStickBP/Maps/TwinStickExampleMap.TwinStickExampleMap to /Game/TwinStickBP/Maps/UEDPIE_0_TwinStickExampleMap.TwinStickExampleMap (0.012819s)
[2017.11.09-03.03.35:440][781]LogActorComponent: UnregisterComponent: (/Engine/Transient.CharMoveComp) Not registered. Aborting.
[2017.11.09-03.03.35:612][781]LogInit: XAudio2 using 'Headset Earphone (HyperX 7.1 Audio)' : 2 channels at 48 kHz using 16 bits per sample (channel mask 0x3)
[2017.11.09-03.03.35:622][781]LogInit: FAudioDevice initialized.
[2017.11.09-03.03.35:697][781]LogWorld: Game class is 'TwinStickGameMode_C'
[2017.11.09-03.03.35:712][781]LogWorld:Warning: *** WARNING - PATHS MAY NOT BE VALID ***
[2017.11.09-03.03.35:712][781]LogWorld: Bringing World /Game/TwinStickBP/Maps/UEDPIE_0_TwinStickExampleMap.TwinStickExampleMap up for play (max tick rate 0) at 2017.11.08-22.03.35
[2017.11.09-03.03.35:712][781]LogActor:Warning: GameSession /Game/TwinStickBP/Maps/UEDPIE_0_TwinStickExampleMap.TwinStickExampleMap:PersistentLevel.GameSession_0 has natively added scene component(s), but none of them were set as the actor's RootComponent - picking one arbitrarily
[2017.11.09-03.03.35:713][781]LogActor:Warning: GameNetworkManager /Game/TwinStickBP/Maps/UEDPIE_0_TwinStickExampleMap.TwinStickExampleMap:PersistentLevel.GameNetworkManager_0 has natively added scene component(s), but none of them were set as the actor's RootComponent - picking one arbitrarily
[2017.11.09-03.03.35:718][781]LogWorld: Bringing up level for play took: 0.014614
[2017.11.09-03.03.35:722][781]PIE: Info Play in editor start time for /Game/TwinStickBP/Maps/UEDPIE_0_TwinStickExampleMap -0.132
[2017.11.09-03.03.47:772][574]LogParticles: Destroying 0 GPU particle simulations for FXSystem 0x0000012F0BD60220
[2017.11.09-03.04.53:616][106]LogD3D11RHI: InitD3DDevice
[2017.11.09-03.05.05:965][908]LogD3D11RHI: InitD3DDevice
[2017.11.09-03.05.21:193][797]LogD3D11RHI: InitD3DDevice
[2017.11.09-03.05.25:142][ 24]LogD3D11RHI: InitD3DDevice
[2017.11.09-03.05.28:478][207]LogEditorViewport: Clicking on Actor (LMB): StaticMeshActor (Floor)
[2017.11.09-03.05.34:111][521]LogEditorViewport: Clicking on Actor (LMB): BP_Enemy_C (BP_Enemy)
[2017.11.09-03.05.35:525][596]Cmd: DELETE
[2017.11.09-03.05.35:525][596]Cmd: ACTOR DELETE
[2017.11.09-03.05.35:527][596]LogEditorActor: Deleted Actor: BP_Enemy_C
[2017.11.09-03.05.35:538][596]LogActorComponent: UnregisterComponent: (/Engine/Transient.CharMoveComp) Not registered. Aborting.
[2017.11.09-03.05.35:538][596]LogActorComponent: UnregisterComponent: (/Engine/Transient.ProjectileMovementComponent_8) Not registered. Aborting.
[2017.11.09-03.05.35:539][596]LogActorComponent: UnregisterComponent: (/Engine/Transient.CharacterMovementComponent_0) Not registered. Aborting.
[2017.11.09-03.05.35:539][596]LogActorComponent: UnregisterComponent: (/Engine/Transient.PawnSensingAAF9AC7F694184D6E2983C8441C4E968) Not registered. Aborting.
[2017.11.09-03.05.35:539][596]LogActorComponent: UnregisterComponent: (/Engine/Transient.CharacterMovementComponent_1) Not registered. Aborting.
[2017.11.09-03.05.35:539][596]LogActorComponent: UnregisterComponent: (/Engine/Transient.PawnSensingB2F0E4C4194BE0624EF90CAE64E37BD1) Not registered. Aborting.
[2017.11.09-03.05.35:539][596]LogActorComponent: UnregisterComponent: (/Engine/Transient.CharacterMovementComponent_2) Not registered. Aborting.
[2017.11.09-03.05.35:539][596]LogActorComponent: UnregisterComponent: (/Engine/Transient.CharacterMovementComponent_3) Not registered. Aborting.
[2017.11.09-03.05.35:642][596]LogEditorActor: Deleted 1 Actors (0.116 secs)
[2017.11.09-03.05.42:005][ 12]LogD3D11RHI: InitD3DDevice
[2017.11.09-03.05.47:730][363]LogPlayLevel: PIE:  No blueprints needed recompiling
[2017.11.09-03.05.47:731][363]PIE: New page: PIE session: TwinStickExampleMap (Nov 8, 2017, 5:05:47 PM)
[2017.11.09-03.05.47:731][363]LogPlayLevel: Creating play world package: /Game/TwinStickBP/Maps/UEDPIE_0_TwinStickExampleMap
[2017.11.09-03.05.47:740][363]LogPlayLevel: PIE: StaticDuplicateObject took: (0.008602s)
[2017.11.09-03.05.47:740][363]LogAIModule: Creating AISystem for world TwinStickExampleMap
[2017.11.09-03.05.47:741][363]LogPlayLevel: PIE: World Init took: (0.001461s)
[2017.11.09-03.05.47:741][363]LogPlayLevel: PIE: Created PIE world by copying editor world from /Game/TwinStickBP/Maps/TwinStickExampleMap.TwinStickExampleMap to /Game/TwinStickBP/Maps/UEDPIE_0_TwinStickExampleMap.TwinStickExampleMap (0.010298s)
[2017.11.09-03.05.47:741][363]LogActorComponent: UnregisterComponent: (/Engine/Transient.CharMoveComp) Not registered. Aborting.
[2017.11.09-03.05.47:741][363]LogActorComponent: UnregisterComponent: (/Engine/Transient.ProjectileMovementComponent_8) Not registered. Aborting.
[2017.11.09-03.05.47:742][363]LogActorComponent: UnregisterComponent: (/Engine/Transient.CharacterMovementComponent_4) Not registered. Aborting.
[2017.11.09-03.05.47:742][363]LogActorComponent: UnregisterComponent: (/Engine/Transient.PawnSensingAAF9AC7F694184D6E2983C8441C4E968) Not registered. Aborting.
[2017.11.09-03.05.47:742][363]LogActorComponent: UnregisterComponent: (/Engine/Transient.CharacterMovementComponent_5) Not registered. Aborting.
[2017.11.09-03.05.47:742][363]LogActorComponent: UnregisterComponent: (/Engine/Transient.PawnSensingB2F0E4C4194BE0624EF90CAE64E37BD1) Not registered. Aborting.
[2017.11.09-03.05.47:742][363]LogActorComponent: UnregisterComponent: (/Engine/Transient.CharacterMovementComponent_6) Not registered. Aborting.
[2017.11.09-03.05.47:742][363]LogActorComponent: UnregisterComponent: (/Engine/Transient.CharacterMovementComponent_7) Not registered. Aborting.
[2017.11.09-03.05.47:794][363]LogInit: XAudio2 using 'Headset Earphone (HyperX 7.1 Audio)' : 2 channels at 48 kHz using 16 bits per sample (channel mask 0x3)
[2017.11.09-03.05.47:803][363]LogInit: FAudioDevice initialized.
[2017.11.09-03.05.47:841][363]LogWorld: Game class is 'TwinStickGameMode_C'
[2017.11.09-03.05.47:852][363]LogWorld:Warning: *** WARNING - PATHS MAY NOT BE VALID ***
[2017.11.09-03.05.47:852][363]LogWorld: Bringing World /Game/TwinStickBP/Maps/UEDPIE_0_TwinStickExampleMap.TwinStickExampleMap up for play (max tick rate 0) at 2017.11.08-22.05.47
[2017.11.09-03.05.47:852][363]LogActor:Warning: GameSession /Game/TwinStickBP/Maps/UEDPIE_0_TwinStickExampleMap.TwinStickExampleMap:PersistentLevel.GameSession_1 has natively added scene component(s), but none of them were set as the actor's RootComponent - picking one arbitrarily
[2017.11.09-03.05.47:853][363]LogActor:Warning: GameNetworkManager /Game/TwinStickBP/Maps/UEDPIE_0_TwinStickExampleMap.TwinStickExampleMap:PersistentLevel.GameNetworkManager_1 has natively added scene component(s), but none of them were set as the actor's RootComponent - picking one arbitrarily
[2017.11.09-03.05.47:854][363]LogWorld: Bringing up level for play took: 0.010989
[2017.11.09-03.05.47:856][363]PIE: Info Play in editor start time for /Game/TwinStickBP/Maps/UEDPIE_0_TwinStickExampleMap 0.002
[2017.11.09-03.05.58:963][ 73]LogParticles: Destroying 0 GPU particle simulations for FXSystem 0x0000012F2492A520
[2017.11.09-03.06.05:930][464]LogEditorViewport: Clicking on Actor (LMB): BP_Spawn_C (BP_Spawn)
[2017.11.09-03.06.07:666][552]LogD3D11RHI: InitD3DDevice
[2017.11.09-03.06.08:262][582]LogD3D11RHI: InitD3DDevice
[2017.11.09-03.06.10:625][704]LogD3D11RHI: InitD3DDevice
[2017.11.09-03.06.12:829][812]LogD3D11RHI: InitD3DDevice
[2017.11.09-03.06.16:689][ 46]LogD3D11RHI: InitD3DDevice
[2017.11.09-03.06.34:952][296]LogD3D11RHI: InitD3DDevice
[2017.11.09-03.06.37:204][436]LogD3D11RHI: InitD3DDevice
[2017.11.09-03.06.39:402][581]LogD3D11RHI: InitD3DDevice
[2017.11.09-03.06.40:095][616]LogD3D11RHI: InitD3DDevice
[2017.11.09-03.07.06:542][222]LogD3D11RHI: InitD3DDevice
[2017.11.09-03.07.12:424][593]LogD3D11RHI: InitD3DDevice
[2017.11.09-03.07.27:696][545]BlueprintLog: New page: Compile TwinStickExampleMap
[2017.11.09-03.07.27:777][545]LogActorComponent: UnregisterComponent: (/Engine/Transient.CharMoveComp) Not registered. Aborting.
[2017.11.09-03.07.27:777][545]LogActorComponent: UnregisterComponent: (/Engine/Transient.ProjectileMovementComponent_8) Not registered. Aborting.
[2017.11.09-03.07.27:778][545]LogActorComponent: UnregisterComponent: (/Engine/Transient.CharacterMovementComponent_8) Not registered. Aborting.
[2017.11.09-03.07.27:778][545]LogActorComponent: UnregisterComponent: (/Engine/Transient.PawnSensingAAF9AC7F694184D6E2983C8441C4E968) Not registered. Aborting.
[2017.11.09-03.07.27:778][545]LogActorComponent: UnregisterComponent: (/Engine/Transient.CharacterMovementComponent_9) Not registered. Aborting.
[2017.11.09-03.07.27:778][545]LogActorComponent: UnregisterComponent: (/Engine/Transient.PawnSensingB2F0E4C4194BE0624EF90CAE64E37BD1) Not registered. Aborting.
[2017.11.09-03.07.27:778][545]LogActorComponent: UnregisterComponent: (/Engine/Transient.CharacterMovementComponent_10) Not registered. Aborting.
[2017.11.09-03.07.27:778][545]LogActorComponent: UnregisterComponent: (/Engine/Transient.CharacterMovementComponent_11) Not registered. Aborting.
[2017.11.09-03.07.27:845][545]BlueprintEditorCompileResults: Info [0276.85] Compile of TwinStickExampleMap successful! [in 148 ms]
[2017.11.09-03.07.37:663][109]LogD3D11RHI: InitD3DDevice
[2017.11.09-03.07.38:459][152]LogD3D11RHI: InitD3DDevice
[2017.11.09-03.07.58:339][227]LogD3D11RHI: InitD3DDevice
[2017.11.09-03.08.07:741][727]LogD3D11RHI: InitD3DDevice
[2017.11.09-03.08.08:434][761]LogD3D11RHI: InitD3DDevice
[2017.11.09-03.08.10:732][893]LogD3D11RHI: InitD3DDevice
[2017.11.09-03.08.11:227][918]LogD3D11RHI: InitD3DDevice
[2017.11.09-03.08.21:669][498]LogD3D11RHI: InitD3DDevice
[2017.11.09-03.08.22:259][529]LogD3D11RHI: InitD3DDevice
[2017.11.09-03.08.33:217][169]BlueprintLog: New page: Compile BP_Enemy
[2017.11.09-03.08.33:355][169]LogActorComponent: UnregisterComponent: (/Engine/Transient.CharMoveComp) Not registered. Aborting.
[2017.11.09-03.08.33:355][169]LogActorComponent: UnregisterComponent: (/Engine/Transient.PawnSensingAAF9AC7F694184D6E2983C8441C4E968) Not registered. Aborting.
[2017.11.09-03.08.33:419][169]BlueprintEditorCompileResults: Info [0342.43] Compile of BP_Enemy successful! [in 201 ms]
[2017.11.09-03.08.34:794][239]LogD3D11RHI: InitD3DDevice
[2017.11.09-03.08.46:562][955]LogD3D11RHI: InitD3DDevice
[2017.11.09-03.08.46:945][955]LogActor:Warning: GameNetworkManager /Engine/Transient.World_8:PersistentLevel.GameNetworkManager_2 has natively added scene component(s), but none of them were set as the actor's RootComponent - picking one arbitrarily
[2017.11.09-03.08.49:128][ 95]LogD3D11RHI: InitD3DDevice
[2017.11.09-03.08.49:504][ 95]LogActor:Warning: GameNetworkManager /Engine/Transient.World_9:PersistentLevel.GameNetworkManager_3 has natively added scene component(s), but none of them were set as the actor's RootComponent - picking one arbitrarily
[2017.11.09-03.09.44:221][455]LogD3D11RHI: InitD3DDevice
[2017.11.09-03.09.45:215][514]LogD3D11RHI: InitD3DDevice
[2017.11.09-03.09.48:122][607]LogD3D11RHI: InitD3DDevice
[2017.11.09-03.10.03:032][540]LogD3D11RHI: InitD3DDevice
[2017.11.09-03.10.11:661][ 67]LogD3D11RHI: InitD3DDevice
[2017.11.09-03.10.34:928][564]LogD3D11RHI: InitD3DDevice
[2017.11.09-03.10.35:803][620]LogD3D11RHI: InitD3DDevice
[2017.11.09-03.10.54:465][726]LogD3D11RHI: InitD3DDevice
[2017.11.09-03.10.59:574][ 37]LogD3D11RHI: InitD3DDevice
[2017.11.09-03.11.18:096][204]LogD3D11RHI: InitD3DDevice
[2017.11.09-03.11.25:997][672]LogD3D11RHI: InitD3DDevice
[2017.11.09-03.11.44:795][835]LogD3D11RHI: InitD3DDevice
[2017.11.09-03.11.45:476][877]LogD3D11RHI: InitD3DDevice
[2017.11.09-03.11.49:826][144]LogD3D11RHI: InitD3DDevice
[2017.11.09-03.11.54:323][422]LogD3D11RHI: InitD3DDevice
[2017.11.09-03.11.57:192][605]BlueprintLog: New page: Compile TwinStickGameMode
[2017.11.09-03.11.57:239][605]LogActorComponent: UnregisterComponent: (/Engine/Transient.CharMoveComp) Not registered. Aborting.
[2017.11.09-03.11.57:239][605]LogActorComponent: UnregisterComponent: (/Engine/Transient.PawnSensingAAF9AC7F694184D6E2983C8441C4E968) Not registered. Aborting.
[2017.11.09-03.11.57:239][605]LogActorComponent: UnregisterComponent: (/Engine/Transient.CharacterMovementComponent_12) Not registered. Aborting.
[2017.11.09-03.11.57:239][605]LogActorComponent: UnregisterComponent: (/Engine/Transient.ProjectileMovementComponent_8) Not registered. Aborting.
[2017.11.09-03.11.57:240][605]LogActorComponent: UnregisterComponent: (/Engine/Transient.CharacterMovementComponent_13) Not registered. Aborting.
[2017.11.09-03.11.57:240][605]LogActorComponent: UnregisterComponent: (/Engine/Transient.PawnSensingB2F0E4C4194BE0624EF90CAE64E37BD1) Not registered. Aborting.
[2017.11.09-03.11.57:240][605]LogActorComponent: UnregisterComponent: (/Engine/Transient.CharacterMovementComponent_14) Not registered. Aborting.
[2017.11.09-03.11.57:240][605]LogActorComponent: UnregisterComponent: (/Engine/Transient.CharacterMovementComponent_15) Not registered. Aborting.
[2017.11.09-03.11.57:264][605]LogParticles: Destroying 0 GPU particle simulations for FXSystem 0x0000012F3524AB60
[2017.11.09-03.11.57:466][605]BlueprintEditorCompileResults: Info [0546.48] Compile of TwinStickGameMode successful! [in 273 ms]
[2017.11.09-03.12.24:740][382]LogD3D11RHI: InitD3DDevice
[2017.11.09-03.12.26:860][529]LogD3D11RHI: InitD3DDevice
[2017.11.09-03.12.34:657][  5]LogD3D11RHI: InitD3DDevice
[2017.11.09-03.12.35:150][ 33]LogD3D11RHI: InitD3DDevice
[2017.11.09-03.12.43:779][536]LogD3D11RHI: InitD3DDevice
[2017.11.09-03.12.44:323][567]LogD3D11RHI: InitD3DDevice
[2017.11.09-03.12.51:261][999]LogD3D11RHI: InitD3DDevice
[2017.11.09-03.12.58:288][474]LogD3D11RHI: InitD3DDevice
[2017.11.09-03.13.01:057][650]LogD3D11RHI: InitD3DDevice
[2017.11.09-03.13.06:547][ 17]LogD3D11RHI: InitD3DDevice
[2017.11.09-03.13.06:619][ 17]LogSavePackage: Save=19.764099ms
[2017.11.09-03.13.06:619][ 17]LogSavePackage: Moving '../../../../../../Users/Max/Desktop/Unreal/TwoDeeTopDown/Saved/TwinStickGameModeB7BE6308400E79897AC14F8BCDC4A503.tmp' to '../../../../../../Users/Max/Desktop/Unreal/TwoDeeTopDown/Content/TwinStickBP/Blueprints/TwinStickGameMode.uasset'
[2017.11.09-03.13.14:494][504]LogD3D11RHI: InitD3DDevice
[2017.11.09-03.13.15:216][542]LogD3D11RHI: InitD3DDevice
[2017.11.09-03.13.26:223][135]LogD3D11RHI: InitD3DDevice
[2017.11.09-03.13.32:319][465]LogD3D11RHI: InitD3DDevice
[2017.11.09-03.13.47:101][342]LogD3D11RHI: InitD3DDevice
[2017.11.09-03.13.48:304][408]LogD3D11RHI: InitD3DDevice
[2017.11.09-03.14.19:141][141]LogD3D11RHI: InitD3DDevice
[2017.11.09-03.14.21:882][305]LogD3D11RHI: InitD3DDevice
[2017.11.09-03.14.29:748][738]LogD3D11RHI: InitD3DDevice
[2017.11.09-03.14.30:433][774]LogD3D11RHI: InitD3DDevice
[2017.11.09-03.14.39:002][257]LogD3D11RHI: InitD3DDevice
[2017.11.09-03.14.39:738][292]LogD3D11RHI: InitD3DDevice
[2017.11.09-03.14.48:019][724]LogD3D11RHI: InitD3DDevice
[2017.11.09-03.14.51:039][878]LogD3D11RHI: InitD3DDevice
[2017.11.09-03.14.54:224][ 29]LogD3D11RHI: InitD3DDevice
[2017.11.09-03.14.56:004][126]BlueprintLog: New page: Compile BP_Enemy
[2017.11.09-03.14.56:140][126]LogActorComponent: UnregisterComponent: (/Engine/Transient.CharMoveComp) Not registered. Aborting.
[2017.11.09-03.14.56:140][126]LogActorComponent: UnregisterComponent: (/Engine/Transient.PawnSensingAAF9AC7F694184D6E2983C8441C4E968) Not registered. Aborting.
[2017.11.09-03.14.56:205][126]BlueprintEditorCompileResults: Info [0725.21] Compile of BP_Enemy successful! [in 200 ms]
[2017.11.09-03.15.00:532][354]BlueprintLog: New page: Pre-PIE auto-recompile
[2017.11.09-03.15.00:546][354]LogPlayLevel: [PIE] Compiling TwinStickExampleMap before PIE...
[2017.11.09-03.15.00:627][354]LogActorComponent: UnregisterComponent: (/Engine/Transient.CharMoveComp) Not registered. Aborting.
[2017.11.09-03.15.00:627][354]LogActorComponent: UnregisterComponent: (/Engine/Transient.PawnSensingAAF9AC7F694184D6E2983C8441C4E968) Not registered. Aborting.
[2017.11.09-03.15.00:671][354]LogPlayLevel: PIE:  Blueprint regeneration took 139 ms (1 blueprints)
[2017.11.09-03.15.00:671][354]PIE: New page: PIE session: TwinStickExampleMap (Nov 8, 2017, 5:15:00 PM)
[2017.11.09-03.15.00:672][354]LogPlayLevel: Creating play world package: /Game/TwinStickBP/Maps/UEDPIE_0_TwinStickExampleMap
[2017.11.09-03.15.00:683][354]LogPlayLevel: PIE: StaticDuplicateObject took: (0.011162s)
[2017.11.09-03.15.00:684][354]LogAIModule: Creating AISystem for world TwinStickExampleMap
[2017.11.09-03.15.00:685][354]LogPlayLevel: PIE: World Init took: (0.001566s)
[2017.11.09-03.15.00:685][354]LogPlayLevel: PIE: Created PIE world by copying editor world from /Game/TwinStickBP/Maps/TwinStickExampleMap.TwinStickExampleMap to /Game/TwinStickBP/Maps/UEDPIE_0_TwinStickExampleMap.TwinStickExampleMap (0.012988s)
[2017.11.09-03.15.00:734][354]LogInit: XAudio2 using 'Headset Earphone (HyperX 7.1 Audio)' : 2 channels at 48 kHz using 16 bits per sample (channel mask 0x3)
[2017.11.09-03.15.00:743][354]LogInit: FAudioDevice initialized.
[2017.11.09-03.15.00:782][354]LogWorld: Game class is 'TwinStickGameMode_C'
[2017.11.09-03.15.00:798][354]LogWorld:Warning: *** WARNING - PATHS MAY NOT BE VALID ***
[2017.11.09-03.15.00:798][354]LogWorld: Bringing World /Game/TwinStickBP/Maps/UEDPIE_0_TwinStickExampleMap.TwinStickExampleMap up for play (max tick rate 0) at 2017.11.08-22.15.00
[2017.11.09-03.15.00:798][354]LogActor:Warning: GameSession /Game/TwinStickBP/Maps/UEDPIE_0_TwinStickExampleMap.TwinStickExampleMap:PersistentLevel.GameSession_2 has natively added scene component(s), but none of them were set as the actor's RootComponent - picking one arbitrarily
[2017.11.09-03.15.00:799][354]LogActor:Warning: GameNetworkManager /Game/TwinStickBP/Maps/UEDPIE_0_TwinStickExampleMap.TwinStickExampleMap:PersistentLevel.GameNetworkManager_4 has natively added scene component(s), but none of them were set as the actor's RootComponent - picking one arbitrarily
[2017.11.09-03.15.00:801][354]LogWorld: Bringing up level for play took: 0.016725
[2017.11.09-03.15.00:804][354]PIE: Info Play in editor start time for /Game/TwinStickBP/Maps/UEDPIE_0_TwinStickExampleMap 0.95
[2017.11.09-03.15.05:489][664]LogScript:Warning: Accessed None 'CallFunc_CreateMoveToProxyObject_ReturnValue2'
	BP_Enemy_C /Game/TwinStickBP/Maps/UEDPIE_0_TwinStickExampleMap.TwinStickExampleMap:PersistentLevel.BP_Enemy_C_4
	Function /Game/TwinStickBP/Blueprints/BP_Enemy.BP_Enemy_C:ExecuteUbergraph_BP_Enemy:0163
[2017.11.09-03.15.05:489][664]PIE:Error: Error Accessed None 'CallFunc_CreateMoveToProxyObject_ReturnValue2' from node AI MoveTo in graph 'EventGraph' in blueprint BP_Enemy
[2017.11.09-03.15.05:489][664]LogScript:Warning: Accessed None 'CallFunc_CreateMoveToProxyObject_ReturnValue2'
	BP_Enemy_C /Game/TwinStickBP/Maps/UEDPIE_0_TwinStickExampleMap.TwinStickExampleMap:PersistentLevel.BP_Enemy_C_4
	Function /Game/TwinStickBP/Blueprints/BP_Enemy.BP_Enemy_C:ExecuteUbergraph_BP_Enemy:01A6
[2017.11.09-03.15.05:489][664]PIE:Error: Error Accessed None 'CallFunc_CreateMoveToProxyObject_ReturnValue2' from node AI MoveTo in graph 'EventGraph' in blueprint BP_Enemy
[2017.11.09-03.15.12:865][143]LogParticles: Destroying 0 GPU particle simulations for FXSystem 0x0000012F338CD8A0
[2017.11.09-03.15.12:865][143]LogD3D11RHI: InitD3DDevice
[2017.11.09-03.16.45:393][135]LogD3D11RHI: InitD3DDevice
[2017.11.09-03.17.08:138][472]LogD3D11RHI: InitD3DDevice
[2017.11.09-03.17.14:084][801]BlueprintLog: New page: Pre-PIE auto-recompile
[2017.11.09-03.17.14:099][801]LogPlayLevel: [PIE] Compiling TwinStickExampleMap before PIE...
[2017.11.09-03.17.14:220][801]LogPlayLevel: PIE:  Blueprint regeneration took 136 ms (1 blueprints)
[2017.11.09-03.17.14:220][801]PIE: New page: PIE session: TwinStickExampleMap (Nov 8, 2017, 5:17:14 PM)
[2017.11.09-03.17.14:221][801]LogPlayLevel: Creating play world package: /Game/TwinStickBP/Maps/UEDPIE_0_TwinStickExampleMap
[2017.11.09-03.17.14:232][801]LogPlayLevel: PIE: StaticDuplicateObject took: (0.010764s)
[2017.11.09-03.17.14:232][801]LogAIModule: Creating AISystem for world TwinStickExampleMap
[2017.11.09-03.17.14:234][801]LogPlayLevel: PIE: World Init took: (0.001824s)
[2017.11.09-03.17.14:234][801]LogPlayLevel: PIE: Created PIE world by copying editor world from /Game/TwinStickBP/Maps/TwinStickExampleMap.TwinStickExampleMap to /Game/TwinStickBP/Maps/UEDPIE_0_TwinStickExampleMap.TwinStickExampleMap (0.012928s)
[2017.11.09-03.17.14:284][801]LogInit: XAudio2 using 'Headset Earphone (HyperX 7.1 Audio)' : 2 channels at 48 kHz using 16 bits per sample (channel mask 0x3)
[2017.11.09-03.17.14:292][801]LogInit: FAudioDevice initialized.
[2017.11.09-03.17.14:333][801]LogWorld: Game class is 'TwinStickGameMode_C'
[2017.11.09-03.17.14:348][801]LogWorld:Warning: *** WARNING - PATHS MAY NOT BE VALID ***
[2017.11.09-03.17.14:348][801]LogWorld: Bringing World /Game/TwinStickBP/Maps/UEDPIE_0_TwinStickExampleMap.TwinStickExampleMap up for play (max tick rate 0) at 2017.11.08-22.17.14
[2017.11.09-03.17.14:348][801]LogActor:Warning: GameSession /Game/TwinStickBP/Maps/UEDPIE_0_TwinStickExampleMap.TwinStickExampleMap:PersistentLevel.GameSession_3 has natively added scene component(s), but none of them were set as the actor's RootComponent - picking one arbitrarily
[2017.11.09-03.17.14:349][801]LogActor:Warning: GameNetworkManager /Game/TwinStickBP/Maps/UEDPIE_0_TwinStickExampleMap.TwinStickExampleMap:PersistentLevel.GameNetworkManager_5 has natively added scene component(s), but none of them were set as the actor's RootComponent - picking one arbitrarily
[2017.11.09-03.17.14:350][801]LogWorld: Bringing up level for play took: 0.014102
[2017.11.09-03.17.14:352][801]PIE: Info Play in editor start time for /Game/TwinStickBP/Maps/UEDPIE_0_TwinStickExampleMap 0.498
[2017.11.09-03.17.19:051][135]LogScript:Warning: Accessed None 'CallFunc_CreateMoveToProxyObject_ReturnValue2'
	BP_Enemy_C /Game/TwinStickBP/Maps/UEDPIE_0_TwinStickExampleMap.TwinStickExampleMap:PersistentLevel.BP_Enemy_C_5
	Function /Game/TwinStickBP/Blueprints/BP_Enemy.BP_Enemy_C:ExecuteUbergraph_BP_Enemy:0163
[2017.11.09-03.17.19:052][135]PIE:Error: Error Accessed None 'CallFunc_CreateMoveToProxyObject_ReturnValue2' from node AI MoveTo in graph 'EventGraph' in blueprint BP_Enemy
[2017.11.09-03.17.19:052][135]LogScript:Warning: Accessed None 'CallFunc_CreateMoveToProxyObject_ReturnValue2'
	BP_Enemy_C /Game/TwinStickBP/Maps/UEDPIE_0_TwinStickExampleMap.TwinStickExampleMap:PersistentLevel.BP_Enemy_C_5
	Function /Game/TwinStickBP/Blueprints/BP_Enemy.BP_Enemy_C:ExecuteUbergraph_BP_Enemy:01A6
[2017.11.09-03.17.19:052][135]PIE:Error: Error Accessed None 'CallFunc_CreateMoveToProxyObject_ReturnValue2' from node AI MoveTo in graph 'EventGraph' in blueprint BP_Enemy
[2017.11.09-03.17.27:200][709]LogParticles: Destroying 0 GPU particle simulations for FXSystem 0x0000012F1B8C79C0
[2017.11.09-03.17.27:200][709]LogD3D11RHI: InitD3DDevice
[2017.11.09-03.17.31:534][942]LogD3D11RHI: InitD3DDevice
[2017.11.09-03.17.42:092][507]LogRenderer: Reallocating scene render targets to support 1208x872 (Frame:36815).
[2017.11.09-03.18.03:917][818]BlueprintLog: New page: Compile BP_Enemy
[2017.11.09-03.18.04:054][818]LogActorComponent: UnregisterComponent: (/Engine/Transient.CharMoveComp) Not registered. Aborting.
[2017.11.09-03.18.04:054][818]LogActorComponent: UnregisterComponent: (/Engine/Transient.ProjectileMovementComponent_8) Not registered. Aborting.
[2017.11.09-03.18.04:054][818]LogActorComponent: UnregisterComponent: (/Engine/Transient.CharacterMovementComponent_16) Not registered. Aborting.
[2017.11.09-03.18.04:054][818]LogActorComponent: UnregisterComponent: (/Engine/Transient.PawnSensingAAF9AC7F694184D6E2983C8441C4E968) Not registered. Aborting.
[2017.11.09-03.18.04:054][818]LogActorComponent: UnregisterComponent: (/Engine/Transient.CharacterMovementComponent_17) Not registered. Aborting.
[2017.11.09-03.18.04:055][818]LogActorComponent: UnregisterComponent: (/Engine/Transient.PawnSensingB2F0E4C4194BE0624EF90CAE64E37BD1) Not registered. Aborting.
[2017.11.09-03.18.04:055][818]LogActorComponent: UnregisterComponent: (/Engine/Transient.CharacterMovementComponent_18) Not registered. Aborting.
[2017.11.09-03.18.04:055][818]LogActorComponent: UnregisterComponent: (/Engine/Transient.CharacterMovementComponent_19) Not registered. Aborting.
[2017.11.09-03.18.04:119][818]BlueprintEditorCompileResults: Info [0913.13] Compile of BP_Enemy successful! [in 202 ms]
[2017.11.09-03.18.55:823][717]LogBlueprint:Warning: Unknown type of hyperlinked object
[2017.11.09-03.18.55:823][717]LogBlueprint:Warning: Unknown type of hyperlinked object
[2017.11.09-03.19.18:304][969]LogD3D11RHI: InitD3DDevice
[2017.11.09-03.19.18:697][985]LogD3D11RHI: InitD3DDevice
[2017.11.09-03.19.22:159][158]LogD3D11RHI: InitD3DDevice
[2017.11.09-03.19.25:082][316]BlueprintLog: New page: Compile BP_Enemy
[2017.11.09-03.19.25:215][316]LogActorComponent: UnregisterComponent: (/Engine/Transient.CharMoveComp) Not registered. Aborting.
[2017.11.09-03.19.25:215][316]LogActorComponent: UnregisterComponent: (/Engine/Transient.PawnSensingAAF9AC7F694184D6E2983C8441C4E968) Not registered. Aborting.
[2017.11.09-03.19.25:280][316]BlueprintEditorCompileResults: Info [0994.29] Compile of BP_Enemy successful! [in 198 ms]
[2017.11.09-03.19.28:272][481]BlueprintLog: New page: Pre-PIE auto-recompile
[2017.11.09-03.19.28:286][481]LogPlayLevel: [PIE] Compiling TwinStickExampleMap before PIE...
[2017.11.09-03.19.28:365][481]LogActorComponent: UnregisterComponent: (/Engine/Transient.CharMoveComp) Not registered. Aborting.
[2017.11.09-03.19.28:365][481]LogActorComponent: UnregisterComponent: (/Engine/Transient.PawnSensingAAF9AC7F694184D6E2983C8441C4E968) Not registered. Aborting.
[2017.11.09-03.19.28:409][481]LogPlayLevel: PIE:  Blueprint regeneration took 137 ms (1 blueprints)
[2017.11.09-03.19.28:410][481]PIE: New page: PIE session: TwinStickExampleMap (Nov 8, 2017, 5:19:28 PM)
[2017.11.09-03.19.28:410][481]LogPlayLevel: Creating play world package: /Game/TwinStickBP/Maps/UEDPIE_0_TwinStickExampleMap
[2017.11.09-03.19.28:422][481]LogPlayLevel: PIE: StaticDuplicateObject took: (0.011520s)
[2017.11.09-03.19.28:423][481]LogAIModule: Creating AISystem for world TwinStickExampleMap
[2017.11.09-03.19.28:424][481]LogPlayLevel: PIE: World Init took: (0.002277s)
[2017.11.09-03.19.28:424][481]LogPlayLevel: PIE: Created PIE world by copying editor world from /Game/TwinStickBP/Maps/TwinStickExampleMap.TwinStickExampleMap to /Game/TwinStickBP/Maps/UEDPIE_0_TwinStickExampleMap.TwinStickExampleMap (0.014045s)
[2017.11.09-03.19.28:474][481]LogInit: XAudio2 using 'Headset Earphone (HyperX 7.1 Audio)' : 2 channels at 48 kHz using 16 bits per sample (channel mask 0x3)
[2017.11.09-03.19.28:483][481]LogInit: FAudioDevice initialized.
[2017.11.09-03.19.28:550][481]LogWorld: Game class is 'TwinStickGameMode_C'
[2017.11.09-03.19.28:567][481]LogWorld:Warning: *** WARNING - PATHS MAY NOT BE VALID ***
[2017.11.09-03.19.28:567][481]LogWorld: Bringing World /Game/TwinStickBP/Maps/UEDPIE_0_TwinStickExampleMap.TwinStickExampleMap up for play (max tick rate 0) at 2017.11.08-22.19.28
[2017.11.09-03.19.28:567][481]LogActor:Warning: GameSession /Game/TwinStickBP/Maps/UEDPIE_0_TwinStickExampleMap.TwinStickExampleMap:PersistentLevel.GameSession_4 has natively added scene component(s), but none of them were set as the actor's RootComponent - picking one arbitrarily
[2017.11.09-03.19.28:568][481]LogActor:Warning: GameNetworkManager /Game/TwinStickBP/Maps/UEDPIE_0_TwinStickExampleMap.TwinStickExampleMap:PersistentLevel.GameNetworkManager_6 has natively added scene component(s), but none of them were set as the actor's RootComponent - picking one arbitrarily
[2017.11.09-03.19.28:570][481]LogWorld: Bringing up level for play took: 0.017220
[2017.11.09-03.19.28:573][481]PIE: Info Play in editor start time for /Game/TwinStickBP/Maps/UEDPIE_0_TwinStickExampleMap 0.719
[2017.11.09-03.19.33:297][802]LogBlueprintUserMessages: X=-1720.001 Y=-1620.000 Z=210.142
[2017.11.09-03.19.38:017][126]LogParticles: Destroying 0 GPU particle simulations for FXSystem 0x0000012F42811BC0
[2017.11.09-03.19.57:462][267]LogD3D11RHI: InitD3DDevice
[2017.11.09-03.19.58:043][295]LogD3D11RHI: InitD3DDevice
[2017.11.09-03.20.09:758][938]LogD3D11RHI: InitD3DDevice
[2017.11.09-03.20.15:196][234]LogD3D11RHI: InitD3DDevice
[2017.11.09-03.20.19:920][506]LogD3D11RHI: InitD3DDevice
[2017.11.09-03.20.21:886][615]LogD3D11RHI: InitD3DDevice
[2017.11.09-03.20.22:598][650]LogD3D11RHI: InitD3DDevice
[2017.11.09-03.20.30:134][ 62]LogD3D11RHI: InitD3DDevice
[2017.11.09-03.20.32:184][176]LogD3D11RHI: InitD3DDevice
[2017.11.09-03.20.34:589][301]BlueprintLog: New page: Compile BP_Enemy
[2017.11.09-03.20.34:723][301]LogActorComponent: UnregisterComponent: (/Engine/Transient.CharMoveComp) Not registered. Aborting.
[2017.11.09-03.20.34:723][301]LogActorComponent: UnregisterComponent: (/Engine/Transient.PawnSensingAAF9AC7F694184D6E2983C8441C4E968) Not registered. Aborting.
[2017.11.09-03.20.34:788][301]BlueprintEditorCompileResults: Info [1063.80] Compile of BP_Enemy successful! [in 198 ms]
[2017.11.09-03.20.37:191][429]BlueprintLog: New page: Pre-PIE auto-recompile
[2017.11.09-03.20.37:204][429]LogPlayLevel: [PIE] Compiling TwinStickExampleMap before PIE...
[2017.11.09-03.20.37:283][429]LogActorComponent: UnregisterComponent: (/Engine/Transient.CharMoveComp) Not registered. Aborting.
[2017.11.09-03.20.37:283][429]LogActorComponent: UnregisterComponent: (/Engine/Transient.PawnSensingAAF9AC7F694184D6E2983C8441C4E968) Not registered. Aborting.
[2017.11.09-03.20.37:327][429]LogPlayLevel: PIE:  Blueprint regeneration took 136 ms (1 blueprints)
[2017.11.09-03.20.37:327][429]PIE: New page: PIE session: TwinStickExampleMap (Nov 8, 2017, 5:20:37 PM)
[2017.11.09-03.20.37:328][429]LogPlayLevel: Creating play world package: /Game/TwinStickBP/Maps/UEDPIE_0_TwinStickExampleMap
[2017.11.09-03.20.37:339][429]LogPlayLevel: PIE: StaticDuplicateObject took: (0.010771s)
[2017.11.09-03.20.37:340][429]LogAIModule: Creating AISystem for world TwinStickExampleMap
[2017.11.09-03.20.37:340][429]LogPlayLevel: PIE: World Init took: (0.001611s)
[2017.11.09-03.20.37:341][429]LogPlayLevel: PIE: Created PIE world by copying editor world from /Game/TwinStickBP/Maps/TwinStickExampleMap.TwinStickExampleMap to /Game/TwinStickBP/Maps/UEDPIE_0_TwinStickExampleMap.TwinStickExampleMap (0.012656s)
[2017.11.09-03.20.37:393][429]LogInit: XAudio2 using 'Headset Earphone (HyperX 7.1 Audio)' : 2 channels at 48 kHz using 16 bits per sample (channel mask 0x3)
[2017.11.09-03.20.37:401][429]LogInit: FAudioDevice initialized.
[2017.11.09-03.20.37:435][429]LogWorld: Game class is 'TwinStickGameMode_C'
[2017.11.09-03.20.37:445][429]LogWorld:Warning: *** WARNING - PATHS MAY NOT BE VALID ***
[2017.11.09-03.20.37:445][429]LogWorld: Bringing World /Game/TwinStickBP/Maps/UEDPIE_0_TwinStickExampleMap.TwinStickExampleMap up for play (max tick rate 0) at 2017.11.08-22.20.37
[2017.11.09-03.20.37:445][429]LogActor:Warning: GameSession /Game/TwinStickBP/Maps/UEDPIE_0_TwinStickExampleMap.TwinStickExampleMap:PersistentLevel.GameSession_5 has natively added scene component(s), but none of them were set as the actor's RootComponent - picking one arbitrarily
[2017.11.09-03.20.37:446][429]LogActor:Warning: GameNetworkManager /Game/TwinStickBP/Maps/UEDPIE_0_TwinStickExampleMap.TwinStickExampleMap:PersistentLevel.GameNetworkManager_7 has natively added scene component(s), but none of them were set as the actor's RootComponent - picking one arbitrarily
[2017.11.09-03.20.37:449][429]LogWorld: Bringing up level for play took: 0.012048
[2017.11.09-03.20.37:452][429]PIE: Info Play in editor start time for /Game/TwinStickBP/Maps/UEDPIE_0_TwinStickExampleMap -0.403
[2017.11.09-03.20.42:163][764]LogScript:Warning: Accessed None 'CallFunc_CreateMoveToProxyObject_ReturnValue2'
	BP_Enemy_C /Game/TwinStickBP/Maps/UEDPIE_0_TwinStickExampleMap.TwinStickExampleMap:PersistentLevel.BP_Enemy_C_4
	Function /Game/TwinStickBP/Blueprints/BP_Enemy.BP_Enemy_C:ExecuteUbergraph_BP_Enemy:00B1
[2017.11.09-03.20.42:163][764]PIE:Error: Error Accessed None 'CallFunc_CreateMoveToProxyObject_ReturnValue2' from node AI MoveTo in graph 'EventGraph' in blueprint BP_Enemy
[2017.11.09-03.20.42:163][764]LogScript:Warning: Accessed None 'CallFunc_CreateMoveToProxyObject_ReturnValue2'
	BP_Enemy_C /Game/TwinStickBP/Maps/UEDPIE_0_TwinStickExampleMap.TwinStickExampleMap:PersistentLevel.BP_Enemy_C_4
	Function /Game/TwinStickBP/Blueprints/BP_Enemy.BP_Enemy_C:ExecuteUbergraph_BP_Enemy:00F4
[2017.11.09-03.20.42:163][764]PIE:Error: Error Accessed None 'CallFunc_CreateMoveToProxyObject_ReturnValue2' from node AI MoveTo in graph 'EventGraph' in blueprint BP_Enemy
[2017.11.09-03.20.55:893][752]LogParticles: Destroying 0 GPU particle simulations for FXSystem 0x0000012F3B924F40
[2017.11.09-03.20.55:893][752]LogD3D11RHI: InitD3DDevice
[2017.11.09-03.21.00:654][ 22]LogD3D11RHI: InitD3DDevice
[2017.11.09-03.21.28:358][735]LogD3D11RHI: InitD3DDevice
[2017.11.09-03.21.28:591][735]LogActorComponent: UnregisterComponent: (/Engine/Transient.CharMoveComp) Not registered. Aborting.
[2017.11.09-03.21.28:591][735]LogActorComponent: UnregisterComponent: (/Engine/Transient.ProjectileMovementComponent_8) Not registered. Aborting.
[2017.11.09-03.21.28:592][735]LogActorComponent: UnregisterComponent: (/Engine/Transient.CharacterMovementComponent_20) Not registered. Aborting.
[2017.11.09-03.21.28:592][735]LogActorComponent: UnregisterComponent: (/Engine/Transient.PawnSensingAAF9AC7F694184D6E2983C8441C4E968) Not registered. Aborting.
[2017.11.09-03.21.28:592][735]LogActorComponent: UnregisterComponent: (/Engine/Transient.CharacterMovementComponent_21) Not registered. Aborting.
[2017.11.09-03.21.28:592][735]LogActorComponent: UnregisterComponent: (/Engine/Transient.PawnSensingB2F0E4C4194BE0624EF90CAE64E37BD1) Not registered. Aborting.
[2017.11.09-03.21.28:592][735]LogActorComponent: UnregisterComponent: (/Engine/Transient.CharacterMovementComponent_22) Not registered. Aborting.
[2017.11.09-03.21.28:592][735]LogActorComponent: UnregisterComponent: (/Engine/Transient.CharacterMovementComponent_23) Not registered. Aborting.
[2017.11.09-03.21.29:051][735]LogSavePackage: Save=369.065247ms
[2017.11.09-03.21.29:051][735]LogSavePackage: Moving '../../../../../../Users/Max/Desktop/Unreal/TwoDeeTopDown/Saved/TwinStickExampleMap_Auto1A24FEDBF465D29F92D6016ADFD7B9EC4.tmp' to '../../../../../../Users/Max/Desktop/Unreal/TwoDeeTopDown/Saved/Autosaves/Game/TwinStickBP/Maps/TwinStickExampleMap_Auto1.umap'
[2017.11.09-03.21.29:061][735]LogFileHelpers: Editor autosave (incl. sublevels) for '/Game/TwinStickBP/Maps/TwinStickExampleMap' took 0.470
[2017.11.09-03.21.29:061][735]LogFileHelpers: Editor autosave (incl. sublevels) for all levels took 0.470
[2017.11.09-03.21.29:067][735]OBJ SavePackage: Generating thumbnails for [1] asset(s) in package [/Game/TwinStickBP/Blueprints/BP_Enemy] ([1] browsable assets)...
[2017.11.09-03.21.29:088][735]OBJ SavePackage:     Rendered thumbnail for [Blueprint /Game/TwinStickBP/Blueprints/BP_Enemy.BP_Enemy]
[2017.11.09-03.21.29:088][735]OBJ SavePackage: Finished generating thumbnails for package [/Game/TwinStickBP/Blueprints/BP_Enemy]
[2017.11.09-03.21.29:167][735]LogSavePackage: Save=57.415348ms
[2017.11.09-03.21.29:167][735]LogSavePackage: Moving '../../../../../../Users/Max/Desktop/Unreal/TwoDeeTopDown/Saved/BP_Enemy_Auto1F69B95D14A319C11878A59AE65D8321F.tmp' to '../../../../../../Users/Max/Desktop/Unreal/TwoDeeTopDown/Saved/Autosaves/Game/TwinStickBP/Blueprints/BP_Enemy_Auto1.uasset'
[2017.11.09-03.21.29:174][735]OBJ SavePackage: Generating thumbnails for [0] asset(s) in package [/Game/TwinStickBP/Blueprints/TwinStickGameMode] ([1] browsable assets)...
[2017.11.09-03.21.29:174][735]OBJ SavePackage: Finished generating thumbnails for package [/Game/TwinStickBP/Blueprints/TwinStickGameMode]
[2017.11.09-03.21.29:215][735]LogSavePackage: Save=19.872908ms
[2017.11.09-03.21.29:215][735]LogSavePackage: Moving '../../../../../../Users/Max/Desktop/Unreal/TwoDeeTopDown/Saved/TwinStickGameMode_Auto1ACFBC9B84CBADB4F461434864B50D565.tmp' to '../../../../../../Users/Max/Desktop/Unreal/TwoDeeTopDown/Saved/Autosaves/Game/TwinStickBP/Blueprints/TwinStickGameMode_Auto1.uasset'
[2017.11.09-03.21.29:217][735]LogFileHelpers: Auto-saving content packages took 0.155
[2017.11.09-03.30.11:059][405]LogD3D11RHI: InitD3DDevice
[2017.11.09-03.30.13:765][546]LogD3D11RHI: InitD3DDevice
[2017.11.09-03.30.14:240][565]LogD3D11RHI: InitD3DDevice
[2017.11.09-03.30.19:761][836]LogD3D11RHI: InitD3DDevice
[2017.11.09-03.30.25:129][122]BlueprintLog: New page: Compile BP_Spawn_Enemy_PT
[2017.11.09-03.30.25:227][122]LogActorComponent: UnregisterComponent: (/Engine/Transient.CharMoveComp) Not registered. Aborting.
[2017.11.09-03.30.25:227][122]LogActorComponent: UnregisterComponent: (/Engine/Transient.PawnSensingAAF9AC7F694184D6E2983C8441C4E968) Not registered. Aborting.
[2017.11.09-03.30.25:294][122]BlueprintEditorCompileResults: Info [1654.30] Compile of BP_Spawn_Enemy_PT successful! [in 164 ms]
[2017.11.09-03.30.27:512][233]BlueprintLog: New page: Pre-PIE auto-recompile
[2017.11.09-03.30.27:527][233]LogPlayLevel: [PIE] Compiling TwinStickExampleMap before PIE...
[2017.11.09-03.30.27:659][233]LogPlayLevel: PIE:  Blueprint regeneration took 147 ms (1 blueprints)
[2017.11.09-03.30.27:659][233]PIE: New page: PIE session: TwinStickExampleMap (Nov 8, 2017, 5:30:27 PM)
[2017.11.09-03.30.27:660][233]LogPlayLevel: Creating play world package: /Game/TwinStickBP/Maps/UEDPIE_0_TwinStickExampleMap
[2017.11.09-03.30.27:674][233]LogPlayLevel: PIE: StaticDuplicateObject took: (0.013802s)
[2017.11.09-03.30.27:674][233]LogAIModule: Creating AISystem for world TwinStickExampleMap
[2017.11.09-03.30.27:675][233]LogPlayLevel: PIE: World Init took: (0.001763s)
[2017.11.09-03.30.27:676][233]LogPlayLevel: PIE: Created PIE world by copying editor world from /Game/TwinStickBP/Maps/TwinStickExampleMap.TwinStickExampleMap to /Game/TwinStickBP/Maps/UEDPIE_0_TwinStickExampleMap.TwinStickExampleMap (0.015886s)
[2017.11.09-03.30.27:734][233]LogInit: XAudio2 using 'Headset Earphone (HyperX 7.1 Audio)' : 2 channels at 48 kHz using 16 bits per sample (channel mask 0x3)
[2017.11.09-03.30.27:744][233]LogInit: FAudioDevice initialized.
[2017.11.09-03.30.27:782][233]LogWorld: Game class is 'TwinStickGameMode_C'
[2017.11.09-03.30.27:793][233]LogWorld:Warning: *** WARNING - PATHS MAY NOT BE VALID ***
[2017.11.09-03.30.27:794][233]LogWorld: Bringing World /Game/TwinStickBP/Maps/UEDPIE_0_TwinStickExampleMap.TwinStickExampleMap up for play (max tick rate 0) at 2017.11.08-22.30.27
[2017.11.09-03.30.27:794][233]LogActor:Warning: GameSession /Game/TwinStickBP/Maps/UEDPIE_0_TwinStickExampleMap.TwinStickExampleMap:PersistentLevel.GameSession_6 has natively added scene component(s), but none of them were set as the actor's RootComponent - picking one arbitrarily
[2017.11.09-03.30.27:795][233]LogActor:Warning: GameNetworkManager /Game/TwinStickBP/Maps/UEDPIE_0_TwinStickExampleMap.TwinStickExampleMap:PersistentLevel.GameNetworkManager_8 has natively added scene component(s), but none of them were set as the actor's RootComponent - picking one arbitrarily
[2017.11.09-03.30.27:797][233]LogWorld: Bringing up level for play took: 0.012544
[2017.11.09-03.30.27:799][233]PIE: Info Play in editor start time for /Game/TwinStickBP/Maps/UEDPIE_0_TwinStickExampleMap -0.054
[2017.11.09-03.30.32:480][543]LogScript:Warning: Accessed None 'CallFunc_CreateMoveToProxyObject_ReturnValue2'
	BP_Enemy_C /Game/TwinStickBP/Maps/UEDPIE_0_TwinStickExampleMap.TwinStickExampleMap:PersistentLevel.BP_Enemy_C_5
	Function /Game/TwinStickBP/Blueprints/BP_Enemy.BP_Enemy_C:ExecuteUbergraph_BP_Enemy:00B1
[2017.11.09-03.30.32:480][543]PIE:Error: Error Accessed None 'CallFunc_CreateMoveToProxyObject_ReturnValue2' from node AI MoveTo in graph 'EventGraph' in blueprint BP_Enemy
[2017.11.09-03.30.32:480][543]LogScript:Warning: Accessed None 'CallFunc_CreateMoveToProxyObject_ReturnValue2'
	BP_Enemy_C /Game/TwinStickBP/Maps/UEDPIE_0_TwinStickExampleMap.TwinStickExampleMap:PersistentLevel.BP_Enemy_C_5
	Function /Game/TwinStickBP/Blueprints/BP_Enemy.BP_Enemy_C:ExecuteUbergraph_BP_Enemy:00F4
[2017.11.09-03.30.32:481][543]PIE:Error: Error Accessed None 'CallFunc_CreateMoveToProxyObject_ReturnValue2' from node AI MoveTo in graph 'EventGraph' in blueprint BP_Enemy
[2017.11.09-03.30.32:481][543]LogBlueprintUserMessages: BP_Enemy5
[2017.11.09-03.30.34:083][643]LogParticles: Destroying 0 GPU particle simulations for FXSystem 0x0000012F42376D40
[2017.11.09-03.30.34:083][643]LogD3D11RHI: InitD3DDevice
[2017.11.09-03.30.55:114][798]LogD3D11RHI: InitD3DDevice
[2017.11.09-03.31.16:872][843]LogD3D11RHI: InitD3DDevice
[2017.11.09-03.31.21:133][ 21]LogActorComponent: UnregisterComponent: (/Engine/Transient.CharMoveComp) Not registered. Aborting.
[2017.11.09-03.31.21:133][ 21]LogActorComponent: UnregisterComponent: (/Engine/Transient.PawnSensingAAF9AC7F694184D6E2983C8441C4E968) Not registered. Aborting.
[2017.11.09-03.31.22:935][106]LogActorComponent: UnregisterComponent: (/Engine/Transient.CharacterMovementComponent_24) Not registered. Aborting.
[2017.11.09-03.31.22:935][106]LogActorComponent: UnregisterComponent: (/Engine/Transient.PawnSensingComponent_0) Not registered. Aborting.
[2017.11.09-03.31.33:531][636]LogActorComponent: UnregisterComponent: (/Engine/Transient.CharacterMovementComponent_25) Not registered. Aborting.
[2017.11.09-03.31.33:531][636]LogActorComponent: UnregisterComponent: (/Engine/Transient.PawnSensingComponent_1) Not registered. Aborting.
[2017.11.09-03.31.38:894][899]LogActorComponent: UnregisterComponent: (/Engine/Transient.CharacterMovementComponent_26) Not registered. Aborting.
[2017.11.09-03.31.38:894][899]LogActorComponent: UnregisterComponent: (/Engine/Transient.PawnSensingComponent_2) Not registered. Aborting.
[2017.11.09-03.31.41:305][ 17]LogD3D11RHI: InitD3DDevice
[2017.11.09-03.31.56:959][795]BlueprintLog: New page: Compile BP_Enemy
[2017.11.09-03.31.57:111][795]LogActorComponent: UnregisterComponent: (/Engine/Transient.CharacterMovementComponent_27) Not registered. Aborting.
[2017.11.09-03.31.57:111][795]LogActorComponent: UnregisterComponent: (/Engine/Transient.PawnSensingComponent_3) Not registered. Aborting.
[2017.11.09-03.31.57:184][795]BlueprintEditorCompileResults: Info [1746.19] Compile of BP_Enemy successful! [in 224 ms]
[2017.11.09-03.32.16:026][809]LogD3D11RHI: InitD3DDevice
[2017.11.09-03.32.16:587][836]LogD3D11RHI: InitD3DDevice
[2017.11.09-03.32.26:823][362]LogD3D11RHI: InitD3DDevice
[2017.11.09-03.32.27:297][383]LogD3D11RHI: InitD3DDevice
[2017.11.09-03.33.13:848][994]LogD3D11RHI: InitD3DDevice
[2017.11.09-03.33.22:848][ 21]LogD3D11RHI: InitD3DDevice
[2017.11.09-03.33.23:065][ 21]LogActorComponent: UnregisterComponent: (/Engine/Transient.CharMoveComp) Not registered. Aborting.
[2017.11.09-03.33.23:065][ 21]LogActorComponent: UnregisterComponent: (/Engine/Transient.PawnSensingAAF9AC7F694184D6E2983C8441C4E968) Not registered. Aborting.
[2017.11.09-03.33.23:065][ 21]LogActorComponent: UnregisterComponent: (/Engine/Transient.CharacterMovementComponent_28) Not registered. Aborting.
[2017.11.09-03.33.23:065][ 21]LogActorComponent: UnregisterComponent: (/Engine/Transient.ProjectileMovementComponent_8) Not registered. Aborting.
[2017.11.09-03.33.23:065][ 21]LogActorComponent: UnregisterComponent: (/Engine/Transient.CharacterMovementComponent_29) Not registered. Aborting.
[2017.11.09-03.33.23:065][ 21]LogActorComponent: UnregisterComponent: (/Engine/Transient.PawnSensingB2F0E4C4194BE0624EF90CAE64E37BD1) Not registered. Aborting.
[2017.11.09-03.33.23:065][ 21]LogActorComponent: UnregisterComponent: (/Engine/Transient.CharacterMovementComponent_30) Not registered. Aborting.
[2017.11.09-03.33.23:065][ 21]LogActorComponent: UnregisterComponent: (/Engine/Transient.CharacterMovementComponent_31) Not registered. Aborting.
[2017.11.09-03.33.23:597][ 21]LogSavePackage: Save=426.483643ms
[2017.11.09-03.33.23:597][ 21]LogSavePackage: Moving '../../../../../../Users/Max/Desktop/Unreal/TwoDeeTopDown/Saved/TwinStickExampleMap_Auto292A412F44A45DB477FA0B69648E14A0A.tmp' to '../../../../../../Users/Max/Desktop/Unreal/TwoDeeTopDown/Saved/Autosaves/Game/TwinStickBP/Maps/TwinStickExampleMap_Auto2.umap'
[2017.11.09-03.33.23:603][ 21]LogFileHelpers: Editor autosave (incl. sublevels) for '/Game/TwinStickBP/Maps/TwinStickExampleMap' took 0.538
[2017.11.09-03.33.23:603][ 21]LogFileHelpers: Editor autosave (incl. sublevels) for all levels took 0.538
[2017.11.09-03.33.23:610][ 21]OBJ SavePackage: Generating thumbnails for [1] asset(s) in package [/Game/TwinStickBP/Blueprints/BP_Enemy] ([1] browsable assets)...
[2017.11.09-03.33.23:648][ 21]OBJ SavePackage:     Rendered thumbnail for [Blueprint /Game/TwinStickBP/Blueprints/BP_Enemy.BP_Enemy]
[2017.11.09-03.33.23:648][ 21]OBJ SavePackage: Finished generating thumbnails for package [/Game/TwinStickBP/Blueprints/BP_Enemy]
[2017.11.09-03.33.23:738][ 21]LogSavePackage: Save=65.176781ms
[2017.11.09-03.33.23:738][ 21]LogSavePackage: Moving '../../../../../../Users/Max/Desktop/Unreal/TwoDeeTopDown/Saved/BP_Enemy_Auto2AF4F10A94440CABC05C8BC9A908C7992.tmp' to '../../../../../../Users/Max/Desktop/Unreal/TwoDeeTopDown/Saved/Autosaves/Game/TwinStickBP/Blueprints/BP_Enemy_Auto2.uasset'
[2017.11.09-03.33.23:746][ 21]OBJ SavePackage: Generating thumbnails for [0] asset(s) in package [/Game/TwinStickBP/Blueprints/BP_Spawn_Enemy_PT] ([1] browsable assets)...
[2017.11.09-03.33.23:746][ 21]OBJ SavePackage: Finished generating thumbnails for package [/Game/TwinStickBP/Blueprints/BP_Spawn_Enemy_PT]
[2017.11.09-03.33.23:806][ 21]LogSavePackage: Save=35.810314ms
[2017.11.09-03.33.23:807][ 21]LogSavePackage: Moving '../../../../../../Users/Max/Desktop/Unreal/TwoDeeTopDown/Saved/BP_Spawn_Enemy_PT_Auto29527FF914E8850D4AD6D188D3F9318B6.tmp' to '../../../../../../Users/Max/Desktop/Unreal/TwoDeeTopDown/Saved/Autosaves/Game/TwinStickBP/Blueprints/BP_Spawn_Enemy_PT_Auto2.uasset'
[2017.11.09-03.33.23:808][ 21]LogFileHelpers: Auto-saving content packages took 0.204
[2017.11.09-03.35.15:879][996]LogD3D11RHI: InitD3DDevice
[2017.11.09-03.43.14:861][102]LogD3D11RHI: InitD3DDevice
[2017.11.09-03.43.23:872][622]LogD3D11RHI: InitD3DDevice
[2017.11.09-03.43.24:073][622]LogActorComponent: UnregisterComponent: (/Engine/Transient.CharMoveComp) Not registered. Aborting.
[2017.11.09-03.43.24:073][622]LogActorComponent: UnregisterComponent: (/Engine/Transient.PawnSensingAAF9AC7F694184D6E2983C8441C4E968) Not registered. Aborting.
[2017.11.09-03.43.24:073][622]LogActorComponent: UnregisterComponent: (/Engine/Transient.CharacterMovementComponent_32) Not registered. Aborting.
[2017.11.09-03.43.24:073][622]LogActorComponent: UnregisterComponent: (/Engine/Transient.ProjectileMovementComponent_8) Not registered. Aborting.
[2017.11.09-03.43.24:074][622]LogActorComponent: UnregisterComponent: (/Engine/Transient.CharacterMovementComponent_33) Not registered. Aborting.
[2017.11.09-03.43.24:074][622]LogActorComponent: UnregisterComponent: (/Engine/Transient.PawnSensingB2F0E4C4194BE0624EF90CAE64E37BD1) Not registered. Aborting.
[2017.11.09-03.43.24:074][622]LogActorComponent: UnregisterComponent: (/Engine/Transient.CharacterMovementComponent_34) Not registered. Aborting.
[2017.11.09-03.43.24:074][622]LogActorComponent: UnregisterComponent: (/Engine/Transient.CharacterMovementComponent_35) Not registered. Aborting.
[2017.11.09-03.43.24:586][622]LogSavePackage: Save=404.553345ms
[2017.11.09-03.43.24:587][622]LogSavePackage: Moving '../../../../../../Users/Max/Desktop/Unreal/TwoDeeTopDown/Saved/TwinStickExampleMap_Auto32695DD194BF0F016F1B7A38554A57388.tmp' to '../../../../../../Users/Max/Desktop/Unreal/TwoDeeTopDown/Saved/Autosaves/Game/TwinStickBP/Maps/TwinStickExampleMap_Auto3.umap'
[2017.11.09-03.43.24:593][622]LogFileHelpers: Editor autosave (incl. sublevels) for '/Game/TwinStickBP/Maps/TwinStickExampleMap' took 0.519
[2017.11.09-03.43.24:593][622]LogFileHelpers: Editor autosave (incl. sublevels) for all levels took 0.519
[2017.11.09-03.48.39:480][547]LogD3D11RHI: InitD3DDevice
[2017.11.09-03.48.55:859][386]LogD3D11RHI: InitD3DDevice
[2017.11.09-03.48.58:608][529]LogD3D11RHI: InitD3DDevice
[2017.11.09-03.49.04:284][799]LogD3D1