[2017.11.11-19.33.33:831][  0]Log file open, 11/11/17 14:33:33
[2017.11.11-19.33.33:831][  0]LogInit:Display: Running engine for game: TwoDeeTopDown
[2017.11.11-19.33.33:831][  0]LogInit:Display: RandInit(1495444358) SRandInit(1495444359).
[2017.11.11-19.33.33:831][  0]LogTaskGraph: Started task graph with 4 named threads and 7 total threads.
[2017.11.11-19.33.33:831][  0]LogStats: Stats thread started
[2017.11.11-19.33.33:831][  0]LogInit: Version: 4.8.3-2634408+++depot+UE4-Releases+4.8
[2017.11.11-19.33.33:831][  0]LogInit: API Version: 2579680
[2017.11.11-19.33.33:831][  0]LogInit: Compiled (64-bit): Jul 27 2015 16:24:33
[2017.11.11-19.33.33:831][  0]LogInit: Compiled with Visual C++: 18.00.21005.01
[2017.11.11-19.33.33:831][  0]LogInit: Build Configuration: Development
[2017.11.11-19.33.33:831][  0]LogInit: Branch Name: ++depot+UE4-Releases+4.8
[2017.11.11-19.33.33:831][  0]LogInit: Command line:  
[2017.11.11-19.33.33:831][  0]LogInit: Base directory: C:/Program Files/Epic Games/UE_4.8/Engine/Binaries/Win64/
[2017.11.11-19.33.33:831][  0]LogInit: Rocket: 1
[2017.11.11-19.33.33:852][  0]LogInit: Using libcurl 7.41.0
[2017.11.11-19.33.33:852][  0]LogInit:  - built for x86_64-pc-win32
[2017.11.11-19.33.33:852][  0]LogInit:  - supports SSL with WinSSL
[2017.11.11-19.33.33:852][  0]LogInit:  - other features:
[2017.11.11-19.33.33:852][  0]LogInit:      CURL_VERSION_SSL
[2017.11.11-19.33.33:852][  0]LogInit:      CURL_VERSION_IPV6
[2017.11.11-19.33.33:852][  0]LogInit:      CURL_VERSION_ASYNCHDNS
[2017.11.11-19.33.33:852][  0]LogInit:      CURL_VERSION_LARGEFILE
[2017.11.11-19.33.33:852][  0]LogInit:      CURL_VERSION_IDN
[2017.11.11-19.33.33:852][  0]LogInit:  CurlRequestOptions (configurable via config and command line):
[2017.11.11-19.33.33:852][  0]LogInit:  - bVerifyPeer = true  - Libcurl will verify peer certificate
[2017.11.11-19.33.33:852][  0]LogInit:  - bUseHttpProxy = false  - Libcurl will NOT use HTTP proxy
[2017.11.11-19.33.33:852][  0]LogInit:  - bDontReuseConnections = false  - Libcurl will reuse connections
[2017.11.11-19.33.33:852][  0]LogInit:  - CertBundlePath = nullptr  - Libcurl will use whatever was configured at build time.
[2017.11.11-19.33.33:870][  0]LogOnline:Warning: No default platform service specified for OnlineSubsystem
[2017.11.11-19.33.33:892][  0]LogInit: Presizing for 0 objects not considered by GC, pre-allocating 0 bytes.
[2017.11.11-19.33.33:902][  0]LogInit: Object subsystem initialized
[2017.11.11-19.33.33:903][  0]LogConsoleResponse:Warning: Skipping Unknown console variable: 'TranslucentSortAxis = (X=0.000000,Y=-1.000000,Z=0.000000)'
[2017.11.11-19.33.33:903][  0]LogConsoleResponse:Warning:   Found in ini file 'C:/Users/Max/Desktop/Unreal/TwoDeeTopDown/Saved/Config/Windows/Engine.ini', in section '[/Script/Engine.RendererSettings]'
[2017.11.11-19.33.33:903][  0]LogConsoleResponse:Warning: Skipping Unknown console variable: 'UIScaleRule = ShortestSide'
[2017.11.11-19.33.33:903][  0]LogConsoleResponse:Warning:   Found in ini file 'C:/Users/Max/Desktop/Unreal/TwoDeeTopDown/Saved/Config/Windows/Engine.ini', in section '[/Script/Engine.RendererSettings]'
[2017.11.11-19.33.33:903][  0]LogConsoleResponse:Warning: Skipping Unknown console variable: 'UIScaleCurve = (EditorCurveData=(Keys=),ExternalCurve=None)'
[2017.11.11-19.33.33:903][  0]LogConsoleResponse:Warning:   Found in ini file 'C:/Users/Max/Desktop/Unreal/TwoDeeTopDown/Saved/Config/Windows/Engine.ini', in section '[/Script/Engine.RendererSettings]'
[2017.11.11-19.33.33:904][  0]LogInit: Selected Device Profile: [Windows]
[2017.11.11-19.33.33:904][  0]LogInit: Applying CVar settings loaded from the selected device profile: [Windows]
[2017.11.11-19.33.33:919][  0]LogInit: Computer: DESKTOP-9I2E2DC
[2017.11.11-19.33.33:919][  0]LogInit: User: Max
[2017.11.11-19.33.33:919][  0]LogInit: CPU Page size=4096, Cores=4
[2017.11.11-19.33.33:919][  0]LogInit: High frequency timer resolution =2.610083 MHz
[2017.11.11-19.33.33:919][  0]LogMemory: Memory total: Physical=12.0GB (12GB approx)
[2017.11.11-19.33.33:919][  0]LogMemory: Platform Memory Stats for Windows
[2017.11.11-19.33.33:919][  0]LogMemory: Process Physical Memory: 50.64 MB used, 50.64 MB peak
[2017.11.11-19.33.33:919][  0]LogMemory: Process Virtual Memory: 21.23 MB used, 22.09 MB peak
[2017.11.11-19.33.33:919][  0]LogMemory: Physical Memory: 4284.20 MB used, 12279.08 MB total
[2017.11.11-19.33.33:919][  0]LogMemory: Virtual Memory: 314.20 MB used, 134217728.00 MB total
[2017.11.11-19.33.33:949][  0]LogTextLocalizationManager: The requested culture ('en_US') has no localization data; parent culture's ('en') localization data will be used.
[2017.11.11-19.33.34:255][  0]LogTextLocalizationManager:Warning: Loaded localization resources contain conflicting entries for (Namespace:ContentBrowser, Key:ImportAssetToolTip):
Localization Resource: (C:/Program Files/Epic Games/UE_4.8/Engine/Content/Localization/Editor/en/Editor.locres) Source String Hash: (-630476809) Localized String: (Import to {0}...)
Localization Resource: (C:/Program Files/Epic Games/UE_4.8/Engine/Content/Localization/Editor/en/Editor.locres) Source String Hash: (1271782899) Localized String: (Imports an asset from file to this folder.)
[2017.11.11-19.33.35:689][  0]LogD3D11RHI: Found D3D11 adapter 0: NVIDIA GeForce GTX 670 (Feature Level 11_0)
[2017.11.11-19.33.35:689][  0]LogD3D11RHI: Adapter has 2017MB of dedicated video memory, 0MB of dedicated system memory, and 6139MB of shared system memory, 2 output[s]
[2017.11.11-19.33.35:690][  0]LogD3D11RHI: Found D3D11 adapter 1: Microsoft Basic Render Driver (Feature Level 11_0)
[2017.11.11-19.33.35:690][  0]LogD3D11RHI: Adapter has 0MB of dedicated video memory, 0MB of dedicated system memory, and 6139MB of shared system memory, 0 output[s]
[2017.11.11-19.33.35:690][  0]LogD3D11RHI: Chosen D3D11 Adapter Id = 0
[2017.11.11-19.33.35:696][  0]LogD3D11RHI: InitD3DDevice
[2017.11.11-19.33.35:696][  0]LogD3D11RHI: !Direct3DDevice
[2017.11.11-19.33.35:696][  0]LogRHI: Texture pool is 1361 MB (70% of 1945 MB)
[2017.11.11-19.33.36:566][  0]LogD3D11RHI: Async texture creation enabled
[2017.11.11-19.33.36:605][  0]LogShaderCompilers:Display: Using Local Shader Compiler.
[2017.11.11-19.33.37:784][  0]LogTemp:Display: Loaded TP DesktopTargetPlatform
[2017.11.11-19.33.37:809][  0]LogTemp:Display: Loaded TP WindowsClientTargetPlatform
[2017.11.11-19.33.37:834][  0]LogTemp:Display: Loaded TP WindowsNoEditorTargetPlatform
[2017.11.11-19.33.37:857][  0]LogTemp:Display: Loaded TP WindowsServerTargetPlatform
[2017.11.11-19.33.37:883][  0]LogTemp:Display: Loaded TP WindowsTargetPlatform
[2017.11.11-19.33.37:904][  0]LogTemp:Display: Loaded TP AndroidTargetPlatform
[2017.11.11-19.33.37:924][  0]LogTemp:Display: Loaded TP Android_ASTCTargetPlatform
[2017.11.11-19.33.37:945][  0]LogTemp:Display: Loaded TP Android_ATCTargetPlatform
[2017.11.11-19.33.37:965][  0]LogTemp:Display: Loaded TP Android_DXTTargetPlatform
[2017.11.11-19.33.37:986][  0]LogTemp:Display: Loaded TP Android_ETC1TargetPlatform
[2017.11.11-19.33.38:007][  0]LogTemp:Display: Loaded TP Android_ETC2TargetPlatform
[2017.11.11-19.33.38:027][  0]LogTemp:Display: Loaded TP Android_PVRTCTargetPlatform
[2017.11.11-19.33.38:101][  0]LogTemp:Display: Loaded TP IOSTargetPlatform
[2017.11.11-19.33.38:126][  0]LogTemp:Display: Loaded TP LinuxNoEditorTargetPlatform
[2017.11.11-19.33.38:148][  0]LogTemp:Display: Loaded TP LinuxServerTargetPlatform
[2017.11.11-19.33.38:172][  0]LogTemp:Display: Loaded TP LinuxTargetPlatform
[2017.11.11-19.33.38:172][  0]LogTargetPlatformManager:Display: Building Assets For Windows
[2017.11.11-19.33.38:521][  0]LogDerivedDataCache:Display: Max Cache Size: 512 MB
[2017.11.11-19.33.38:594][  0]LogDerivedDataCache: Loaded boot cache 0.07s 53MB C:/Users/Max/AppData/Local/UnrealEngine/4.8/DerivedDataCache/Boot.ddc.
[2017.11.11-19.33.38:594][  0]LogDerivedDataCache:Display: Loaded Boot cache: C:/Users/Max/AppData/Local/UnrealEngine/4.8/DerivedDataCache/Boot.ddc
[2017.11.11-19.33.38:594][  0]LogDerivedDataCache: FDerivedDataBackendGraph:  Pak pak cache file ../../../../../../Users/Max/Desktop/Unreal/TwoDeeTopDown/DerivedDataCache/DDC.ddp not found, will not use a pak cache.
[2017.11.11-19.33.38:594][  0]LogDerivedDataCache: Unable to find inner node Pak for hierarchical cache Hierarchy.
[2017.11.11-19.33.38:594][  0]LogDerivedDataCache: FDerivedDataBackendGraph:  CompressedPak pak cache file ../../../../../../Users/Max/Desktop/Unreal/TwoDeeTopDown/DerivedDataCache/Compressed.ddp not found, will not use a pak cache.
[2017.11.11-19.33.38:594][  0]LogDerivedDataCache: Unable to find inner node CompressedPak for hierarchical cache Hierarchy.
[2017.11.11-19.33.38:831][  0]LogDerivedDataCache:Display: Pak cache opened for reading ../../../Engine/DerivedDataCache/Compressed.ddp.
[2017.11.11-19.33.38:843][  0]LogDerivedDataCache: Using Local data cache path C:/Users/Max/AppData/Local/UnrealEngine/Common/DerivedDataCache: Writable
[2017.11.11-19.33.39:188][  0]LogInit: Selected Device Profile: [Windows]
[2017.11.11-19.33.39:312][  0]ImportText (ComponentSweepMultiTests): Missing closing parenthesis: (RootShapeAsset="/Engine/BasicShapes/Cube.Cube",ShapeType="TriggerCapsule",HitResult=(Time=0.50,Location=(X=-100.000015,Y=0.0,Z=100.000015),ImpactPoint=(X=-50.0,Y=0.0,Z=50.0),Normal=(X=-1.0,Y=-0.0,Z=0.0),ImpactNormal=(X=0.0,Y=0.0,Z=1.0),TraceStart=(X=-200.0,Y=0.0,Z=200.0),TraceEnd=(X=0.0,Y=0.0,Z=0.0))
[2017.11.11-19.33.39:313][  0]ImportText (LineTraceSingleByChannelTests): Missing closing parenthesis: (RootShapeAsset="/Engine/BasicShapes/Cube.Cube",HitResult=(Time=0.50,Location=(X=-100.000015,Y=0.0,Z=100.000015),ImpactPoint=(X=-50.0,Y=0.0,Z=50.0),Normal=(X=-1.0,Y=-0.0,Z=0.0),ImpactNormal=(X=0.0,Y=0.0,Z=1.0),TraceStart=(X=-200.0,Y=0.0,Z=200.0),TraceEnd=(X=0.0,Y=0.0,Z=0.0))
[2017.11.11-19.33.39:358][  0]LogMeshUtilities: No automatic mesh reduction module available
[2017.11.11-19.33.39:358][  0]LogMeshUtilities: No automatic mesh merging module available
[2017.11.11-19.33.39:848][  0]LogInit: WinSock: version 1.1 (2.2), MaxSocks=32767, MaxUdp=65467
[2017.11.11-19.33.41:306][  0]UdpMessaging: Initializing bridge on interface 0.0.0.0:0 to multicast group 230.0.0.1:6666.
[2017.11.11-19.33.41:811][  0]SourceControl: Info Source control is disabled
[2017.11.11-19.33.41:812][  0]SourceControl: Info Source control is disabled
[2017.11.11-19.33.41:829][  0]SourceControl: Info Source control is disabled
[2017.11.11-19.33.41:845][  0]SourceControl: Info Source control is disabled
[2017.11.11-19.33.42:203][  0]LogObj: 26273 objects as part of root set at end of initial load.
[2017.11.11-19.33.42:203][  0]LogUObjectAllocator: 5409256 out of 0 bytes used by permanent object pool.
[2017.11.11-19.33.42:318][  0]LogEngine: Initializing Engine...
[2017.11.11-19.33.42:322][  0]LogHMD: Can't find Oculus library dev build: is proper Runtime installed? Version: 0.6.0.0
[2017.11.11-19.33.42:323][  0]LogHMD:Warning: SteamVR failed to initialize.  Error: 110
[2017.11.11-19.33.42:545][  0]LogAIModule: Creating AISystem for world NewWorld
[2017.11.11-19.33.42:559][  0]LogInit: XAudio2 using 'Headset Earphone (HyperX 7.1 Audio)' : 2 channels at 48 kHz using 16 bits per sample (channel mask 0x3)
[2017.11.11-19.33.42:574][  0]LogInit: FAudioDevice initialized.
[2017.11.11-19.33.42:605][  0]LogDerivedDataCache: Saved boot cache 0.03s 53MB C:/Users/Max/AppData/Local/UnrealEngine/4.8/DerivedDataCache/Boot.ddc.
[2017.11.11-19.33.42:618][  0]LogInit: Texture streaming: Disabled
[2017.11.11-19.33.42:655][  0]LogAnalytics: Creating configured Analytics provider AnalyticsET
[2017.11.11-19.33.42:655][  0]LogAnalytics: [UEEditor.Rocket.Release] APIServer = http://et2.epicgames.com/ET2/. AppVersion = 4.8.3-2634408+++depot+UE4-Releases+4.8
[2017.11.11-19.33.42:655][  0]LogAnalytics: [UEEditor.Rocket.Release] SetUserId 144d638e4bcfc5d4334e3ea112ef68da|8186b5bca3f9435db9ce45a259e2d8af|fa80414f-c35f-4b26-9592-bd1f0564225a
[2017.11.11-19.33.42:656][  0]LogAnalytics: [UEEditor.Rocket.Release] AnalyticsET::StartSession
[2017.11.11-19.33.42:699][  0]LogInit: Transaction tracking system initialized
[2017.11.11-19.33.42:911][  0]BlueprintLog: New page: Editor Load
[2017.11.11-19.33.42:961][  0]LogAssetRegistry: FAssetRegistry took 0.0109 seconds to start up
[2017.11.11-19.33.42:961][  0]LogDirectoryWatcher:Warning: Failed to begin reading directory changes for ../../../Engine/Plugins/Experimental/CharacterAI/Content/. Error: 0
[2017.11.11-19.33.43:941][  0]LogConsoleManager:Warning: Console variable 'r.VSync' wasn't set ('GameSetting' has a lower priority than 'SystemSettingsIni')
[2017.11.11-19.33.43:941][  0]LogConsoleResponse:Display: 
[2017.11.11-19.33.44:079][  0]LogCook:Display: Done creating registry. It took  0.00s.
[2017.11.11-19.33.44:368][  0]SourceControl: Info Source control is disabled
[2017.11.11-19.33.44:369][  0]Cmd: MAP LOAD FILE="../../../../../../Users/Max/Desktop/Unreal/TwoDeeTopDown/Content/TwinStickBP/Maps/TwinStickExampleMap.umap" TEMPLATE=0 SHOWPROGRESS=1 FEATURELEVEL=3
[2017.11.11-19.33.44:369][  0]LightingResults: New page: Lighting Build
[2017.11.11-19.33.44:390][  0]MapCheck: New page: Map Check
[2017.11.11-19.33.44:390][  0]LightingResults: New page: Lighting Build
[2017.11.11-19.33.44:403][  0]LogParticles: Destroying 0 GPU particle simulations for FXSystem 0x0000011DA1F1D300
[2017.11.11-19.33.46:986][  0]LogAIModule: Creating AISystem for world TwinStickExampleMap
[2017.11.11-19.33.47:001][  0]LogEditorServer: Finished looking for orphan Actors (0.000 secs)
[2017.11.11-19.33.47:002][  0]Cmd: MAP CHECKDEP NOCLEARLOG
[2017.11.11-19.33.47:074][  0]MapCheck: Info Map check complete: 0 Error(s), 0 Warning(s), took 71.379ms to complete.
[2017.11.11-19.33.47:074][  0]LogFileHelpers: Loading map 'TwinStickExampleMap' took 2.706
[2017.11.11-19.33.47:239][  0]LogCollectionManager: Loaded 0 collections in 0.002565 seconds
[2017.11.11-19.33.47:249][  0]LogContentBrowser: Native class hierarchy populated in 0.0099 seconds. Added 1792 classes and 301 folders.
[2017.11.11-19.33.47:315][  0]LogContentBrowser: Native class hierarchy updated for 'WidgetCarousel' in 0.0004 seconds. Added 0 classes and 0 folders.
[2017.11.11-19.33.47:353][  0]LogContentBrowser: Native class hierarchy updated for 'AddContentDialog' in 0.0005 seconds. Added 0 classes and 0 folders.
[2017.11.11-19.33.47:377][  0]LogContentBrowser: Native class hierarchy updated for 'SceneOutliner' in 0.0005 seconds. Added 1 classes and 2 folders.
[2017.11.11-19.33.47:421][  0]LogCrashTracker: Crashtracker disabled due to settings.
[2017.11.11-19.33.47:422][  0]LogD3D11RHI: InitD3DDevice
[2017.11.11-19.33.47:430][  0]LogUObjectGlobals:Warning: Failed to find object 'Class None.'
[2017.11.11-19.33.47:452][  0]LogLoad: Full Startup: 15.98 seconds (BP compile: 1.18 seconds)
[2017.11.11-19.33.47:462][  0]LogWindowsTextInputMethodSystem:Display: IME system now deactivated.
[2017.11.11-19.33.47:513][  0]LogContentStreaming: Texture pool size is 0.000000MB
[2017.11.11-19.33.47:570][  0]LogContentStreaming: Texture pool size now 1000 MB
[2017.11.11-19.33.47:839][  0]LogRenderer: Reallocating scene render targets to support 1208x656 (Frame:2).
[2017.11.11-19.33.48:693][  4]LogD3D11RHI: InitD3DDevice
[2017.11.11-19.33.50:150][ 13]LogAssetRegistry: Asset discovery search completed in 7.2004 seconds
[2017.11.11-19.33.52:684][148]LogD3D11RHI: InitD3DDevice
[2017.11.11-19.33.52:714][148]LogD3D11RHI: InitD3DDevice
[2017.11.11-19.33.52:805][148]LogLinker:Warning: Asset '../../../Engine/Content/ArtTools/RenderToTexture/Macros/RenderToTextureMacros.uasset' has been saved with empty engine version. The asset will be loaded but may be incompatible.
[2017.11.11-19.33.52:879][148]LogLinker:Warning: Asset '../../../Engine/Content/ArtTools/RenderToTexture/Enums/RenderToTexture_Enum.uasset' has been saved with empty engine version. The asset will be loaded but may be incompatible.
[2017.11.11-19.33.54:282][148]LogD3D11RHI: InitD3DDevice
[2017.11.11-19.33.54:617][148]LogD3D11RHI: InitD3DDevice
[2017.11.11-19.33.54:955][148]LogD3D11RHI: InitD3DDevice
[2017.11.11-19.33.55:263][148]LogD3D11RHI: InitD3DDevice
[2017.11.11-19.33.55:599][148]LogD3D11RHI: InitD3DDevice
[2017.11.11-19.33.55:937][148]LogLinker:Warning: Can't resolve asset name
[2017.11.11-19.33.55:950][148]LogActor:Warning: GameNetworkManager /Engine/Transient.World_5:PersistentLevel.GameNetworkManager_0 has natively added scene component(s), but none of them were set as the actor's RootComponent - picking one arbitrarily
[2017.11.11-19.33.56:066][148]LogGraphPanel:Warning: Found NULL Node in GraphObj array. A node type has been deleted without creating an ActiveClassRedictor to K2Node_DeadClass.
[2017.11.11-19.33.56:066][148]LogGraphPanel:Warning: Found NULL Node in GraphObj array. A node type has been deleted without creating an ActiveClassRedictor to K2Node_DeadClass.
[2017.11.11-19.33.56:066][148]LogGraphPanel:Warning: Found NULL Node in GraphObj array. A node type has been deleted without creating an ActiveClassRedictor to K2Node_DeadClass.
[2017.11.11-19.33.56:068][148]LogGraphPanel:Warning: Found NULL Node in GraphObj array. A node type has been deleted without creating an ActiveClassRedictor to K2Node_DeadClass.
[2017.11.11-19.34.00:549][169]LogD3D11RHI: InitD3DDevice
[2017.11.11-19.34.17:102][ 73]BlueprintLog: New page: Compile BP_Spawn_Enemy_PT
[2017.11.11-19.34.17:216][ 73]LogActorComponent: UnregisterComponent: (/Engine/Transient.CharMoveComp) Not registered. Aborting.
[2017.11.11-19.34.17:216][ 73]LogActorComponent: UnregisterComponent: (/Engine/Transient.CharacterMovementComponent_0) Not registered. Aborting.
[2017.11.11-19.34.17:257][ 73]LogParticles: Destroying 0 GPU particle simulations for FXSystem 0x0000011DDE9DB740
[2017.11.11-19.34.17:481][ 73]BlueprintEditorCompileResults: Info [0046.01] Compile of BP_Spawn_Enemy_PT successful! [in 378 ms]
[2017.11.11-19.37.43:162][388]LogD3D11RHI: InitD3DDevice
[2017.11.11-19.37.43:284][395]LogD3D11RHI: InitD3DDevice
[2017.11.11-19.37.43:530][412]LogD3D11RHI: InitD3DDevice
[2017.11.11-19.37.49:342][858]LogD3D11RHI: InitD3DDevice
[2017.11.11-19.37.49:560][878]LogD3D11RHI: InitD3DDevice
[2017.11.11-19.37.51:114][ 16]LogD3D11RHI: InitD3DDevice
[2017.11.11-19.37.51:173][ 17]LogD3D11RHI: InitD3DDevice
[2017.11.11-19.37.51:885][ 88]LogD3D11RHI: InitD3DDevice
[2017.11.11-19.37.52:074][103]LogD3D11RHI: InitD3DDevice
[2017.11.11-19.37.52:171][104]LogD3D11RHI: InitD3DDevice
[2017.11.11-19.37.52:261][105]LogD3D11RHI: InitD3DDevice
[2017.11.11-19.37.52:310][106]LogD3D11RHI: InitD3DDevice
[2017.11.11-19.37.54:277][298]LogD3D11RHI: InitD3DDevice
[2017.11.11-19.37.54:330][299]LogD3D11RHI: InitD3DDevice
[2017.11.11-19.37.54:379][300]LogD3D11RHI: InitD3DDevice
[2017.11.11-19.37.55:102][368]LogD3D11RHI: InitD3DDevice
[2017.11.11-19.38.07:424][654]LogD3D11RHI: InitD3DDevice
[2017.11.11-19.38.07:538][654]LogD3D11RHI: InitD3DDevice
[2017.11.11-19.38.35:929][395]LogD3D11RHI: InitD3DDevice
[2017.11.11-19.38.36:288][430]LogD3D11RHI: InitD3DDevice
[2017.11.11-19.38.36:330][430]LogD3D11RHI: InitD3DDevice
[2017.11.11-19.38.36:415][430]LogActorComponent: UnregisterComponent: (/Engine/Transient.CharMoveComp) Not registered. Aborting.
[2017.11.11-19.38.36:415][430]LogActorComponent: UnregisterComponent: (/Engine/Transient.CharacterMovementComponent_1) Not registered. Aborting.
[2017.11.11-19.38.36:415][430]LogActorComponent: UnregisterComponent: (/Engine/Transient.CharacterMovementComponent_2) Not registered. Aborting.
[2017.11.11-19.38.36:415][430]LogActorComponent: UnregisterComponent: (/Engine/Transient.ProjectileMovementComponent_8) Not registered. Aborting.
[2017.11.11-19.38.36:416][430]LogActorComponent: UnregisterComponent: (/Engine/Transient.CharacterMovementComponent_3) Not registered. Aborting.
[2017.11.11-19.38.36:416][430]LogActorComponent: UnregisterComponent: (/Engine/Transient.PawnSensingAAF9AC7F694184D6E2983C8441C4E968) Not registered. Aborting.
[2017.11.11-19.38.36:416][430]LogActorComponent: UnregisterComponent: (/Engine/Transient.CharacterMovementComponent_4) Not registered. Aborting.
[2017.11.11-19.38.36:416][430]LogActorComponent: UnregisterComponent: (/Engine/Transient.PawnSensingB2F0E4C4194BE0624EF90CAE64E37BD1) Not registered. Aborting.
[2017.11.11-19.38.36:477][430]LogMetaData: Removing '/Game/TwinStickBP/Blueprints/Ai/AiCharacterController.AiCharacterController:UserConstructionScript.K2Node_FunctionEntry_195' ref from Metadata '/Game/TwinStickBP/Blueprints/Ai/NewBlueprint.PackageMetaData'
[2017.11.11-19.38.36:477][430]LogMetaData: Removing '/Game/TwinStickBP/Blueprints/Ai/AiCharacterController.SKEL_AiCharacterController_C' ref from Metadata '/Game/TwinStickBP/Blueprints/Ai/NewBlueprint.PackageMetaData'
[2017.11.11-19.38.36:477][430]LogMetaData: Removing '/Game/TwinStickBP/Blueprints/Ai/AiCharacterController.AiCharacterController_C' ref from Metadata '/Game/TwinStickBP/Blueprints/Ai/NewBlueprint.PackageMetaData'
[2017.11.11-19.38.36:477][430]LogMetaData: Removing '/Game/TwinStickBP/Blueprints/Ai/AiCharacterController.AiCharacterController:EventGraph.K2Node_Event_211' ref from Metadata '/Game/TwinStickBP/Blueprints/Ai/NewBlueprint.PackageMetaData'
[2017.11.11-19.38.36:477][430]LogMetaData: Removing '/Game/TwinStickBP/Blueprints/Ai/AiCharacterController.AiCharacterController:EventGraph.K2Node_Event_212' ref from Metadata '/Game/TwinStickBP/Blueprints/Ai/NewBlueprint.PackageMetaData'
[2017.11.11-19.38.36:506][430]LogD3D11RHI: InitD3DDevice
[2017.11.11-19.38.36:558][430]LogSavePackage: Save=21.310434ms
[2017.11.11-19.38.36:558][430]LogSavePackage: Moving '../../../../../../Users/Max/Desktop/Unreal/TwoDeeTopDown/Saved/AiCharacterController7FA1706F47D5921D1F73E28E63E91C2A.tmp' to '../../../../../../Users/Max/Desktop/Unreal/TwoDeeTopDown/Content/TwinStickBP/Blueprints/Ai/AiCharacterController.uasset'
[2017.11.11-19.38.36:591][430]LogD3D11RHI: InitD3DDevice
[2017.11.11-19.38.39:006][647]LogD3D11RHI: InitD3DDevice
[2017.11.11-19.38.39:205][665]LogD3D11RHI: InitD3DDevice
[2017.11.11-19.38.39:469][688]LogD3D11RHI: InitD3DDevice
[2017.11.11-19.38.43:385][ 69]LogD3D11RHI: InitD3DDevice
[2017.11.11-19.38.43:477][ 75]LogD3D11RHI: InitD3DDevice
[2017.11.11-19.38.44:727][196]LogD3D11RHI: InitD3DDevice
[2017.11.11-19.38.44:741][196]LogD3D11RHI: InitD3DDevice
[2017.11.11-19.38.51:781][598]LogD3D11RHI: InitD3DDevice
[2017.11.11-19.38.54:859][881]LogD3D11RHI: InitD3DDevice
[2017.11.11-19.38.55:286][882]LogRenderer: Reallocating scene render targets to support 1208x1024 (Frame:4396).
[2017.11.11-19.39.31:208][488]LogD3D11RHI: InitD3DDevice
[2017.11.11-19.39.45:977][903]LogD3D11RHI: InitD3DDevice
[2017.11.11-19.39.50:254][175]BlueprintLog: New page: Compile AiCharacter
[2017.11.11-19.39.50:346][175]LogActorComponent: UnregisterComponent: (/Engine/Transient.CharMoveComp) Not registered. Aborting.
[2017.11.11-19.39.50:346][175]LogActorComponent: UnregisterComponent: (/Engine/Transient.CharacterMovementComponent_5) Not registered. Aborting.
[2017.11.11-19.39.50:409][175]BlueprintEditorCompileResults: Info [0378.94] Compile of AiCharacter successful! [in 154 ms]
[2017.11.11-19.39.58:530][650]LogD3D11RHI: InitD3DDevice
[2017.11.11-19.40.05:400][ 77]LogD3D11RHI: InitD3DDevice
[2017.11.11-19.40.08:710][200]LogD3D11RHI: InitD3DDevice
[2017.11.11-19.40.10:385][305]LogD3D11RHI: InitD3DDevice
[2017.11.11-19.40.12:452][447]LogD3D11RHI: InitD3DDevice
[2017.11.11-19.40.19:469][965]LogD3D11RHI: InitD3DDevice
[2017.11.11-19.40.25:066][292]LogActorComponent: UnregisterComponent: (/Engine/Transient.CharMoveComp) Not registered. Aborting.
[2017.11.11-19.40.27:132][407]BlueprintLog: New page: Compile AiCharacter
[2017.11.11-19.40.27:199][407]LogActorComponent: UnregisterComponent: (/Engine/Transient.CharacterMovementComponent_6) Not registered. Aborting.
[2017.11.11-19.40.27:257][407]BlueprintEditorCompileResults: Info [0415.79] Compile of AiCharacter successful! [in 125 ms]
[2017.11.11-19.40.37:212][502]LogD3D11RHI: InitD3DDevice
[2017.11.11-19.40.37:258][502]Cmd: OBJ SAVEPACKAGE PACKAGE="/Game/TwinStickBP/Blueprints/Ai/AiCharacter" FILE="../../../../../../Users/Max/Desktop/Unreal/TwoDeeTopDown/Content/TwinStickBP/Blueprints/Ai/AiCharacter.uasset" SILENT=true
[2017.11.11-19.40.37:302][502]LogSavePackage: Save=40.836250ms
[2017.11.11-19.40.37:302][502]LogSavePackage: Moving '../../../../../../Users/Max/Desktop/Unreal/TwoDeeTopDown/Saved/AiCharacter986BD6214E5277BA57228FBC29FF80A5.tmp' to '../../../../../../Users/Max/Desktop/Unreal/TwoDeeTopDown/Content/TwinStickBP/Blueprints/Ai/AiCharacter.uasset'
[2017.11.11-19.40.42:087][861]LogD3D11RHI: InitD3DDevice
[2017.11.11-19.40.42:408][893]LogD3D11RHI: InitD3DDevice
[2017.11.11-19.40.42:504][898]LogD3D11RHI: InitD3DDevice
[2017.11.11-19.40.42:863][932]LogD3D11RHI: InitD3DDevice
[2017.11.11-19.40.43:253][968]LogD3D11RHI: InitD3DDevice
[2017.11.11-19.40.53:218][819]LogD3D11RHI: InitD3DDevice
[2017.11.11-19.40.53:251][819]LogD3D11RHI: InitD3DDevice
[2017.11.11-19.40.53:293][819]LogD3D11RHI: InitD3DDevice
[2017.11.11-19.40.53:313][819]Cmd: OBJ SAVEPACKAGE PACKAGE="/Game/TwinStickBP/Blueprints/Ai/Ai_BT" FILE="../../../../../../Users/Max/Desktop/Unreal/TwoDeeTopDown/Content/TwinStickBP/Blueprints/Ai/Ai_BT.uasset" SILENT=true
[2017.11.11-19.40.53:322][819]LogSavePackage: Save=6.151145ms
[2017.11.11-19.40.53:322][819]LogSavePackage: Moving '../../../../../../Users/Max/Desktop/Unreal/TwoDeeTopDown/Saved/Ai_BT5950D17744ADF103C28A4C86945634D1.tmp' to '../../../../../../Users/Max/Desktop/Unreal/TwoDeeTopDown/Content/TwinStickBP/Blueprints/Ai/Ai_BT.uasset'
[2017.11.11-19.40.53:344][819]LogD3D11RHI: InitD3DDevice
[2017.11.11-19.40.53:378][819]LogActorComponent: UnregisterComponent: (/Engine/Transient.CharMoveComp) Not registered. Aborting.
[2017.11.11-19.40.55:051][958]LogD3D11RHI: InitD3DDevice
[2017.11.11-19.40.55:093][959]LogD3D11RHI: InitD3DDevice
[2017.11.11-19.40.55:230][970]LogD3D11RHI: InitD3DDevice
[2017.11.11-19.40.56:364][ 82]LogD3D11RHI: InitD3DDevice
[2017.11.11-19.40.56:410][ 83]LogD3D11RHI: InitD3DDevice
[2017.11.11-19.40.56:504][ 89]LogD3D11RHI: InitD3DDevice
[2017.11.11-19.40.57:345][181]LogD3D11RHI: InitD3DDevice
[2017.11.11-19.40.59:588][439]LogD3D11RHI: InitD3DDevice
[2017.11.11-19.40.59:704][448]LogD3D11RHI: InitD3DDevice
[2017.11.11-19.40.59:804][455]LogD3D11RHI: InitD3DDevice
[2017.11.11-19.40.59:897][460]LogD3D11RHI: InitD3DDevice
[2017.11.11-19.41.29:366][586]LogD3D11RHI: InitD3DDevice
[2017.11.11-19.41.36:875][126]LogD3D11RHI: InitD3DDevice
[2017.11.11-19.41.37:575][175]LogD3D11RHI: InitD3DDevice
[2017.11.11-19.41.46:648][710]LogD3D11RHI: InitD3DDevice
[2017.11.11-19.41.48:717][881]LogD3D11RHI: InitD3DDevice
[2017.11.11-19.41.49:468][937]LogD3D11RHI: InitD3DDevice
[2017.11.11-19.41.50:168][990]LogD3D11RHI: InitD3DDevice
[2017.11.11-19.41.50:646][ 22]LogD3D11RHI: InitD3DDevice
[2017.11.11-19.42.01:815][908]LogD3D11RHI: InitD3DDevice
[2017.11.11-19.42.02:323][941]LogD3D11RHI: InitD3DDevice
[2017.11.11-19.42.19:515][599]BlueprintLog: New page: Compile AiCharacterController
[2017.11.11-19.42.19:591][599]LogActorComponent: UnregisterComponent: (/Engine/Transient.CharMoveComp) Not registered. Aborting.
[2017.11.11-19.42.19:591][599]LogActorComponent: UnregisterComponent: (/Engine/Transient.CharacterMovementComponent_7) Not registered. Aborting.
[2017.11.11-19.42.19:591][599]LogActorComponent: UnregisterComponent: (/Engine/Transient.CharacterMovementComponent_8) Not registered. Aborting.
[2017.11.11-19.42.19:654][599]BlueprintEditorCompileResults: Info [0528.18] Compile of AiCharacterController successful! [in 139 ms]
[2017.11.11-19.42.24:606][972]LogD3D11RHI: InitD3DDevice
[2017.11.11-19.42.32:008][601]LogD3D11RHI: InitD3DDevice
[2017.11.11-19.42.45:398][828]LogD3D11RHI: InitD3DDevice
[2017.11.11-19.42.45:420][828]LogSlate:Warning: Prevented a slow task dialog from being summoned while a context menu was open
[2017.11.11-19.42.47:855][ 67]LogWindows:Error: Windows GetLastError: The operation completed successfully. (0)
[2017.11.11-19.42.47:863][ 67]LogCrashTracker: 


[2017.11.11-19.42.58:921][ 67]LogCrashTracker: 


[2017.11.11-19.42.58:921][ 67]LogWindows: === Critical error: ===
Assertion failed: BlackboardData [File:D:\BuildFarm\buildmachine_++depot+UE4-Releases+4.8\Engine\Source\Editor\BehaviorTreeEditor\Private\SBehaviorTreeBlackboardEditor.cpp] [Line: 211] 



KERNELBASE.dll {0x00007ff862249e08} + 0 bytes
UE4Editor-Core.dll!FOutputDeviceWindowsError::Serialize() {0x00007ff83c067c0f} + 0 bytes [d:\buildfarm\buildmachine_++depot+ue4-releases+4.8\engine\sou
UE4Editor-Core.dll!FOutputDevice::Logf__VA() {0x00007ff83bf210b8} + 159 bytes [d:\buildfarm\buildmachine_++depot+ue4-releases+4.8\engine\sou
UE4Editor-Core.dll!FDebug::AssertFailed() {0x00007ff83bef1e72} + 65 bytes [d:\buildfarm\buildmachine_++depot+ue4-releases+4.8\engine\sou
UE4Editor-BehaviorTreeEditor.dll!SBehaviorTreeBlackboardEditor::HandleKeyClassPicked() {0x00007ff82c00b640} + 0 bytes [d:\buildfarm\buildmachine_++depot+ue4-releases+4.8\engine\sou
UE4Editor-BehaviorTreeEditor.dll!TBaseRawMethodDelegateInstance<0,SBehaviorTreeBlackboardEditor const ,void __cdecl(UClass * __ptr64)>::ExecuteIfSafe() {0x00007ff82bfe6f96} + 0 bytes [d:\buildfarm\buildmachine_++depot+ue4-releases+4.8\engine\sou
UE4Editor-ClassViewer.dll!SClassViewer::OnClassViewerSelectionChanged() {0x00007ff828a22549} + 14 bytes [d:\buildfarm\buildmachine_++depot+ue4-releases+4.8\engine\sou
UE4Editor-ClassViewer.dll!TBaseSPMethodDelegateInstance<0,SClassViewer,0,TTypeWrapper<void> __cdecl(TSharedPtr<FClassViewerNode,0>,enum ESelectInfo::Type)>::Execute() {0x00007ff828a0d55a} + 55 bytes [d:\buildfarm\buildmachine_++depot+ue4-releases+4.8\engine\sou
UE4Editor-ClassViewer.dll!TBaseSPMethodDelegateInstance<0,SClassViewer,0,void __cdecl(TSharedPtr<FClassViewerNode,0>,enum ESelectInfo::Type)>::ExecuteIfSafe() {0x00007ff828a0e235} + 40 bytes [d:\buildfarm\buildmachine_++depot+ue4-releases+4.8\engine\sou
UE4Editor-ClassViewer.dll!TBaseDelegate<void,TSharedPtr<FClassViewerNode,0>,enum ESelectInfo::Type>::ExecuteIfBound() {0x00007ff828a0dce1} + 41 bytes [d:\buildfarm\buildmachine_++depot+ue4-releases+4.8\engine\sou
UE4Editor-ClassViewer.dll!SListView<TSharedPtr<FClassViewerNode,0> >::Private_SignalSelectionChanged() {0x00007ff828a30289} + 33 bytes [d:\buildfarm\buildmachine_++depot+ue4-releases+4.8\engine\sou
UE4Editor-ClassViewer.dll!STableRow<TSharedPtr<FString,0> >::OnMouseButtonUp() {0x00007ff828a29177} + 0 bytes [d:\buildfarm\buildmachine_++depot+ue4-releases+4.8\engine\sou
UE4Editor-Slate.dll!<lambda_de96dc3471181973108233c6db1f9843>::operator()() {0x00007ff83b424ccc} + 24 bytes [d:\buildfarm\buildmachine_++depot+ue4-releases+4.8\engine\sou
UE4Editor-Slate.dll!FEventRouter::Route<FReply,FEventRouter::FToLeafmostPolicy,FPointerEvent,<lambda_de96dc3471181973108233c6db1f9843> >() {0x00007ff83b3dd167} + 21 bytes [d:\buildfarm\buildmachine_++depot+ue4-releases+4.8\engine\sou
UE4Editor-Slate.dll!FSlateApplication::ProcessMouseButtonUpEvent() {0x00007ff83b498617} + 78 bytes [d:\buildfarm\buildmachine_++depot+ue4-releases+4.8\engine\sou
UE4Editor-Slate.dll!FSlateApplication::OnMouseUp() {0x00007ff83b485d84} + 16 bytes [d:\buildfarm\buildmachine_++depot+ue4-releases+4.8\engine\sou
UE4Editor-Core.dll!FWindowsApplication::ProcessDeferredMessage() {0x00007ff83c05d7ad} + 12 bytes [d:\buildfarm\buildmachine_++depot+ue4-releases+4.8\engine\sou
UE4Editor-Core.dll!FWindowsApplication::DeferMessage() {0x00007ff83c0449d1} + 74 bytes [d:\buildfarm\buildmachine_++depot+ue4-releases+4.8\engine\sou
UE4Editor-Core.dll!FWindowsApplication::ProcessMessage() {0x00007ff83c05edc3} + 44 bytes [d:\buildfarm\buildmachine_++depot+ue4-releases+4.8\engine\sou
UE4Editor-Core.dll!FWindowsApplication::AppWndProc() {0x00007ff83c03e5ba} + 0 bytes [d:\buildfarm\buildmachine_++depot+ue4-releases+4.8\engine\sou
USER32.dll {0x00007ff86310bc50} + 0 bytes
USER32.dll {0x00007ff86310b5cf} + 0 bytes
UE4Editor-Core.dll!FWindowsPlatformMisc::PumpMessages() {0x00007ff83c060186} + 48 bytes [d:\buildfarm\buildmachine_++depot+ue4-releases+4.8\engine\sou
UE4Editor.exe!FEngineLoop::Tick() {0x00007ff6db263c7a} + 8 bytes [d:\buildfarm\buildmachine_++depot+ue4-releases+4.8\engine\sou
UE4Editor.exe!GuardedMain() {0x00007ff6db2549cc} + 0 bytes [d:\buildfarm\buildmachine_++depot+ue4-releases+4.8\engine\sou
UE4Editor.exe!GuardedMainWrapper() {0x00007ff6db254a4a} + 5 bytes [d:\buildfarm\buildmachine_++depot+ue4-releases+4.8\engine\sou
UE4Editor.exe!WinMain() {0x00007ff6db2665c9} + 17 bytes [d:\buildfarm\buildmachine_++depot+ue4-releases+4.8\engine\sou
UE4Editor.exe!__tmainCRTStartup() {0x00007ff6db2675d9} + 21 bytes [f:\dd\vctools\crt\crtw32\dllstuff\crtexe.c:618]
KERNEL32.DLL {0x00007ff865282774} + 0 bytes
ntdll.dll {0x00007ff865390d51} + 0 bytes
ntdll.dll {0x00007ff865390d51} + 0 bytes

