[2017.11.11-03.25.14:841][  0]Log file open, 11/10/17 22:25:14
[2017.11.11-03.25.14:842][  0]LogInit:Display: Running engine for game: TwoDeeTopDown
[2017.11.11-03.25.14:842][  0]LogInit:Display: RandInit(183081750) SRandInit(183081751).
[2017.11.11-03.25.14:842][  0]LogTaskGraph: Started task graph with 4 named threads and 7 total threads.
[2017.11.11-03.25.14:842][  0]LogStats: Stats thread started
[2017.11.11-03.25.14:842][  0]LogInit: Version: 4.8.3-2634408+++depot+UE4-Releases+4.8
[2017.11.11-03.25.14:842][  0]LogInit: API Version: 2579680
[2017.11.11-03.25.14:842][  0]LogInit: Compiled (64-bit): Jul 27 2015 16:24:33
[2017.11.11-03.25.14:842][  0]LogInit: Compiled with Visual C++: 18.00.21005.01
[2017.11.11-03.25.14:842][  0]LogInit: Build Configuration: Development
[2017.11.11-03.25.14:842][  0]LogInit: Branch Name: ++depot+UE4-Releases+4.8
[2017.11.11-03.25.14:842][  0]LogInit: Command line:  
[2017.11.11-03.25.14:842][  0]LogInit: Base directory: C:/Program Files/Epic Games/UE_4.8/Engine/Binaries/Win64/
[2017.11.11-03.25.14:842][  0]LogInit: Rocket: 1
[2017.11.11-03.25.14:862][  0]LogInit: Using libcurl 7.41.0
[2017.11.11-03.25.14:862][  0]LogInit:  - built for x86_64-pc-win32
[2017.11.11-03.25.14:862][  0]LogInit:  - supports SSL with WinSSL
[2017.11.11-03.25.14:862][  0]LogInit:  - other features:
[2017.11.11-03.25.14:862][  0]LogInit:      CURL_VERSION_SSL
[2017.11.11-03.25.14:862][  0]LogInit:      CURL_VERSION_IPV6
[2017.11.11-03.25.14:862][  0]LogInit:      CURL_VERSION_ASYNCHDNS
[2017.11.11-03.25.14:862][  0]LogInit:      CURL_VERSION_LARGEFILE
[2017.11.11-03.25.14:862][  0]LogInit:      CURL_VERSION_IDN
[2017.11.11-03.25.14:862][  0]LogInit:  CurlRequestOptions (configurable via config and command line):
[2017.11.11-03.25.14:862][  0]LogInit:  - bVerifyPeer = true  - Libcurl will verify peer certificate
[2017.11.11-03.25.14:862][  0]LogInit:  - bUseHttpProxy = false  - Libcurl will NOT use HTTP proxy
[2017.11.11-03.25.14:862][  0]LogInit:  - bDontReuseConnections = false  - Libcurl will reuse connections
[2017.11.11-03.25.14:862][  0]LogInit:  - CertBundlePath = nullptr  - Libcurl will use whatever was configured at build time.
[2017.11.11-03.25.14:881][  0]LogOnline:Warning: No default platform service specified for OnlineSubsystem
[2017.11.11-03.25.14:904][  0]LogInit: Presizing for 0 objects not considered by GC, pre-allocating 0 bytes.
[2017.11.11-03.25.14:914][  0]LogInit: Object subsystem initialized
[2017.11.11-03.25.14:915][  0]LogConsoleResponse:Warning: Skipping Unknown console variable: 'TranslucentSortAxis = (X=0.000000,Y=-1.000000,Z=0.000000)'
[2017.11.11-03.25.14:915][  0]LogConsoleResponse:Warning:   Found in ini file 'C:/Users/Max/Desktop/Unreal/TwoDeeTopDown/Saved/Config/Windows/Engine.ini', in section '[/Script/Engine.RendererSettings]'
[2017.11.11-03.25.14:915][  0]LogConsoleResponse:Warning: Skipping Unknown console variable: 'UIScaleRule = ShortestSide'
[2017.11.11-03.25.14:915][  0]LogConsoleResponse:Warning:   Found in ini file 'C:/Users/Max/Desktop/Unreal/TwoDeeTopDown/Saved/Config/Windows/Engine.ini', in section '[/Script/Engine.RendererSettings]'
[2017.11.11-03.25.14:915][  0]LogConsoleResponse:Warning: Skipping Unknown console variable: 'UIScaleCurve = (EditorCurveData=(Keys=),ExternalCurve=None)'
[2017.11.11-03.25.14:915][  0]LogConsoleResponse:Warning:   Found in ini file 'C:/Users/Max/Desktop/Unreal/TwoDeeTopDown/Saved/Config/Windows/Engine.ini', in section '[/Script/Engine.RendererSettings]'
[2017.11.11-03.25.14:916][  0]LogInit: Selected Device Profile: [Windows]
[2017.11.11-03.25.14:916][  0]LogInit: Applying CVar settings loaded from the selected device profile: [Windows]
[2017.11.11-03.25.14:946][  0]LogInit: Computer: DESKTOP-9I2E2DC
[2017.11.11-03.25.14:946][  0]LogInit: User: Max
[2017.11.11-03.25.14:946][  0]LogInit: CPU Page size=4096, Cores=4
[2017.11.11-03.25.14:946][  0]LogInit: High frequency timer resolution =2.610083 MHz
[2017.11.11-03.25.14:946][  0]LogMemory: Memory total: Physical=12.0GB (12GB approx)
[2017.11.11-03.25.14:946][  0]LogMemory: Platform Memory Stats for Windows
[2017.11.11-03.25.14:946][  0]LogMemory: Process Physical Memory: 50.68 MB used, 50.68 MB peak
[2017.11.11-03.25.14:946][  0]LogMemory: Process Virtual Memory: 22.27 MB used, 22.27 MB peak
[2017.11.11-03.25.14:946][  0]LogMemory: Physical Memory: 2522.15 MB used, 12279.08 MB total
[2017.11.11-03.25.14:946][  0]LogMemory: Virtual Memory: 315.20 MB used, 134217728.00 MB total
[2017.11.11-03.25.15:231][  0]LogTextLocalizationManager: The requested culture ('en_US') has no localization data; parent culture's ('en') localization data will be used.
[2017.11.11-03.25.15:568][  0]LogTextLocalizationManager:Warning: Loaded localization resources contain conflicting entries for (Namespace:ContentBrowser, Key:ImportAssetToolTip):
Localization Resource: (C:/Program Files/Epic Games/UE_4.8/Engine/Content/Localization/Editor/en/Editor.locres) Source String Hash: (-630476809) Localized String: (Import to {0}...)
Localization Resource: (C:/Program Files/Epic Games/UE_4.8/Engine/Content/Localization/Editor/en/Editor.locres) Source String Hash: (1271782899) Localized String: (Imports an asset from file to this folder.)
[2017.11.11-03.25.16:963][  0]LogD3D11RHI: Found D3D11 adapter 0: NVIDIA GeForce GTX 670 (Feature Level 11_0)
[2017.11.11-03.25.16:963][  0]LogD3D11RHI: Adapter has 2017MB of dedicated video memory, 0MB of dedicated system memory, and 6139MB of shared system memory, 2 output[s]
[2017.11.11-03.25.16:965][  0]LogD3D11RHI: Found D3D11 adapter 1: Microsoft Basic Render Driver (Feature Level 11_0)
[2017.11.11-03.25.16:965][  0]LogD3D11RHI: Adapter has 0MB of dedicated video memory, 0MB of dedicated system memory, and 6139MB of shared system memory, 0 output[s]
[2017.11.11-03.25.16:965][  0]LogD3D11RHI: Chosen D3D11 Adapter Id = 0
[2017.11.11-03.25.16:970][  0]LogD3D11RHI: InitD3DDevice
[2017.11.11-03.25.16:970][  0]LogD3D11RHI: !Direct3DDevice
[2017.11.11-03.25.16:970][  0]LogRHI: Texture pool is 1361 MB (70% of 1945 MB)
[2017.11.11-03.25.17:824][  0]LogD3D11RHI: Async texture creation enabled
[2017.11.11-03.25.17:876][  0]LogShaderCompilers:Display: Using Local Shader Compiler.
[2017.11.11-03.25.20:002][  0]LogTemp:Display: Loaded TP DesktopTargetPlatform
[2017.11.11-03.25.20:025][  0]LogTemp:Display: Loaded TP WindowsClientTargetPlatform
[2017.11.11-03.25.20:047][  0]LogTemp:Display: Loaded TP WindowsNoEditorTargetPlatform
[2017.11.11-03.25.20:070][  0]LogTemp:Display: Loaded TP WindowsServerTargetPlatform
[2017.11.11-03.25.20:094][  0]LogTemp:Display: Loaded TP WindowsTargetPlatform
[2017.11.11-03.25.20:119][  0]LogTemp:Display: Loaded TP AndroidTargetPlatform
[2017.11.11-03.25.20:139][  0]LogTemp:Display: Loaded TP Android_ASTCTargetPlatform
[2017.11.11-03.25.20:159][  0]LogTemp:Display: Loaded TP Android_ATCTargetPlatform
[2017.11.11-03.25.20:179][  0]LogTemp:Display: Loaded TP Android_DXTTargetPlatform
[2017.11.11-03.25.20:199][  0]LogTemp:Display: Loaded TP Android_ETC1TargetPlatform
[2017.11.11-03.25.20:219][  0]LogTemp:Display: Loaded TP Android_ETC2TargetPlatform
[2017.11.11-03.25.20:239][  0]LogTemp:Display: Loaded TP Android_PVRTCTargetPlatform
[2017.11.11-03.25.20:314][  0]LogTemp:Display: Loaded TP IOSTargetPlatform
[2017.11.11-03.25.20:333][  0]LogTemp:Display: Loaded TP LinuxNoEditorTargetPlatform
[2017.11.11-03.25.20:353][  0]LogTemp:Display: Loaded TP LinuxServerTargetPlatform
[2017.11.11-03.25.20:380][  0]LogTemp:Display: Loaded TP LinuxTargetPlatform
[2017.11.11-03.25.20:380][  0]LogTargetPlatformManager:Display: Building Assets For Windows
[2017.11.11-03.25.20:785][  0]LogDerivedDataCache:Display: Max Cache Size: 512 MB
[2017.11.11-03.25.21:010][  0]LogDerivedDataCache: Loaded boot cache 0.22s 53MB C:/Users/Max/AppData/Local/UnrealEngine/4.8/DerivedDataCache/Boot.ddc.
[2017.11.11-03.25.21:010][  0]LogDerivedDataCache:Display: Loaded Boot cache: C:/Users/Max/AppData/Local/UnrealEngine/4.8/DerivedDataCache/Boot.ddc
[2017.11.11-03.25.21:010][  0]LogDerivedDataCache: FDerivedDataBackendGraph:  Pak pak cache file ../../../../../../Users/Max/Desktop/Unreal/TwoDeeTopDown/DerivedDataCache/DDC.ddp not found, will not use a pak cache.
[2017.11.11-03.25.21:010][  0]LogDerivedDataCache: Unable to find inner node Pak for hierarchical cache Hierarchy.
[2017.11.11-03.25.21:010][  0]LogDerivedDataCache: FDerivedDataBackendGraph:  CompressedPak pak cache file ../../../../../../Users/Max/Desktop/Unreal/TwoDeeTopDown/DerivedDataCache/Compressed.ddp not found, will not use a pak cache.
[2017.11.11-03.25.21:010][  0]LogDerivedDataCache: Unable to find inner node CompressedPak for hierarchical cache Hierarchy.
[2017.11.11-03.25.21:258][  0]LogDerivedDataCache:Display: Pak cache opened for reading ../../../Engine/DerivedDataCache/Compressed.ddp.
[2017.11.11-03.25.21:271][  0]LogDerivedDataCache: Using Local data cache path C:/Users/Max/AppData/Local/UnrealEngine/Common/DerivedDataCache: Writable
[2017.11.11-03.25.22:098][  0]LogInit: Selected Device Profile: [Windows]
[2017.11.11-03.25.22:309][  0]ImportText (ComponentSweepMultiTests): Missing closing parenthesis: (RootShapeAsset="/Engine/BasicShapes/Cube.Cube",ShapeType="TriggerCapsule",HitResult=(Time=0.50,Location=(X=-100.000015,Y=0.0,Z=100.000015),ImpactPoint=(X=-50.0,Y=0.0,Z=50.0),Normal=(X=-1.0,Y=-0.0,Z=0.0),ImpactNormal=(X=0.0,Y=0.0,Z=1.0),TraceStart=(X=-200.0,Y=0.0,Z=200.0),TraceEnd=(X=0.0,Y=0.0,Z=0.0))
[2017.11.11-03.25.22:309][  0]ImportText (LineTraceSingleByChannelTests): Missing closing parenthesis: (RootShapeAsset="/Engine/BasicShapes/Cube.Cube",HitResult=(Time=0.50,Location=(X=-100.000015,Y=0.0,Z=100.000015),ImpactPoint=(X=-50.0,Y=0.0,Z=50.0),Normal=(X=-1.0,Y=-0.0,Z=0.0),ImpactNormal=(X=0.0,Y=0.0,Z=1.0),TraceStart=(X=-200.0,Y=0.0,Z=200.0),TraceEnd=(X=0.0,Y=0.0,Z=0.0))
[2017.11.11-03.25.22:382][  0]LogMeshUtilities: No automatic mesh reduction module available
[2017.11.11-03.25.22:382][  0]LogMeshUtilities: No automatic mesh merging module available
[2017.11.11-03.25.23:386][  0]LogInit: WinSock: version 1.1 (2.2), MaxSocks=32767, MaxUdp=65467
[2017.11.11-03.25.26:922][  0]UdpMessaging: Initializing bridge on interface 0.0.0.0:0 to multicast group 230.0.0.1:6666.
[2017.11.11-03.25.27:692][  0]SourceControl: Info Source control is disabled
[2017.11.11-03.25.27:693][  0]SourceControl: Info Source control is disabled
[2017.11.11-03.25.27:713][  0]SourceControl: Info Source control is disabled
[2017.11.11-03.25.27:732][  0]SourceControl: Info Source control is disabled
[2017.11.11-03.25.28:210][  0]LogObj: 26273 objects as part of root set at end of initial load.
[2017.11.11-03.25.28:210][  0]LogUObjectAllocator: 5409256 out of 0 bytes used by permanent object pool.
[2017.11.11-03.25.28:372][  0]LogEngine: Initializing Engine...
[2017.11.11-03.25.28:377][  0]LogHMD: Can't find Oculus library dev build: is proper Runtime installed? Version: 0.6.0.0
[2017.11.11-03.25.28:400][  0]LogHMD:Warning: SteamVR failed to initialize.  Error: 110
[2017.11.11-03.25.28:805][  0]LogAIModule: Creating AISystem for world NewWorld
[2017.11.11-03.25.28:827][  0]LogInit: XAudio2 using 'Headset Earphone (HyperX 7.1 Audio)' : 2 channels at 48 kHz using 16 bits per sample (channel mask 0x3)
[2017.11.11-03.25.28:856][  0]LogInit: FAudioDevice initialized.
[2017.11.11-03.25.28:892][  0]LogDerivedDataCache: Saved boot cache 0.04s 53MB C:/Users/Max/AppData/Local/UnrealEngine/4.8/DerivedDataCache/Boot.ddc.
[2017.11.11-03.25.28:905][  0]LogInit: Texture streaming: Disabled
[2017.11.11-03.25.28:944][  0]LogAnalytics: Creating configured Analytics provider AnalyticsET
[2017.11.11-03.25.28:945][  0]LogAnalytics: [UEEditor.Rocket.Release] APIServer = http://et2.epicgames.com/ET2/. AppVersion = 4.8.3-2634408+++depot+UE4-Releases+4.8
[2017.11.11-03.25.28:945][  0]LogAnalytics: [UEEditor.Rocket.Release] SetUserId 144d638e4bcfc5d4334e3ea112ef68da|8186b5bca3f9435db9ce45a259e2d8af|fa80414f-c35f-4b26-9592-bd1f0564225a
[2017.11.11-03.25.28:945][  0]LogAnalytics: [UEEditor.Rocket.Release] AnalyticsET::StartSession
[2017.11.11-03.25.28:996][  0]LogInit: Transaction tracking system initialized
[2017.11.11-03.25.29:304][  0]BlueprintLog: New page: Editor Load
[2017.11.11-03.25.29:357][  0]LogAssetRegistry: FAssetRegistry took 0.0121 seconds to start up
[2017.11.11-03.25.29:366][  0]LogDirectoryWatcher:Warning: Failed to begin reading directory changes for ../../../Engine/Plugins/Experimental/CharacterAI/Content/. Error: 0
[2017.11.11-03.25.30:540][  0]LogConsoleManager:Warning: Console variable 'r.VSync' wasn't set ('GameSetting' has a lower priority than 'SystemSettingsIni')
[2017.11.11-03.25.30:540][  0]LogConsoleResponse:Display: 
[2017.11.11-03.25.30:938][  0]LogCook:Display: Done creating registry. It took  0.00s.
[2017.11.11-03.25.31:255][  0]SourceControl: Info Source control is disabled
[2017.11.11-03.25.31:321][  0]LogD3D11RHI: InitD3DDevice
[2017.11.11-03.25.51:198][  0]LogD3D11RHI: InitD3DDevice
[2017.11.11-03.25.53:128][  0]LogWindowsTextInputMethodSystem:Display: IME system now deactivated.
[2017.11.11-03.25.53:177][  0]LogWindowsTextInputMethodSystem:Display: IME system now deactivated.
[2017.11.11-03.25.53:181][  0]LogD3D11RHI: InitD3DDevice
[2017.11.11-03.25.54:784][  0]LogWindowsTextInputMethodSystem:Display: IME system now deactivated.
[2017.11.11-03.25.54:848][  0]LogWindowsTextInputMethodSystem:Display: IME system now deactivated.
[2017.11.11-03.25.54:850][  0]Cmd: MAP LOAD FILE="../../../../../../Users/Max/Desktop/Unreal/TwoDeeTopDown/Content/TwinStickBP/Maps/TwinStickExampleMap.umap" TEMPLATE=0 SHOWPROGRESS=1 FEATURELEVEL=3
[2017.11.11-03.25.54:891][  0]LightingResults: New page: Lighting Build
[2017.11.11-03.25.54:916][  0]MapCheck: New page: Map Check
[2017.11.11-03.25.54:916][  0]LightingResults: New page: Lighting Build
[2017.11.11-03.25.54:931][  0]LogParticles: Destroying 0 GPU particle simulations for FXSystem 0x0000021C8C361300
[2017.11.11-03.25.57:674][  0]LogAIModule: Creating AISystem for world TwinStickExampleMap
[2017.11.11-03.25.57:712][  0]LogEditorServer: Finished looking for orphan Actors (0.000 secs)
[2017.11.11-03.25.57:715][  0]Cmd: MAP CHECKDEP NOCLEARLOG
[2017.11.11-03.25.57:798][  0]MapCheck: Info Map check complete: 0 Error(s), 0 Warning(s), took 82.819ms to complete.
[2017.11.11-03.25.57:798][  0]LogFileHelpers: Loading map 'TwinStickExampleMap' took 2.948
[2017.11.11-03.25.57:991][  0]LogCollectionManager: Loaded 0 collections in 0.002664 seconds
[2017.11.11-03.25.58:003][  0]LogContentBrowser: Native class hierarchy populated in 0.0114 seconds. Added 1792 classes and 301 folders.
[2017.11.11-03.25.58:088][  0]LogContentBrowser: Native class hierarchy updated for 'WidgetCarousel' in 0.0005 seconds. Added 0 classes and 0 folders.
[2017.11.11-03.25.58:298][  0]LogContentBrowser: Native class hierarchy updated for 'AddContentDialog' in 0.0007 seconds. Added 0 classes and 0 folders.
[2017.11.11-03.25.58:328][  0]LogContentBrowser: Native class hierarchy updated for 'SceneOutliner' in 0.0005 seconds. Added 1 classes and 2 folders.
[2017.11.11-03.25.58:416][  0]LogCrashTracker: Crashtracker disabled due to settings.
[2017.11.11-03.25.58:422][  0]LogD3D11RHI: InitD3DDevice
[2017.11.11-03.25.58:427][  0]LogUObjectGlobals:Warning: Failed to find object 'Class None.'
[2017.11.11-03.25.58:452][  0]LogStats:Warning: MetaData mismatch. Did you assign a stat to two groups? New //STATGROUP_Threads//SplashScreenThread///Thread_6b0_0///####STATCAT_Advanced#### old //STATGROUP_Threads//SplashScreenThread///Thread_259c_0///####STATCAT_Advanced####
[2017.11.11-03.25.58:452][  0]LogLoad: Full Startup: 46.35 seconds (BP compile: 1.08 seconds)
[2017.11.11-03.25.58:608][  0]LogContentStreaming: Texture pool size is 0.000000MB
[2017.11.11-03.25.58:674][  0]LogContentStreaming: Texture pool size now 1000 MB
[2017.11.11-03.25.58:974][  0]LogRenderer: Reallocating scene render targets to support 1208x656 (Frame:2).
[2017.11.11-03.25.59:537][ 12]LogD3D11RHI: InitD3DDevice
[2017.11.11-03.25.59:563][ 12]LogAssetRegistry: Asset discovery search completed in 30.2169 seconds
[2017.11.11-03.26.02:104][307]LogD3D11RHI: InitD3DDevice
[2017.11.11-03.26.02:151][307]LogD3D11RHI: InitD3DDevice
[2017.11.11-03.26.02:265][307]LogLinker:Warning: Asset '../../../Engine/Content/ArtTools/RenderToTexture/Macros/RenderToTextureMacros.uasset' has been saved with empty engine version. The asset will be loaded but may be incompatible.
[2017.11.11-03.26.02:343][307]LogLinker:Warning: Asset '../../../Engine/Content/ArtTools/RenderToTexture/Enums/RenderToTexture_Enum.uasset' has been saved with empty engine version. The asset will be loaded but may be incompatible.
[2017.11.11-03.26.03:877][307]LogD3D11RHI: InitD3DDevice
[2017.11.11-03.26.04:215][307]LogD3D11RHI: InitD3DDevice
[2017.11.11-03.26.04:553][307]LogD3D11RHI: InitD3DDevice
[2017.11.11-03.26.04:866][307]LogD3D11RHI: InitD3DDevice
[2017.11.11-03.26.05:207][307]LogD3D11RHI: InitD3DDevice
[2017.11.11-03.26.05:560][307]LogActor:Warning: GameNetworkManager /Engine/Transient.World_5:PersistentLevel.GameNetworkManager_0 has natively added scene component(s), but none of them were set as the actor's RootComponent - picking one arbitrarily
[2017.11.11-03.26.05:744][307]LogGraphPanel:Warning: Found NULL Node in GraphObj array. A node type has been deleted without creating an ActiveClassRedictor to K2Node_DeadClass.
[2017.11.11-03.26.05:744][307]LogGraphPanel:Warning: Found NULL Node in GraphObj array. A node type has been deleted without creating an ActiveClassRedictor to K2Node_DeadClass.
[2017.11.11-03.26.05:744][307]LogGraphPanel:Warning: Found NULL Node in GraphObj array. A node type has been deleted without creating an ActiveClassRedictor to K2Node_DeadClass.
[2017.11.11-03.26.05:746][307]LogGraphPanel:Warning: Found NULL Node in GraphObj array. A node type has been deleted without creating an ActiveClassRedictor to K2Node_DeadClass.
[2017.11.11-03.27.28:986][792]LogD3D11RHI: InitD3DDevice
[2017.11.11-03.27.29:414][812]LogD3D11RHI: InitD3DDevice
[2017.11.11-03.27.31:022][891]LogD3D11RHI: InitD3DDevice
[2017.11.11-03.27.35:305][168]LogD3D11RHI: InitD3DDevice
[2017.11.11-03.28.10:059][805]LogD3D11RHI: InitD3DDevice
[2017.11.11-03.28.16:686][278]LogD3D11RHI: InitD3DDevice
[2017.11.11-03.28.28:187][ 90]LogD3D11RHI: InitD3DDevice
[2017.11.11-03.28.35:062][539]LogD3D11RHI: InitD3DDevice
[2017.11.11-03.28.40:670][931]LogD3D11RHI: InitD3DDevice
[2017.11.11-19.33.59:082][292]LogActorComponent: UnregisterComponent: (/Engine/Transient.CharMoveComp) Not registered. Aborting.
[2017.11.11-19.33.59:087][292]LogActorComponent: UnregisterComponent: (/Engine/Transient.CharacterMovementComponent_0) Not registered. Aborting.
[2017.11.11-19.33.59:087][292]LogActorComponent: UnregisterComponent: (/Engine/Transient.CharacterMovementComponent_1) Not registered. Aborting.
[2017.11.11-19.33.59:087][292]LogActorComponent: UnregisterComponent: (/Engine/Transient.PawnSensingB2F0E4C4194BE0624EF90CAE64E37BD1) Not registered. Aborting.
[2017.11.11-19.33.59:087][292]LogActorComponent: UnregisterComponent: (/Engine/Transient.CharacterMovementComponent_2) Not registered. Aborting.
[2017.11.11-19.33.59:088][292]LogActorComponent: UnregisterComponent: (/Engine/Transient.PawnSensingAAF9AC7F694184D6E2983C8441C4E968) Not registered. Aborting.
[2017.11.11-19.33.59:089][292]LogActorComponent: UnregisterComponent: (/Engine/Transient.ProjectileMovementComponent_8) Not registered. Aborting.
[2017.11.11-19.33.59:089][292]LogActorComponent: UnregisterComponent: (/Engine/Transient.CharacterMovementComponent_3) Not registered. Aborting.
[2017.11.11-19.33.59:790][292]LogActorComponent: UnregisterComponent: (/Engine/Transient.EditorFloorComp) Not registered. Aborting.
[2017.11.11-19.33.59:845][292]LogActorComponent: UnregisterComponent: (/Engine/Transient.EditorFloorComp) Not registered. Aborting.
[2017.11.11-19.33.59:894][292]LogActorComponent: UnregisterComponent: (/Engine/Transient.EditorFloorComp) Not registered. Aborting.
[2017.11.11-19.33.59:963][292]LogActorComponent: UnregisterComponent: (/Engine/Transient.EditorFloorComp) Not registered. Aborting.
[2017.11.11-19.34.00:033][292]LogActorComponent: UnregisterComponent: (/Engine/Transient.EditorFloorComp) Not registered. Aborting.
[2017.11.11-19.34.00:114][292]LogWindowsTextInputMethodSystem:Display: IME system now deactivated.
[2017.11.11-19.34.00:537][293]Cmd: QUIT_EDITOR
[2017.11.11-19.34.00:967][293]LogExit: Preparing to exit.
[2017.11.11-19.34.02:180][293]LogExit: Editor shut down
[2017.11.11-19.34.02:183][293]LogExit: Transaction tracking system shut down
[2017.11.11-19.34.02:185][293]LogParticles: Destroying 0 GPU particle simulations for FXSystem 0x0000021C8C1567A0
[2017.11.11-19.34.02:187][293]LogParticles: Destroying 0 GPU particle simulations for FXSystem 0x0000021C94B4B600
[2017.11.11-19.34.02:187][293]LogParticles: Destroying 0 GPU particle simulations for FXSystem 0x0000021C9245D580
[2017.11.11-19.34.02:188][293]LogParticles: Destroying 0 GPU particle simulations for FXSystem 0x0000021CB4BC8A40
[2017.11.11-19.34.02:189][293]LogParticles: Destroying 0 GPU particle simulations for FXSystem 0x0000021CFD2F6A20
[2017.11.11-19.34.02:190][293]LogParticles: Destroying 0 GPU particle simulations for FXSystem 0x0000021CAFA8CD60
[2017.11.11-19.34.02:191][293]LogParticles: Destroying 0 GPU particle simulations for FXSystem 0x0000021CB41C2B60
[2017.11.11-19.34.02:191][293]LogParticles: Destroying 0 GPU particle simulations for FXSystem 0x0000021CC6598400
[2017.11.11-19.34.02:194][293]LogParticles: Destroying 0 GPU particle simulations for FXSystem 0x0000021CCAAC7740
[2017.11.11-19.34.02:194][293]LogParticles: Destroying 0 GPU particle simulations for FXSystem 0x0000021CB9739580
[2017.11.11-19.34.02:501][293]LogExit: Object subsystem successfully closed.
[2017.11.11-19.34.02:565][293]LogD3D11RHI: Shutdown
[2017.11.11-19.34.02:565][293]LogD3D11RHI: CleanupD3DDevice
[2017.11.11-19.34.02:665][293]LogD3D11RHI: ~FD3D11DynamicRHI
[2017.11.11-19.34.02:714][293]LogModuleManager: Shutting down and abandoning module CrashTracker (188)
[2017.11.11-19.34.02:714][293]LogModuleManager: Shutting down and abandoning module SceneOutliner (187)
[2017.11.11-19.34.02:719][293]LogModuleManager: Shutting down and abandoning module SuperSearch (186)
[2017.11.11-19.34.02:719][293]LogModuleManager: Shutting down and abandoning module WidgetCarousel (185)
[2017.11.11-19.34.02:720][293]LogModuleManager: Shutting down and abandoning module AddContentDialog (184)
[2017.11.11-19.34.02:725][293]LogModuleManager: Shutting down and abandoning module EditorWidgets (183)
[2017.11.11-19.34.02:725][293]LogModuleManager: Shutting down and abandoning module CollectionManager (182)
[2017.11.11-19.34.02:726][293]LogModuleManager: Shutting down and abandoning module StatsViewer (181)
[2017.11.11-19.34.02:727][293]LogModuleManager: Shutting down and abandoning module FoliageEdit (180)
[2017.11.11-19.34.02:729][293]LogModuleManager: Shutting down and abandoning module LandscapeEditor (179)
[2017.11.11-19.34.02:733][293]LogModuleManager: Shutting down and abandoning module ActorPickerMode (178)
[2017.11.11-19.34.02:733][293]LogModuleManager: Shutting down and abandoning module GeometryMode (177)
[2017.11.11-19.34.02:733][293]LogModuleManager: Shutting down and abandoning module TextureAlignMode (176)
[2017.11.11-19.34.02:733][293]LogModuleManager: Shutting down and abandoning module BspMode (175)
[2017.11.11-19.34.02:733][293]LogModuleManager: Shutting down and abandoning module PlacementMode (174)
[2017.11.11-19.34.02:733][293]LogModuleManager: Shutting down and abandoning module AutomationWorker (173)
[2017.11.11-19.34.02:733][293]LogModuleManager: Shutting down and abandoning module CharacterAI (172)
[2017.11.11-19.34.02:733][293]LogModuleManager: Shutting down and abandoning module SmartSnapping (171)
[2017.11.11-19.34.02:733][293]LogModuleManager: Shutting down and abandoning module ViewportSnapping (170)
[2017.11.11-19.34.02:733][293]LogModuleManager: Shutting down and abandoning module LogVisualizer (169)
[2017.11.11-19.34.02:734][293]LogModuleManager: Shutting down and abandoning module GameProjectGeneration (168)
[2017.11.11-19.34.02:736][293]LogModuleManager: Shutting down and abandoning module IntroTutorials (167)
[2017.11.11-19.34.02:738][293]LogModuleManager: Shutting down and abandoning module EditorLiveStreaming (166)
[2017.11.11-19.34.02:738][293]LogModuleManager: Shutting down and abandoning module IOSPlatformEditor (165)
[2017.11.11-19.34.02:738][293]LogModuleManager: Shutting down and abandoning module HTML5PlatformEditor (164)
[2017.11.11-19.34.02:738][293]LogModuleManager: Shutting down and abandoning module AndroidDeviceDetection (163)
[2017.11.11-19.34.03:097][293]LogModuleManager: Shutting down and abandoning module AndroidPlatformEditor (162)
[2017.11.11-19.34.03:097][293]LogModuleManager: Shutting down and abandoning module IOSRuntimeSettings (161)
[2017.11.11-19.34.03:097][293]LogModuleManager: Shutting down and abandoning module AndroidRuntimeSettings (160)
[2017.11.11-19.34.03:097][293]LogModuleManager: Shutting down and abandoning module MergeActors (159)
[2017.11.11-19.34.03:097][293]LogModuleManager: Shutting down and abandoning module SizeMap (158)
[2017.11.11-19.34.03:097][293]LogModuleManager: Shutting down and abandoning module TreeMap (157)
[2017.11.11-19.34.03:098][293]LogModuleManager: Shutting down and abandoning module ReferenceViewer (156)
[2017.11.11-19.34.03:098][293]LogModuleManager: Shutting down and abandoning module LocalizationDashboard (155)
[2017.11.11-19.34.03:098][293]LogModuleManager: Shutting down and abandoning module HardwareTargeting (154)
[2017.11.11-19.34.03:098][293]LogModuleManager: Shutting down and abandoning module DeviceProfileEditor (153)
[2017.11.11-19.34.03:099][293]LogModuleManager: Shutting down and abandoning module UndoHistory (152)
[2017.11.11-19.34.03:099][293]LogModuleManager: Shutting down and abandoning module GameplayTagsEditor (151)
[2017.11.11-19.34.03:099][293]LogModuleManager: Shutting down and abandoning module UserFeedback (150)
[2017.11.11-19.34.03:099][293]LogModuleManager: Shutting down and abandoning module XmlParser (149)
[2017.11.11-19.34.03:099][293]LogModuleManager: Shutting down and abandoning module Blutility (148)
[2017.11.11-19.34.03:099][293]LogModuleManager: Shutting down and abandoning module ProjectTargetPlatformEditor (147)
[2017.11.11-19.34.03:100][293]LogModuleManager: Shutting down and abandoning module ProjectSettingsViewer (146)
[2017.11.11-19.34.03:100][293]LogModuleManager: Shutting down and abandoning module InputBindingEditor (145)
[2017.11.11-19.34.03:100][293]LogModuleManager: Shutting down and abandoning module EditorSettingsViewer (144)
[2017.11.11-19.34.03:101][293]LogModuleManager: Shutting down and abandoning module SettingsEditor (143)
[2017.11.11-19.34.03:101][293]LogModuleManager: Shutting down and abandoning module ProjectLauncher (142)
[2017.11.11-19.34.03:102][293]LogModuleManager: Shutting down and abandoning module SessionFrontend (141)
[2017.11.11-19.34.03:102][293]LogModuleManager: Shutting down and abandoning module ProfilerClient (140)
[2017.11.11-19.34.03:102][293]LogModuleManager: Shutting down and abandoning module TargetDeviceServices (139)
[2017.11.11-19.34.03:103][293]LogModuleManager: Shutting down and abandoning module DeviceManager (138)
[2017.11.11-19.34.03:103][293]LogModuleManager: Shutting down and abandoning module AutomationController (137)
[2017.11.11-19.34.03:103][293]LogModuleManager: Shutting down and abandoning module AutomationWindow (136)
[2017.11.11-19.34.03:104][293]LogModuleManager: Shutting down and abandoning module Layers (135)
[2017.11.11-19.34.03:105][293]LogModuleManager: Shutting down and abandoning module ComponentVisualizers (134)
[2017.11.11-19.34.03:106][293]LogModuleManager: Shutting down and abandoning module DetailCustomizations (133)
[2017.11.11-19.34.03:106][293]LogModuleManager: Shutting down and abandoning module PackagesDialog (132)
[2017.11.11-19.34.03:107][293]LogModuleManager: Shutting down and abandoning module AssetRegistry (131)
[2017.11.11-19.34.03:304][293]LogModuleManager: Shutting down and abandoning module Persona (130)
[2017.11.11-19.34.03:305][293]LogModuleManager: Shutting down and abandoning module Kismet (129)
[2017.11.11-19.34.03:306][293]LogModuleManager: Shutting down and abandoning module GraphEditor (128)
[2017.11.11-19.34.03:306][293]LogModuleManager: Shutting down and abandoning module ClassViewer (127)
[2017.11.11-19.34.03:306][293]LogModuleManager: Shutting down and abandoning module Toolbox (126)
[2017.11.11-19.34.03:306][293]LogModuleManager: Shutting down and abandoning module ModuleUI (125)
[2017.11.11-19.34.03:306][293]LogModuleManager: Shutting down and abandoning module MovieSceneTools (124)
[2017.11.11-19.34.03:307][293]LogModuleManager: Shutting down and abandoning module OutputLog (123)
[2017.11.11-19.34.03:307][293]LogModuleManager: Shutting down and abandoning module GammaUI (122)
[2017.11.11-19.34.03:307][293]LogModuleManager: Shutting down and abandoning module Documentation (121)
[2017.11.11-19.34.03:308][293]LogModuleManager: Shutting down and abandoning module GameLiveStreaming (120)
[2017.11.11-19.34.03:308][293]LogModuleManager: Shutting down and abandoning module StreamingPauseRendering (119)
[2017.11.11-19.34.03:308][293]LogModuleManager: Shutting down and abandoning module AnalyticsET (118)
[2017.11.11-19.34.03:308][293]LogModuleManager: Shutting down and abandoning module Analytics (117)
[2017.11.11-19.34.03:308][293]LogModuleManager: Shutting down and abandoning module AITestSuite (116)
[2017.11.11-19.34.03:308][293]LogModuleManager: Shutting down and abandoning module GameplayDebugger (115)
[2017.11.11-19.34.03:308][293]LogModuleManager: Shutting down and abandoning module AIModule (114)
[2017.11.11-19.34.03:309][293]LogModuleManager: Shutting down and abandoning module ProfilerService (113)
[2017.11.11-19.34.03:318][293]LogModuleManager: Shutting down and abandoning module TaskGraph (112)
[2017.11.11-19.34.03:319][293]LogModuleManager: Shutting down and abandoning module SlateRemote (111)
[2017.11.11-19.34.03:319][293]LogModuleManager: Shutting down and abandoning module SteamVRController (110)
[2017.11.11-19.34.03:319][293]LogModuleManager: Shutting down and abandoning module SteamVR (109)
[2017.11.11-19.34.03:319][293]LogModuleManager: Shutting down and abandoning module ProceduralMeshComponent (108)
[2017.11.11-19.34.03:319][293]LogModuleManager: Shutting down and abandoning module OculusRift (107)
[2017.11.11-19.34.03:319][293]LogModuleManager: Shutting down and abandoning module LeapMotionController (106)
[2017.11.11-19.34.03:333][293]LogModuleManager: Shutting down and abandoning module CustomMeshComponent (105)
[2017.11.11-19.34.03:333][293]LogModuleManager: Shutting down and abandoning module CableComponent (104)
[2017.11.11-19.34.03:334][293]LogModuleManager: Shutting down and abandoning module MessagingDebugger (103)
[2017.11.11-19.34.03:335][293]LogModuleManager: Shutting down and abandoning module MediaPlayerEditor (102)
[2017.11.11-19.34.03:336][293]LogModuleManager: Shutting down and abandoning module SpeedTreeImporter (101)
[2017.11.11-19.34.03:336][293]LogModuleManager: Shutting down and abandoning module PluginBrowser (100)
[2017.11.11-19.34.03:337][293]LogModuleManager: Shutting down and abandoning module EpicSurvey (99)
[2017.11.11-19.34.03:337][293]LogModuleManager: Shutting down and abandoning module DesktopPlatform (98)
[2017.11.11-19.34.03:338][293]LogModuleManager: Shutting down and abandoning module VisualStudioSourceCodeAccess (97)
[2017.11.11-19.34.03:338][293]LogModuleManager: Shutting down and abandoning module UObjectPlugin (96)
[2017.11.11-19.34.03:338][293]LogModuleManager: Shutting down and abandoning module SubversionSourceControl (95)
[2017.11.11-19.34.03:339][293]LogModuleManager: Shutting down and abandoning module PerforceSourceControl (94)
[2017.11.11-19.34.03:339][293]LogModuleManager: Shutting down and abandoning module SourceControl (93)
[2017.11.11-19.34.03:340][293]LogModuleManager: Shutting down and abandoning module GitSourceControl (92)
[2017.11.11-19.34.03:340][293]LogModuleManager: Shutting down and abandoning module BlankPlugin (91)
[2017.11.11-19.34.03:340][293]LogModuleManager: Shutting down and abandoning module PaperTiledImporter (90)
[2017.11.11-19.34.03:341][293]LogModuleManager: Shutting down and abandoning module PaperSpriteSheetImporter (89)
[2017.11.11-19.34.03:341][293]LogModuleManager: Shutting down and abandoning module MeshPaint (88)
[2017.11.11-19.34.03:341][293]LogModuleManager: Shutting down and abandoning module SlateReflector (87)
[2017.11.11-19.34.03:342][293]LogModuleManager: Shutting down and abandoning module DirectoryWatcher (86)
[2017.11.11-19.34.03:345][293]LogModuleManager: Shutting down and abandoning module HotReload (85)
[2017.11.11-19.34.03:345][293]LogModuleManager: Shutting down and abandoning module MainFrame (84)
[2017.11.11-19.34.03:345][293]LogModuleManager: Shutting down and abandoning module LevelEditor (83)
[2017.11.11-19.34.03:348][293]LogModuleManager: Shutting down and abandoning module ContentBrowser (82)
[2017.11.11-19.34.03:349][293]LogModuleManager: Shutting down and abandoning module Paper2DEditor (81)
[2017.11.11-19.34.03:350][293]LogModuleManager: Shutting down and abandoning module UdpMessaging (80)
[2017.11.11-19.34.03:451][293]LogModuleManager: Shutting down and abandoning module Paper2D (79)
[2017.11.11-19.34.03:452][293]LogModuleManager: Shutting down and abandoning module WindowsMoviePlayer (78)
[2017.11.11-19.34.03:458][293]LogModuleManager: Shutting down and abandoning module Media (77)
[2017.11.11-19.34.03:458][293]LogModuleManager: Shutting down and abandoning module WmfMedia (76)
[2017.11.11-19.34.03:458][293]LogModuleManager: Shutting down and abandoning module OnlineBlueprintSupport (75)
[2017.11.11-19.34.03:458][293]LogModuleManager: Shutting down and abandoning module PropertyEditor (74)
[2017.11.11-19.34.03:458][293]LogModuleManager: Shutting down and abandoning module BehaviorTreeEditor (73)
[2017.11.11-19.34.03:459][293]LogModuleManager: Shutting down and abandoning module FunctionalTesting (72)
[2017.11.11-19.34.03:460][293]LogModuleManager: Shutting down and abandoning module CollisionAnalyzer (71)
[2017.11.11-19.34.03:460][293]LogModuleManager: Shutting down and abandoning module WorkspaceMenuStructure (70)
[2017.11.11-19.34.03:461][293]LogModuleManager: Shutting down and abandoning module MessageLog (69)
[2017.11.11-19.34.03:461][293]LogModuleManager: Shutting down and abandoning module Sequencer (68)
[2017.11.11-19.34.03:462][293]LogModuleManager: Shutting down and abandoning module AssetTools (67)
[2017.11.11-19.34.03:464][293]LogModuleManager: Shutting down and abandoning module UMGEditor (66)
[2017.11.11-19.34.03:465][293]LogModuleManager: Shutting down and abandoning module UMG (65)
[2017.11.11-19.34.03:466][293]LogModuleManager: Shutting down and abandoning module Slate (64)
[2017.11.11-19.34.03:466][293]LogModuleManager: Shutting down and abandoning module EditorStyle (63)
[2017.11.11-19.34.03:473][293]LogModuleManager: Shutting down and abandoning module SessionServices (62)
[2017.11.11-19.34.03:473][293]LogModuleManager: Shutting down and abandoning module SourceCodeAccess (61)
[2017.11.11-19.34.03:473][293]LogModuleManager: Shutting down and abandoning module HeadMountedDisplay (60)
[2017.11.11-19.34.03:474][293]LogModuleManager: Shutting down and abandoning module XAudio2 (59)
[2017.11.11-19.34.03:474][293]LogModuleManager: Shutting down and abandoning module Networking (57)
[2017.11.11-19.34.03:474][293]LogModuleManager: Shutting down and abandoning module Core (56)
[2017.11.11-19.34.03:474][293]LogModuleManager: Shutting down and abandoning module KismetCompiler (55)
[2017.11.11-19.34.03:474][293]LogModuleManager: Shutting down and abandoning module PhysXFormats (54)
[2017.11.11-19.34.03:474][293]LogModuleManager: Shutting down and abandoning module MeshUtilities (53)
[2017.11.11-19.34.03:475][293]LogModuleManager: Shutting down and abandoning module DerivedDataCache (52)
[2017.11.11-19.34.03:483][293]LogDerivedDataCache: Shutdown
[2017.11.11-19.34.03:483][293]LogModuleManager: Shutting down and abandoning module ShaderFormatOpenGL (51)
[2017.11.11-19.34.03:484][293]LogModuleManager: Shutting down and abandoning module ShaderFormatD3D (50)
[2017.11.11-19.34.03:484][293]LogModuleManager: Shutting down and abandoning module MetalShaderFormat (49)
[2017.11.11-19.34.03:484][293]LogModuleManager: Shutting down and abandoning module TextureFormatUncompressed (48)
[2017.11.11-19.34.03:484][293]LogModuleManager: Shutting down and abandoning module TextureFormatPVR (47)
[2017.11.11-19.34.03:484][293]LogModuleManager: Shutting down and abandoning module TextureFormatIntelISPCTexComp (46)
[2017.11.11-19.34.03:485][293]LogModuleManager: Shutting down and abandoning module TextureFormatDXT (45)
[2017.11.11-19.34.03:485][293]LogModuleManager: Shutting down and abandoning module ImageWrapper (44)
[2017.11.11-19.34.03:485][293]LogModuleManager: Shutting down and abandoning module TextureFormatASTC (43)
[2017.11.11-19.34.03:485][293]LogModuleManager: Shutting down and abandoning module TextureFormatAndroid (42)
[2017.11.11-19.34.03:485][293]LogModuleManager: Shutting down and abandoning module AudioFormatOpus (41)
[2017.11.11-19.34.03:485][293]LogModuleManager: Shutting down and abandoning module AudioFormatOgg (40)
[2017.11.11-19.34.03:485][293]LogModuleManager: Shutting down and abandoning module AudioFormatADPCM (39)
[2017.11.11-19.34.03:485][293]LogModuleManager: Shutting down and abandoning module LinuxTargetPlatform (38)
[2017.11.11-19.34.03:485][293]LogModuleManager: Shutting down and abandoning module LinuxServerTargetPlatform (37)
[2017.11.11-19.34.03:486][293]LogModuleManager: Shutting down and abandoning module LinuxNoEditorTargetPlatform (36)
[2017.11.11-19.34.03:486][293]LogModuleManager: Shutting down and abandoning module Messaging (35)
[2017.11.11-19.34.03:486][293]LogModuleManager: Shutting down and abandoning module IOSTargetPlatform (34)
[2017.11.11-19.34.03:486][293]LogModuleManager: Shutting down and abandoning module HTML5TargetPlatform (33)
[2017.11.11-19.34.03:486][293]LogModuleManager: Shutting down and abandoning module Android_PVRTCTargetPlatform (32)
[2017.11.11-19.34.03:486][293]LogModuleManager: Shutting down and abandoning module Android_ETC2TargetPlatform (31)
[2017.11.11-19.34.03:486][293]LogModuleManager: Shutting down and abandoning module Android_ETC1TargetPlatform (30)
[2017.11.11-19.34.03:486][293]LogModuleManager: Shutting down and abandoning module Android_DXTTargetPlatform (29)
[2017.11.11-19.34.03:486][293]LogModuleManager: Shutting down and abandoning module Android_ATCTargetPlatform (28)
[2017.11.11-19.34.03:486][293]LogModuleManager: Shutting down and abandoning module Android_ASTCTargetPlatform (27)
[2017.11.11-19.34.03:486][293]LogModuleManager: Shutting down and abandoning module AndroidTargetPlatform (26)
[2017.11.11-19.34.03:486][293]LogModuleManager: Shutting down and abandoning module WindowsTargetPlatform (25)
[2017.11.11-19.34.03:486][293]LogModuleManager: Shutting down and abandoning module WindowsServerTargetPlatform (24)
[2017.11.11-19.34.03:486][293]LogModuleManager: Shutting down and abandoning module WindowsNoEditorTargetPlatform (23)
[2017.11.11-19.34.03:486][293]LogModuleManager: Shutting down and abandoning module WindowsClientTargetPlatform (22)
[2017.11.11-19.34.03:486][293]LogModuleManager: Shutting down and abandoning module DesktopTargetPlatform (21)
[2017.11.11-19.34.03:486][293]LogModuleManager: Shutting down and abandoning module TargetPlatform (20)
[2017.11.11-19.34.03:486][293]LogModuleManager: Shutting down and abandoning module InputCore (19)
[2017.11.11-19.34.03:486][293]LogModuleManager: Shutting down and abandoning module Settings (18)
[2017.11.11-19.34.03:487][293]LogModuleManager: Shutting down and abandoning module OnlineSubsystem (16)
[2017.11.11-19.34.03:487][293]LogModuleManager: Shutting down and abandoning module HTTP (15)
[2017.11.11-19.34.03:487][293]LogModuleManager: Shutting down and abandoning module ExampleDeviceProfileSelector (14)
[2017.11.11-19.34.03:488][293]LogModuleManager: Shutting down and abandoning module TextureCompressor (13)
[2017.11.11-19.34.03:488][293]LogModuleManager: Shutting down and abandoning module ShaderCore (12)
[2017.11.11-19.34.03:488][293]LogModuleManager: Shutting down and abandoning module Landscape (11)
[2017.11.11-19.34.03:488][293]LogModuleManager: Shutting down and abandoning module SlateRHIRenderer (10)
[2017.11.11-19.34.03:504][293]LogModuleManager: Shutting down and abandoning module OpenGLDrv (9)
[2017.11.11-19.34.03:504][293]LogModuleManager: Shutting down and abandoning module D3D11RHI (8)
[2017.11.11-19.34.03:504][293]LogModuleManager: Shutting down and abandoning module Renderer (7)
[2017.11.11-19.34.03:504][293]LogModuleManager: Shutting down and abandoning module Engine (6)
[2017.11.11-19.34.03:504][293]LogModuleManager: Shutting down and abandoning module CoreUObject (5)
[2017.11.11-19.34.03:504][293]LogModuleManager: Shutting down and abandoning module NetworkFile (4)
[2017.11.11-19.34.03:505][293]LogModuleManager: Shutting down and abandoning module StreamingFile (3)
[2017.11.11-19.34.03:505][293]LogModuleManager: Shutting down and abandoning module SandboxFile (2)
[2017.11.11-19.34.03:505][293]LogModuleManager: Shutting down and abandoning module PakFile (1)
[2017.11.11-19.34.03:507][293]LogExit: Exiting.
[2017.11.11-19.34.03:534][293]Log file closed, 11/11/17 14:34:03
