[2017.11.11-01.04.20:927][  0]Log file open, 11/10/17 20:04:20
[2017.11.11-01.04.20:927][  0]LogInit:Display: Running engine for game: TwoDeeTopDown
[2017.11.11-01.04.20:927][  0]LogInit:Display: RandInit(1409968253) SRandInit(1409968254).
[2017.11.11-01.04.20:927][  0]LogTaskGraph: Started task graph with 4 named threads and 7 total threads.
[2017.11.11-01.04.20:927][  0]LogStats: Stats thread started
[2017.11.11-01.04.20:927][  0]LogInit: Version: 4.8.3-2634408+++depot+UE4-Releases+4.8
[2017.11.11-01.04.20:927][  0]LogInit: API Version: 2579680
[2017.11.11-01.04.20:927][  0]LogInit: Compiled (64-bit): Jul 27 2015 16:24:33
[2017.11.11-01.04.20:927][  0]LogInit: Compiled with Visual C++: 18.00.21005.01
[2017.11.11-01.04.20:927][  0]LogInit: Build Configuration: Development
[2017.11.11-01.04.20:927][  0]LogInit: Branch Name: ++depot+UE4-Releases+4.8
[2017.11.11-01.04.20:927][  0]LogInit: Command line:  
[2017.11.11-01.04.20:927][  0]LogInit: Base directory: C:/Program Files/Epic Games/UE_4.8/Engine/Binaries/Win64/
[2017.11.11-01.04.20:927][  0]LogInit: Rocket: 1
[2017.11.11-01.04.20:948][  0]LogInit: Using libcurl 7.41.0
[2017.11.11-01.04.20:948][  0]LogInit:  - built for x86_64-pc-win32
[2017.11.11-01.04.20:948][  0]LogInit:  - supports SSL with WinSSL
[2017.11.11-01.04.20:948][  0]LogInit:  - other features:
[2017.11.11-01.04.20:948][  0]LogInit:      CURL_VERSION_SSL
[2017.11.11-01.04.20:948][  0]LogInit:      CURL_VERSION_IPV6
[2017.11.11-01.04.20:948][  0]LogInit:      CURL_VERSION_ASYNCHDNS
[2017.11.11-01.04.20:948][  0]LogInit:      CURL_VERSION_LARGEFILE
[2017.11.11-01.04.20:948][  0]LogInit:      CURL_VERSION_IDN
[2017.11.11-01.04.20:948][  0]LogInit:  CurlRequestOptions (configurable via config and command line):
[2017.11.11-01.04.20:948][  0]LogInit:  - bVerifyPeer = true  - Libcurl will verify peer certificate
[2017.11.11-01.04.20:948][  0]LogInit:  - bUseHttpProxy = false  - Libcurl will NOT use HTTP proxy
[2017.11.11-01.04.20:948][  0]LogInit:  - bDontReuseConnections = false  - Libcurl will reuse connections
[2017.11.11-01.04.20:948][  0]LogInit:  - CertBundlePath = nullptr  - Libcurl will use whatever was configured at build time.
[2017.11.11-01.04.20:968][  0]LogOnline:Warning: No default platform service specified for OnlineSubsystem
[2017.11.11-01.04.20:990][  0]LogInit: Presizing for 0 objects not considered by GC, pre-allocating 0 bytes.
[2017.11.11-01.04.21:000][  0]LogInit: Object subsystem initialized
[2017.11.11-01.04.21:001][  0]LogConsoleResponse:Warning: Skipping Unknown console variable: 'TranslucentSortAxis = (X=0.000000,Y=-1.000000,Z=0.000000)'
[2017.11.11-01.04.21:001][  0]LogConsoleResponse:Warning:   Found in ini file 'C:/Users/Max/Desktop/Unreal/TwoDeeTopDown/Saved/Config/Windows/Engine.ini', in section '[/Script/Engine.RendererSettings]'
[2017.11.11-01.04.21:001][  0]LogConsoleResponse:Warning: Skipping Unknown console variable: 'UIScaleRule = ShortestSide'
[2017.11.11-01.04.21:001][  0]LogConsoleResponse:Warning:   Found in ini file 'C:/Users/Max/Desktop/Unreal/TwoDeeTopDown/Saved/Config/Windows/Engine.ini', in section '[/Script/Engine.RendererSettings]'
[2017.11.11-01.04.21:001][  0]LogConsoleResponse:Warning: Skipping Unknown console variable: 'UIScaleCurve = (EditorCurveData=(Keys=),ExternalCurve=None)'
[2017.11.11-01.04.21:001][  0]LogConsoleResponse:Warning:   Found in ini file 'C:/Users/Max/Desktop/Unreal/TwoDeeTopDown/Saved/Config/Windows/Engine.ini', in section '[/Script/Engine.RendererSettings]'
[2017.11.11-01.04.21:002][  0]LogInit: Selected Device Profile: [Windows]
[2017.11.11-01.04.21:002][  0]LogInit: Applying CVar settings loaded from the selected device profile: [Windows]
[2017.11.11-01.04.21:038][  0]LogInit: Computer: DESKTOP-9I2E2DC
[2017.11.11-01.04.21:038][  0]LogInit: User: Max
[2017.11.11-01.04.21:038][  0]LogInit: CPU Page size=4096, Cores=4
[2017.11.11-01.04.21:038][  0]LogInit: High frequency timer resolution =2.610084 MHz
[2017.11.11-01.04.21:038][  0]LogMemory: Memory total: Physical=12.0GB (12GB approx)
[2017.11.11-01.04.21:038][  0]LogMemory: Platform Memory Stats for Windows
[2017.11.11-01.04.21:038][  0]LogMemory: Process Physical Memory: 50.68 MB used, 50.68 MB peak
[2017.11.11-01.04.21:038][  0]LogMemory: Process Virtual Memory: 22.28 MB used, 22.28 MB peak
[2017.11.11-01.04.21:038][  0]LogMemory: Physical Memory: 2764.29 MB used, 12279.08 MB total
[2017.11.11-01.04.21:038][  0]LogMemory: Virtual Memory: 315.20 MB used, 134217728.00 MB total
[2017.11.11-01.04.21:322][  0]LogTextLocalizationManager: The requested culture ('en_US') has no localization data; parent culture's ('en') localization data will be used.
[2017.11.11-01.04.21:662][  0]LogTextLocalizationManager:Warning: Loaded localization resources contain conflicting entries for (Namespace:ContentBrowser, Key:ImportAssetToolTip):
Localization Resource: (C:/Program Files/Epic Games/UE_4.8/Engine/Content/Localization/Editor/en/Editor.locres) Source String Hash: (-630476809) Localized String: (Import to {0}...)
Localization Resource: (C:/Program Files/Epic Games/UE_4.8/Engine/Content/Localization/Editor/en/Editor.locres) Source String Hash: (1271782899) Localized String: (Imports an asset from file to this folder.)
[2017.11.11-01.04.23:083][  0]LogD3D11RHI: Found D3D11 adapter 0: NVIDIA GeForce GTX 670 (Feature Level 11_0)
[2017.11.11-01.04.23:083][  0]LogD3D11RHI: Adapter has 2017MB of dedicated video memory, 0MB of dedicated system memory, and 6139MB of shared system memory, 2 output[s]
[2017.11.11-01.04.23:085][  0]LogD3D11RHI: Found D3D11 adapter 1: Microsoft Basic Render Driver (Feature Level 11_0)
[2017.11.11-01.04.23:085][  0]LogD3D11RHI: Adapter has 0MB of dedicated video memory, 0MB of dedicated system memory, and 6139MB of shared system memory, 0 output[s]
[2017.11.11-01.04.23:085][  0]LogD3D11RHI: Chosen D3D11 Adapter Id = 0
[2017.11.11-01.04.23:091][  0]LogD3D11RHI: InitD3DDevice
[2017.11.11-01.04.23:091][  0]LogD3D11RHI: !Direct3DDevice
[2017.11.11-01.04.23:091][  0]LogRHI: Texture pool is 1361 MB (70% of 1945 MB)
[2017.11.11-01.04.23:945][  0]LogD3D11RHI: Async texture creation enabled
[2017.11.11-01.04.23:998][  0]LogShaderCompilers:Display: Using Local Shader Compiler.
[2017.11.11-01.04.26:323][  0]LogTemp:Display: Loaded TP DesktopTargetPlatform
[2017.11.11-01.04.26:357][  0]LogTemp:Display: Loaded TP WindowsClientTargetPlatform
[2017.11.11-01.04.26:389][  0]LogTemp:Display: Loaded TP WindowsNoEditorTargetPlatform
[2017.11.11-01.04.26:414][  0]LogTemp:Display: Loaded TP WindowsServerTargetPlatform
[2017.11.11-01.04.26:446][  0]LogTemp:Display: Loaded TP WindowsTargetPlatform
[2017.11.11-01.04.26:475][  0]LogTemp:Display: Loaded TP AndroidTargetPlatform
[2017.11.11-01.04.26:496][  0]LogTemp:Display: Loaded TP Android_ASTCTargetPlatform
[2017.11.11-01.04.26:517][  0]LogTemp:Display: Loaded TP Android_ATCTargetPlatform
[2017.11.11-01.04.26:539][  0]LogTemp:Display: Loaded TP Android_DXTTargetPlatform
[2017.11.11-01.04.26:562][  0]LogTemp:Display: Loaded TP Android_ETC1TargetPlatform
[2017.11.11-01.04.26:584][  0]LogTemp:Display: Loaded TP Android_ETC2TargetPlatform
[2017.11.11-01.04.26:606][  0]LogTemp:Display: Loaded TP Android_PVRTCTargetPlatform
[2017.11.11-01.04.26:687][  0]LogTemp:Display: Loaded TP IOSTargetPlatform
[2017.11.11-01.04.26:711][  0]LogTemp:Display: Loaded TP LinuxNoEditorTargetPlatform
[2017.11.11-01.04.26:738][  0]LogTemp:Display: Loaded TP LinuxServerTargetPlatform
[2017.11.11-01.04.26:773][  0]LogTemp:Display: Loaded TP LinuxTargetPlatform
[2017.11.11-01.04.26:773][  0]LogTargetPlatformManager:Display: Building Assets For Windows
[2017.11.11-01.04.27:258][  0]LogDerivedDataCache:Display: Max Cache Size: 512 MB
[2017.11.11-01.04.27:499][  0]LogDerivedDataCache: Loaded boot cache 0.24s 53MB C:/Users/Max/AppData/Local/UnrealEngine/4.8/DerivedDataCache/Boot.ddc.
[2017.11.11-01.04.27:499][  0]LogDerivedDataCache:Display: Loaded Boot cache: C:/Users/Max/AppData/Local/UnrealEngine/4.8/DerivedDataCache/Boot.ddc
[2017.11.11-01.04.27:499][  0]LogDerivedDataCache: FDerivedDataBackendGraph:  Pak pak cache file ../../../../../../Users/Max/Desktop/Unreal/TwoDeeTopDown/DerivedDataCache/DDC.ddp not found, will not use a pak cache.
[2017.11.11-01.04.27:499][  0]LogDerivedDataCache: Unable to find inner node Pak for hierarchical cache Hierarchy.
[2017.11.11-01.04.27:499][  0]LogDerivedDataCache: FDerivedDataBackendGraph:  CompressedPak pak cache file ../../../../../../Users/Max/Desktop/Unreal/TwoDeeTopDown/DerivedDataCache/Compressed.ddp not found, will not use a pak cache.
[2017.11.11-01.04.27:499][  0]LogDerivedDataCache: Unable to find inner node CompressedPak for hierarchical cache Hierarchy.
[2017.11.11-01.04.27:751][  0]LogDerivedDataCache:Display: Pak cache opened for reading ../../../Engine/DerivedDataCache/Compressed.ddp.
[2017.11.11-01.04.27:763][  0]LogDerivedDataCache: Using Local data cache path C:/Users/Max/AppData/Local/UnrealEngine/Common/DerivedDataCache: Writable
[2017.11.11-01.04.28:615][  0]LogInit: Selected Device Profile: [Windows]
[2017.11.11-01.04.28:830][  0]ImportText (ComponentSweepMultiTests): Missing closing parenthesis: (RootShapeAsset="/Engine/BasicShapes/Cube.Cube",ShapeType="TriggerCapsule",HitResult=(Time=0.50,Location=(X=-100.000015,Y=0.0,Z=100.000015),ImpactPoint=(X=-50.0,Y=0.0,Z=50.0),Normal=(X=-1.0,Y=-0.0,Z=0.0),ImpactNormal=(X=0.0,Y=0.0,Z=1.0),TraceStart=(X=-200.0,Y=0.0,Z=200.0),TraceEnd=(X=0.0,Y=0.0,Z=0.0))
[2017.11.11-01.04.28:830][  0]ImportText (LineTraceSingleByChannelTests): Missing closing parenthesis: (RootShapeAsset="/Engine/BasicShapes/Cube.Cube",HitResult=(Time=0.50,Location=(X=-100.000015,Y=0.0,Z=100.000015),ImpactPoint=(X=-50.0,Y=0.0,Z=50.0),Normal=(X=-1.0,Y=-0.0,Z=0.0),ImpactNormal=(X=0.0,Y=0.0,Z=1.0),TraceStart=(X=-200.0,Y=0.0,Z=200.0),TraceEnd=(X=0.0,Y=0.0,Z=0.0))
[2017.11.11-01.04.28:907][  0]LogMeshUtilities: No automatic mesh reduction module available
[2017.11.11-01.04.28:907][  0]LogMeshUtilities: No automatic mesh merging module available
[2017.11.11-01.04.30:009][  0]LogInit: WinSock: version 1.1 (2.2), MaxSocks=32767, MaxUdp=65467
[2017.11.11-01.04.33:434][  0]UdpMessaging: Initializing bridge on interface 0.0.0.0:0 to multicast group 230.0.0.1:6666.
[2017.11.11-01.04.34:183][  0]SourceControl: Info Source control is disabled
[2017.11.11-01.04.34:184][  0]SourceControl: Info Source control is disabled
[2017.11.11-01.04.34:204][  0]SourceControl: Info Source control is disabled
[2017.11.11-01.04.34:224][  0]SourceControl: Info Source control is disabled
[2017.11.11-01.04.34:701][  0]LogObj: 26273 objects as part of root set at end of initial load.
[2017.11.11-01.04.34:701][  0]LogUObjectAllocator: 5409256 out of 0 bytes used by permanent object pool.
[2017.11.11-01.04.34:865][  0]LogEngine: Initializing Engine...
[2017.11.11-01.04.34:869][  0]LogHMD: Can't find Oculus library dev build: is proper Runtime installed? Version: 0.6.0.0
[2017.11.11-01.04.34:893][  0]LogHMD:Warning: SteamVR failed to initialize.  Error: 110
[2017.11.11-01.04.35:354][  0]LogAIModule: Creating AISystem for world NewWorld
[2017.11.11-01.04.35:376][  0]LogInit: XAudio2 using 'Headset Earphone (HyperX 7.1 Audio)' : 2 channels at 48 kHz using 16 bits per sample (channel mask 0x3)
[2017.11.11-01.04.35:404][  0]LogInit: FAudioDevice initialized.
[2017.11.11-01.04.35:438][  0]LogDerivedDataCache: Saved boot cache 0.03s 53MB C:/Users/Max/AppData/Local/UnrealEngine/4.8/DerivedDataCache/Boot.ddc.
[2017.11.11-01.04.35:450][  0]LogInit: Texture streaming: Disabled
[2017.11.11-01.04.35:489][  0]LogAnalytics: Creating configured Analytics provider AnalyticsET
[2017.11.11-01.04.35:490][  0]LogAnalytics: [UEEditor.Rocket.Release] APIServer = http://et2.epicgames.com/ET2/. AppVersion = 4.8.3-2634408+++depot+UE4-Releases+4.8
[2017.11.11-01.04.35:490][  0]LogAnalytics: [UEEditor.Rocket.Release] SetUserId 144d638e4bcfc5d4334e3ea112ef68da|8186b5bca3f9435db9ce45a259e2d8af|fa80414f-c35f-4b26-9592-bd1f0564225a
[2017.11.11-01.04.35:490][  0]LogAnalytics: [UEEditor.Rocket.Release] AnalyticsET::StartSession
[2017.11.11-01.04.35:542][  0]LogInit: Transaction tracking system initialized
[2017.11.11-01.04.35:884][  0]BlueprintLog: New page: Editor Load
[2017.11.11-01.04.35:940][  0]LogAssetRegistry: FAssetRegistry took 0.0123 seconds to start up
[2017.11.11-01.04.35:941][  0]LogDirectoryWatcher:Warning: Failed to begin reading directory changes for ../../../Engine/Plugins/Experimental/CharacterAI/Content/. Error: 0
[2017.11.11-01.04.37:204][  0]LogConsoleManager:Warning: Console variable 'r.VSync' wasn't set ('GameSetting' has a lower priority than 'SystemSettingsIni')
[2017.11.11-01.04.37:204][  0]LogConsoleResponse:Display: 
[2017.11.11-01.04.37:583][  0]LogCook:Display: Done creating registry. It took  0.00s.
[2017.11.11-01.04.37:940][  0]SourceControl: Info Source control is disabled
[2017.11.11-01.04.37:942][  0]Cmd: MAP LOAD FILE="../../../../../../Users/Max/Desktop/Unreal/TwoDeeTopDown/Content/TwinStickBP/Maps/TwinStickExampleMap.umap" TEMPLATE=0 SHOWPROGRESS=1 FEATURELEVEL=3
[2017.11.11-01.04.37:973][  0]LightingResults: New page: Lighting Build
[2017.11.11-01.04.37:999][  0]MapCheck: New page: Map Check
[2017.11.11-01.04.37:999][  0]LightingResults: New page: Lighting Build
[2017.11.11-01.04.38:017][  0]LogParticles: Destroying 0 GPU particle simulations for FXSystem 0x0000029998FD9300
[2017.11.11-01.04.40:969][  0]LogAIModule: Creating AISystem for world TwinStickExampleMap
[2017.11.11-01.04.41:002][  0]LogEditorServer: Finished looking for orphan Actors (0.000 secs)
[2017.11.11-01.04.41:004][  0]Cmd: MAP CHECKDEP NOCLEARLOG
[2017.11.11-01.04.41:087][  0]MapCheck: Info Map check complete: 0 Error(s), 0 Warning(s), took 82.213ms to complete.
[2017.11.11-01.04.41:087][  0]LogFileHelpers: Loading map 'TwinStickExampleMap' took 3.145
[2017.11.11-01.04.41:342][  0]LogCollectionManager: Loaded 0 collections in 0.003883 seconds
[2017.11.11-01.04.41:353][  0]LogContentBrowser: Native class hierarchy populated in 0.0115 seconds. Added 1792 classes and 301 folders.
[2017.11.11-01.04.41:448][  0]LogContentBrowser: Native class hierarchy updated for 'WidgetCarousel' in 0.0007 seconds. Added 0 classes and 0 folders.
[2017.11.11-01.04.41:693][  0]LogContentBrowser: Native class hierarchy updated for 'AddContentDialog' in 0.0007 seconds. Added 0 classes and 0 folders.
[2017.11.11-01.04.41:724][  0]LogContentBrowser: Native class hierarchy updated for 'SceneOutliner' in 0.0005 seconds. Added 1 classes and 2 folders.
[2017.11.11-01.04.41:805][  0]LogCrashTracker: Crashtracker disabled due to settings.
[2017.11.11-01.04.41:812][  0]LogD3D11RHI: InitD3DDevice
[2017.11.11-01.04.41:819][  0]LogUObjectGlobals:Warning: Failed to find object 'Class None.'
[2017.11.11-01.04.41:844][  0]LogLoad: Full Startup: 23.76 seconds (BP compile: 1.22 seconds)
[2017.11.11-01.04.42:045][  0]LogContentStreaming: Texture pool size is 0.000000MB
[2017.11.11-01.04.42:113][  0]LogContentStreaming: Texture pool size now 1000 MB
[2017.11.11-01.04.42:431][  0]LogRenderer: Reallocating scene render targets to support 1208x656 (Frame:2).
[2017.11.11-01.04.42:925][  6]LogD3D11RHI: InitD3DDevice
[2017.11.11-01.04.45:677][ 64]LogD3D11RHI: InitD3DDevice
[2017.11.11-01.04.45:756][ 64]LogD3D11RHI: InitD3DDevice
[2017.11.11-01.04.45:806][ 64]LogLinker:Warning: Asset '../../../Engine/Content/ArtTools/RenderToTexture/Macros/RenderToTextureMacros.uasset' has been saved with empty engine version. The asset will be loaded but may be incompatible.
[2017.11.11-01.04.46:020][ 64]LogLinker:Warning: Asset '../../../Engine/Content/ArtTools/RenderToTexture/Enums/RenderToTexture_Enum.uasset' has been saved with empty engine version. The asset will be loaded but may be incompatible.
[2017.11.11-01.04.48:012][ 64]LogD3D11RHI: InitD3DDevice
[2017.11.11-01.04.48:435][ 64]LogD3D11RHI: InitD3DDevice
[2017.11.11-01.04.48:794][ 64]LogLinker:Warning: Can't resolve asset name
[2017.11.11-01.04.48:802][ 64]LogD3D11RHI: InitD3DDevice
[2017.11.11-01.04.49:167][ 64]LogActor:Warning: GameNetworkManager /Engine/Transient.World_5:PersistentLevel.GameNetworkManager_0 has natively added scene component(s), but none of them were set as the actor's RootComponent - picking one arbitrarily
[2017.11.11-01.04.50:022][ 83]LogD3D11RHI: InitD3DDevice
[2017.11.11-01.04.50:358][ 92]LogAssetRegistry: Asset discovery search completed in 14.4299 seconds
[2017.11.11-01.04.54:595][277]LogD3D11RHI: InitD3DDevice
[2017.11.11-01.04.54:985][277]LogActor:Warning: GameNetworkManager /Engine/Transient.World_6:PersistentLevel.GameNetworkManager_1 has natively added scene component(s), but none of them were set as the actor's RootComponent - picking one arbitrarily
[2017.11.11-01.05.40:066][946]LogD3D11RHI: InitD3DDevice
[2017.11.11-02.31.03:416][376]BlueprintLog: New page: Pre-PIE auto-recompile
[2017.11.11-02.31.03:428][376]LogPlayLevel: [PIE] Compiling TwinStickExampleMap before PIE...
[2017.11.11-02.31.03:618][376]LogActorComponent: UnregisterComponent: (/Engine/Transient.CharMoveComp) Not registered. Aborting.
[2017.11.11-02.31.03:618][376]LogActorComponent: UnregisterComponent: (/Engine/Transient.CharacterMovementComponent_0) Not registered. Aborting.
[2017.11.11-02.31.03:618][376]LogActorComponent: UnregisterComponent: (/Engine/Transient.CharacterMovementComponent_1) Not registered. Aborting.
[2017.11.11-02.31.03:618][376]LogActorComponent: UnregisterComponent: (/Engine/Transient.ProjectileMovementComponent_8) Not registered. Aborting.
[2017.11.11-02.31.03:619][376]LogActorComponent: UnregisterComponent: (/Engine/Transient.CharacterMovementComponent_2) Not registered. Aborting.
[2017.11.11-02.31.03:619][376]LogActorComponent: UnregisterComponent: (/Engine/Transient.PawnSensingAAF9AC7F694184D6E2983C8441C4E968) Not registered. Aborting.
[2017.11.11-02.31.03:619][376]LogActorComponent: UnregisterComponent: (/Engine/Transient.CharacterMovementComponent_3) Not registered. Aborting.
[2017.11.11-02.31.03:619][376]LogActorComponent: UnregisterComponent: (/Engine/Transient.PawnSensingB2F0E4C4194BE0624EF90CAE64E37BD1) Not registered. Aborting.
[2017.11.11-02.31.03:665][376]LogParticles: Destroying 0 GPU particle simulations for FXSystem 0x00000299D66CCE00
[2017.11.11-02.31.03:863][376]LogPlayLevel: PIE:  Blueprint regeneration took 447 ms (1 blueprints)
[2017.11.11-02.31.03:915][376]PIE: New page: PIE session: TwinStickExampleMap (Nov 10, 2017, 4:31:03 PM)
[2017.11.11-02.31.03:916][376]LogPlayLevel: Creating play world package: /Game/TwinStickBP/Maps/UEDPIE_0_TwinStickExampleMap
[2017.11.11-02.31.03:936][376]LogPlayLevel: PIE: StaticDuplicateObject took: (0.020528s)
[2017.11.11-02.31.03:938][376]LogAIModule: Creating AISystem for world TwinStickExampleMap
[2017.11.11-02.31.03:940][376]LogPlayLevel: PIE: World Init took: (0.003363s)
[2017.11.11-02.31.03:940][376]LogPlayLevel: PIE: Created PIE world by copying editor world from /Game/TwinStickBP/Maps/TwinStickExampleMap.TwinStickExampleMap to /Game/TwinStickBP/Maps/UEDPIE_0_TwinStickExampleMap.TwinStickExampleMap (0.024507s)
[2017.11.11-02.31.03:996][376]LogInit: XAudio2 using 'Headset Earphone (HyperX 7.1 Audio)' : 2 channels at 48 kHz using 16 bits per sample (channel mask 0x3)
[2017.11.11-02.31.04:005][376]LogInit: FAudioDevice initialized.
[2017.11.11-02.31.04:085][376]LogWorld: Game class is 'TwinStickGameMode_C'
[2017.11.11-02.31.04:101][376]LogWorld:Warning: *** WARNING - PATHS MAY NOT BE VALID ***
[2017.11.11-02.31.04:101][376]LogWorld: Bringing World /Game/TwinStickBP/Maps/UEDPIE_0_TwinStickExampleMap.TwinStickExampleMap up for play (max tick rate 0) at 2017.11.10-21.31.04
[2017.11.11-02.31.04:101][376]LogActor:Warning: GameSession /Game/TwinStickBP/Maps/UEDPIE_0_TwinStickExampleMap.TwinStickExampleMap:PersistentLevel.GameSession_0 has natively added scene component(s), but none of them were set as the actor's RootComponent - picking one arbitrarily
[2017.11.11-02.31.04:102][376]LogActor:Warning: GameNetworkManager /Game/TwinStickBP/Maps/UEDPIE_0_TwinStickExampleMap.TwinStickExampleMap:PersistentLevel.GameNetworkManager_2 has natively added scene component(s), but none of them were set as the actor's RootComponent - picking one arbitrarily
[2017.11.11-02.31.04:106][376]LogWorld: Bringing up level for play took: 0.013673
[2017.11.11-02.31.04:111][376]PIE: Info Play in editor start time for /Game/TwinStickBP/Maps/UEDPIE_0_TwinStickExampleMap 1.16
[2017.11.11-02.31.12:148][876]LogBlueprintUserMessages: damange
[2017.11.11-02.31.16:807][171]LogBlueprintUserMessages: damange
[2017.11.11-02.31.16:825][172]LogBlueprintUserMessages: damange
[2017.11.11-02.31.16:844][173]LogBlueprintUserMessages: damange
[2017.11.11-02.31.21:079][430]LogBlueprintUserMessages: damange
[2017.11.11-02.31.21:114][432]LogBlueprintUserMessages: damange
[2017.11.11-02.31.22:238][491]LogParticles: Destroying 0 GPU particle simulations for FXSystem 0x00000299D1DAC9A0
[2017.11.11-02.32.31:629][383]BlueprintLog: New page: Compile BP_Enemy
[2017.11.11-02.32.31:720][383]LogActorComponent: UnregisterComponent: (/Engine/Transient.CharMoveComp) Not registered. Aborting.
[2017.11.11-02.32.31:720][383]LogActorComponent: UnregisterComponent: (/Engine/Transient.PawnSensingAAF9AC7F694184D6E2983C8441C4E968) Not registered. Aborting.
[2017.11.11-02.32.31:860][383]BlueprintEditorCompileResults: Info [5293.78] Compile of BP_Enemy successful! [in 231 ms]
[2017.11.11-02.33.04:536][741]LogActorComponent: UnregisterComponent: (/Engine/Transient.CharMoveComp) Not registered. Aborting.
[2017.11.11-02.33.04:536][741]LogActorComponent: UnregisterComponent: (/Engine/Transient.PawnSensingAAF9AC7F694184D6E2983C8441C4E968) Not registered. Aborting.
[2017.11.11-02.33.04:536][741]LogActorComponent: UnregisterComponent: (/Engine/Transient.CharacterMovementComponent_4) Not registered. Aborting.
[2017.11.11-02.33.04:536][741]LogActorComponent: UnregisterComponent: (/Engine/Transient.PawnSensingB2F0E4C4194BE0624EF90CAE64E37BD1) Not registered. Aborting.
[2017.11.11-02.33.57:076][170]LogD3D11RHI: InitD3DDevice
[2017.11.11-02.33.57:748][200]LogD3D11RHI: InitD3DDevice
[2017.11.11-02.34.02:247][443]BlueprintLog: New page: Compile BP_Enemy
[2017.11.11-02.34.02:334][443]LogActorComponent: UnregisterComponent: (/Engine/Transient.CharacterMovementComponent_5) Not registered. Aborting.
[2017.11.11-02.34.02:334][443]LogActorComponent: UnregisterComponent: (/Engine/Transient.PawnSensingComponent_0) Not registered. Aborting.
[2017.11.11-02.34.02:476][443]BlueprintEditorCompileResults: Info [5384.39] Compile of BP_Enemy successful! [in 229 ms]
[2017.11.11-02.34.04:807][577]BlueprintLog: New page: Pre-PIE auto-recompile
[2017.11.11-02.34.04:819][577]LogPlayLevel: [PIE] Compiling TwinStickExampleMap before PIE...
[2017.11.11-02.34.04:907][577]LogActorComponent: UnregisterComponent: (/Engine/Transient.CharMoveComp) Not registered. Aborting.
[2017.11.11-02.34.04:907][577]LogActorComponent: UnregisterComponent: (/Engine/Transient.PawnSensingAAF9AC7F694184D6E2983C8441C4E968) Not registered. Aborting.
[2017.11.11-02.34.04:907][577]LogActorComponent: UnregisterComponent: (/Engine/Transient.CharacterMovementComponent_6) Not registered. Aborting.
[2017.11.11-02.34.04:907][577]LogActorComponent: UnregisterComponent: (/Engine/Transient.PawnSensingB2F0E4C4194BE0624EF90CAE64E37BD1) Not registered. Aborting.
[2017.11.11-02.34.04:951][577]LogPlayLevel: PIE:  Blueprint regeneration took 144 ms (1 blueprints)
[2017.11.11-02.34.04:952][577]PIE: New page: PIE session: TwinStickExampleMap (Nov 10, 2017, 4:34:04 PM)
[2017.11.11-02.34.04:952][577]LogPlayLevel: Creating play world package: /Game/TwinStickBP/Maps/UEDPIE_0_TwinStickExampleMap
[2017.11.11-02.34.04:964][577]LogPlayLevel: PIE: StaticDuplicateObject took: (0.011940s)
[2017.11.11-02.34.04:965][577]LogAIModule: Creating AISystem for world TwinStickExampleMap
[2017.11.11-02.34.04:966][577]LogPlayLevel: PIE: World Init took: (0.001811s)
[2017.11.11-02.34.04:966][577]LogPlayLevel: PIE: Created PIE world by copying editor world from /Game/TwinStickBP/Maps/TwinStickExampleMap.TwinStickExampleMap to /Game/TwinStickBP/Maps/UEDPIE_0_TwinStickExampleMap.TwinStickExampleMap (0.014056s)
[2017.11.11-02.34.05:018][577]LogInit: XAudio2 using 'Headset Earphone (HyperX 7.1 Audio)' : 2 channels at 48 kHz using 16 bits per sample (channel mask 0x3)
[2017.11.11-02.34.05:026][577]LogInit: FAudioDevice initialized.
[2017.11.11-02.34.05:060][577]LogWorld: Game class is 'TwinStickGameMode_C'
[2017.11.11-02.34.05:075][577]LogWorld:Warning: *** WARNING - PATHS MAY NOT BE VALID ***
[2017.11.11-02.34.05:075][577]LogWorld: Bringing World /Game/TwinStickBP/Maps/UEDPIE_0_TwinStickExampleMap.TwinStickExampleMap up for play (max tick rate 0) at 2017.11.10-21.34.05
[2017.11.11-02.34.05:075][577]LogActor:Warning: GameSession /Game/TwinStickBP/Maps/UEDPIE_0_TwinStickExampleMap.TwinStickExampleMap:PersistentLevel.GameSession_1 has natively added scene component(s), but none of them were set as the actor's RootComponent - picking one arbitrarily
[2017.11.11-02.34.05:076][577]LogActor:Warning: GameNetworkManager /Game/TwinStickBP/Maps/UEDPIE_0_TwinStickExampleMap.TwinStickExampleMap:PersistentLevel.GameNetworkManager_3 has natively added scene component(s), but none of them were set as the actor's RootComponent - picking one arbitrarily
[2017.11.11-02.34.05:078][577]LogWorld: Bringing up level for play took: 0.015980
[2017.11.11-02.34.05:081][577]PIE: Info Play in editor start time for /Game/TwinStickBP/Maps/UEDPIE_0_TwinStickExampleMap 0.131
[2017.11.11-02.34.09:775][885]LogBlueprintUserMessages: Hello
[2017.11.11-02.34.09:775][885]LogBlueprintUserMessages: Hello
[2017.11.11-02.34.09:778][885]LogBlueprintUserMessages: Hello
[2017.11.11-02.34.13:136][109]LogBlueprintUserMessages: Hello
[2017.11.11-02.34.14:779][217]LogBlueprintUserMessages: Hello
[2017.11.11-02.34.14:779][217]LogBlueprintUserMessages: Hello
[2017.11.11-02.34.14:782][217]LogBlueprintUserMessages: Hello
[2017.11.11-02.34.17:511][393]LogBlueprintUserMessages: Hello
[2017.11.11-02.34.17:511][393]LogBlueprintUserMessages: Hello
[2017.11.11-02.34.17:800][412]LogBlueprintUserMessages: Hello
[2017.11.11-02.34.17:816][413]LogBlueprintUserMessages: Hello
[2017.11.11-02.34.17:833][414]LogBlueprintUserMessages: Hello
[2017.11.11-02.34.19:790][544]LogBlueprintUserMessages: Hello
[2017.11.11-02.34.19:790][544]LogBlueprintUserMessages: Hello
[2017.11.11-02.34.19:793][544]LogBlueprintUserMessages: Hello
[2017.11.11-02.34.20:682][594]LogParticles: Destroying 0 GPU particle simulations for FXSystem 0x00000299921AC4A0
[2017.11.11-02.34.26:323][942]LogD3D11RHI: InitD3DDevice
[2017.11.11-02.34.30:243][201]LogD3D11RHI: InitD3DDevice
[2017.11.11-02.34.39:893][867]LogD3D11RHI: InitD3DDevice
[2017.11.11-02.34.42:810][ 61]LogActorComponent: UnregisterComponent: (/Engine/Transient.CharMoveComp) Not registered. Aborting.
[2017.11.11-02.34.42:810][ 61]LogActorComponent: UnregisterComponent: (/Engine/Transient.PawnSensingAAF9AC7F694184D6E2983C8441C4E968) Not registered. Aborting.
[2017.11.11-02.35.28:670][ 69]BlueprintLog: New page: Compile BP_Enemy
[2017.11.11-02.35.28:759][ 69]LogActorComponent: UnregisterComponent: (/Engine/Transient.CharacterMovementComponent_7) Not registered. Aborting.
[2017.11.11-02.35.28:759][ 69]LogActorComponent: UnregisterComponent: (/Engine/Transient.PawnSensingComponent_1) Not registered. Aborting.
[2017.11.11-02.35.28:904][ 69]BlueprintEditorCompileResults: Info [5470.82] Compile of BP_Enemy successful! [in 233 ms]
[2017.11.11-02.35.55:219][832]LogD3D11RHI: InitD3DDevice
[2017.11.11-02.36.06:782][472]LogActorComponent: UnregisterComponent: (/Engine/Transient.CharMoveComp) Not registered. Aborting.
[2017.11.11-02.36.06:782][472]LogActorComponent: UnregisterComponent: (/Engine/Transient.PawnSensingAAF9AC7F694184D6E2983C8441C4E968) Not registered. Aborting.
[2017.11.11-02.36.06:782][472]LogActorComponent: UnregisterComponent: (/Engine/Transient.CharacterMovementComponent_8) Not registered. Aborting.
[2017.11.11-02.36.06:782][472]LogActorComponent: UnregisterComponent: (/Engine/Transient.PawnSensingB2F0E4C4194BE0624EF90CAE64E37BD1) Not registered. Aborting.
[2017.11.11-02.36.35:447][366]LogD3D11RHI: InitD3DDevice
[2017.11.11-02.36.35:548][366]LogD3D11RHI: InitD3DDevice
[2017.11.11-02.36.40:647][714]BlueprintLog: New page: Compile BP_Enemy
[2017.11.11-02.36.40:736][714]LogActorComponent: UnregisterComponent: (/Engine/Transient.CharacterMovementComponent_9) Not registered. Aborting.
[2017.11.11-02.36.40:736][714]LogActorComponent: UnregisterComponent: (/Engine/Transient.PawnSensingComponent_2) Not registered. Aborting.
[2017.11.11-02.36.40:880][714]BlueprintEditorCompileResults: Info [5542.80] Compile of BP_Enemy successful! [in 233 ms]
[2017.11.11-02.36.42:441][802]LogD3D11RHI: InitD3DDevice
[2017.11.11-02.38.08:641][450]LogD3D11RHI: InitD3DDevice
[2017.11.11-02.38.17:636][  8]LogD3D11RHI: InitD3DDevice
[2017.11.11-02.38.17:829][  8]LogActorComponent: UnregisterComponent: (/Engine/Transient.CharMoveComp) Not registered. Aborting.
[2017.11.11-02.38.17:829][  8]LogActorComponent: UnregisterComponent: (/Engine/Transient.PawnSensingAAF9AC7F694184D6E2983C8441C4E968) Not registered. Aborting.
[2017.11.11-02.38.17:829][  8]LogActorComponent: UnregisterComponent: (/Engine/Transient.CharacterMovementComponent_10) Not registered. Aborting.
[2017.11.11-02.38.17:829][  8]LogActorComponent: UnregisterComponent: (/Engine/Transient.PawnSensingB2F0E4C4194BE0624EF90CAE64E37BD1) Not registered. Aborting.
[2017.11.11-02.38.17:872][  8]LogFileHelpers: Editor autosave (incl. sublevels) for '/Game/TwinStickBP/Maps/TwinStickExampleMap' took 0.043
[2017.11.11-02.38.17:878][  8]OBJ SavePackage: Generating thumbnails for [1] asset(s) in package [/Game/TwinStickBP/Blueprints/BP_Enemy] ([1] browsable assets)...
[2017.11.11-02.38.17:901][  8]OBJ SavePackage:     Rendered thumbnail for [Blueprint /Game/TwinStickBP/Blueprints/BP_Enemy.BP_Enemy]
[2017.11.11-02.38.17:901][  8]OBJ SavePackage: Finished generating thumbnails for package [/Game/TwinStickBP/Blueprints/BP_Enemy]
[2017.11.11-02.38.18:007][  8]LogSavePackage: Save=64.022461ms
[2017.11.11-02.38.18:007][  8]LogSavePackage: Moving '../../../../../../Users/Max/Desktop/Unreal/TwoDeeTopDown/Saved/BP_Enemy_Auto19FB833114107253687C72BAF185BAFC5.tmp' to '../../../../../../Users/Max/Desktop/Unreal/TwoDeeTopDown/Saved/Autosaves/Game/TwinStickBP/Blueprints/BP_Enemy_Auto1.uasset'
[2017.11.11-02.38.18:011][  8]LogFileHelpers: Auto-saving content packages took 0.138
[2017.11.11-02.44.05:209][392]LogD3D11RHI: InitD3DDevice
[2017.11.11-02.44.08:716][613]LogD3D11RHI: InitD3DDevice
[2017.11.11-02.44.10:816][746]LogD3D11RHI: InitD3DDevice
[2017.11.11-02.44.11:585][787]LogD3D11RHI: InitD3DDevice
[2017.11.11-02.45.57:498][735]LogActorComponent: UnregisterComponent: (/Engine/Transient.CharMoveComp) Not registered. Aborting.
[2017.11.11-02.45.57:498][735]LogActorComponent: UnregisterComponent: (/Engine/Transient.PawnSensingAAF9AC7F694184D6E2983C8441C4E968) Not registered. Aborting.
[2017.11.11-02.45.57:498][735]LogActorComponent: UnregisterComponent: (/Engine/Transient.CharacterMovementComponent_11) Not registered. Aborting.
[2017.11.11-02.45.57:498][735]LogActorComponent: UnregisterComponent: (/Engine/Transient.CharacterMovementComponent_12) Not registered. Aborting.
[2017.11.11-02.45.57:498][735]LogActorComponent: UnregisterComponent: (/Engine/Transient.CharacterMovementComponent_13) Not registered. Aborting.
[2017.11.11-02.45.57:499][735]LogActorComponent: UnregisterComponent: (/Engine/Transient.ProjectileMovementComponent_8) Not registered. Aborting.
[2017.11.11-02.45.57:499][735]LogActorComponent: UnregisterComponent: (/Engine/Transient.CharacterMovementComponent_14) Not registered. Aborting.
[2017.11.11-02.45.57:499][735]LogActorComponent: UnregisterComponent: (/Engine/Transient.PawnSensingB2F0E4C4194BE0624EF90CAE64E37BD1) Not registered. Aborting.
[2017.11.11-02.45.59:301][845]LogActorComponent: UnregisterComponent: (/Engine/Transient.CharacterMovementComponent_15) Not registered. Aborting.
[2017.11.11-02.45.59:301][845]LogActorComponent: UnregisterComponent: (/Engine/Transient.PawnSensingComponent_3) Not registered. Aborting.
[2017.11.11-02.46.04:091][146]LogActorComponent: UnregisterComponent: (/Engine/Transient.CharacterMovementComponent_16) Not registered. Aborting.
[2017.11.11-02.46.04:091][146]LogActorComponent: UnregisterComponent: (/Engine/Transient.PawnSensingComponent_4) Not registered. Aborting.
[2017.11.11-02.46.11:992][646]LogActorComponent: UnregisterComponent: (/Engine/Transient.CharacterMovementComponent_17) Not registered. Aborting.
[2017.11.11-02.46.11:992][646]LogActorComponent: UnregisterComponent: (/Engine/Transient.PawnSensingComponent_5) Not registered. Aborting.
[2017.11.11-02.46.13:352][707]LogD3D11RHI: InitD3DDevice
[2017.11.11-02.46.17:936][  5]LogActorComponent: UnregisterComponent: (/Engine/Transient.CharacterMovementComponent_18) Not registered. Aborting.
[2017.11.11-02.46.17:936][  5]LogActorComponent: UnregisterComponent: (/Engine/Transient.PawnSensingComponent_6) Not registered. Aborting.
[2017.11.11-02.46.25:101][455]LogActorComponent: UnregisterComponent: (/Engine/Transient.CharacterMovementComponent_19) Not registered. Aborting.
[2017.11.11-02.46.25:101][455]LogActorComponent: UnregisterComponent: (/Engine/Transient.PawnSensingComponent_7) Not registered. Aborting.
[2017.11.11-02.48.09:079][105]LogD3D11RHI: InitD3DDevice
[2017.11.11-02.48.30:098][431]LogD3D11RHI: InitD3DDevice
[2017.11.11-02.48.30:299][431]LogActorComponent: UnregisterComponent: (/Engine/Transient.CharacterMovementComponent_20) Not registered. Aborting.
[2017.11.11-02.48.30:299][431]LogActorComponent: UnregisterComponent: (/Engine/Transient.PawnSensingComponent_8) Not registered. Aborting.
[2017.11.11-02.48.30:357][431]LogFileHelpers: Editor autosave (incl. sublevels) for '/Game/TwinStickBP/Maps/TwinStickExampleMap' took 0.058
[2017.11.11-02.48.30:363][431]OBJ SavePackage: Generating thumbnails for [1] asset(s) in package [/Game/TwinStickBP/Blueprints/BP_Enemy] ([1] browsable assets)...
[2017.11.11-02.48.30:386][431]OBJ SavePackage:     Rendered thumbnail for [Blueprint /Game/TwinStickBP/Blueprints/BP_Enemy.BP_Enemy]
[2017.11.11-02.48.30:386][431]OBJ SavePackage: Finished generating thumbnails for package [/Game/TwinStickBP/Blueprints/BP_Enemy]
[2017.11.11-02.48.30:480][431]LogSavePackage: Save=63.897945ms
[2017.11.11-02.48.30:480][431]LogSavePackage: Moving '../../../../../../Users/Max/Desktop/Unreal/TwoDeeTopDown/Saved/BP_Enemy_Auto225BAA68148B702B8E31D7B82FF0500EA.tmp' to '../../../../../../Users/Max/Desktop/Unreal/TwoDeeTopDown/Saved/Autosaves/Game/TwinStickBP/Blueprints/BP_Enemy_Auto2.uasset'
[2017.11.11-02.48.30:483][431]LogFileHelpers: Auto-saving content packages took 0.125
[2017.11.11-02.52.19:268][164]LogD3D11RHI: InitD3DDevice
[2017.11.11-02.52.19:862][196]LogD3D11RHI: InitD3DDevice
[2017.11.11-02.58.21:536][932]LogD3D11RHI: InitD3DDevice
[2017.11.11-02.58.30:547][479]LogD3D11RHI: InitD3DDevice
[2017.11.11-02.58.30:733][479]LogActorComponent: UnregisterComponent: (/Engine/Transient.CharMoveComp) Not registered. Aborting.
[2017.11.11-02.58.30:733][479]LogActorComponent: UnregisterComponent: (/Engine/Transient.PawnSensingAAF9AC7F694184D6E2983C8441C4E968) Not registered. Aborting.
[2017.11.11-02.58.30:733][479]LogActorComponent: UnregisterComponent: (/Engine/Transient.CharacterMovementComponent_21) Not registered. Aborting.
[2017.11.11-02.58.30:733][479]LogActorComponent: UnregisterComponent: (/Engine/Transient.CharacterMovementComponent_22) Not registered. Aborting.
[2017.11.11-02.58.30:733][479]LogActorComponent: UnregisterComponent: (/Engine/Transient.CharacterMovementComponent_23) Not registered. Aborting.
[2017.11.11-02.58.30:733][479]LogActorComponent: UnregisterComponent: (/Engine/Transient.ProjectileMovementComponent_8) Not registered. Aborting.
[2017.11.11-02.58.30:733][479]LogActorComponent: UnregisterComponent: (/Engine/Transient.CharacterMovementComponent_24) Not registered. Aborting.
[2017.11.11-02.58.30:733][479]LogActorComponent: UnregisterComponent: (/Engine/Transient.PawnSensingB2F0E4C4194BE0624EF90CAE64E37BD1) Not registered. Aborting.
[2017.11.11-02.58.30:777][479]LogFileHelpers: Editor autosave (incl. sublevels) for '/Game/TwinStickBP/Maps/TwinStickExampleMap' took 0.044
[2017.11.11-02.58.30:783][479]OBJ SavePackage: Generating thumbnails for [1] asset(s) in package [/Game/TwinStickBP/Blueprints/BP_Ally_AI] ([1] browsable assets)...
[2017.11.11-02.58.30:807][479]OBJ SavePackage:     Rendered thumbnail for [Blueprint /Game/TwinStickBP/Blueprints/BP_Ally_AI.BP_Ally_AI]
[2017.11.11-02.58.30:807][479]OBJ SavePackage: Finished generating thumbnails for package [/Game/TwinStickBP/Blueprints/BP_Ally_AI]
[2017.11.11-02.58.30:912][479]LogSavePackage: Save=77.686005ms
[2017.11.11-02.58.30:912][479]LogSavePackage: Moving '../../../../../../Users/Max/Desktop/Unreal/TwoDeeTopDown/Saved/BP_Ally_AI_Auto3ACB398774B46A556B5061983C2663697.tmp' to '../../../../../../Users/Max/Desktop/Unreal/TwoDeeTopDown/Saved/Autosaves/Game/TwinStickBP/Blueprints/BP_Ally_AI_Auto3.uasset'
[2017.11.11-02.58.30:915][479]LogFileHelpers: Auto-saving content packages took 0.137
[2017.11.11-03.03.54:177][825]LogEditorViewport: Clicking on Actor (LMB): BP_Pawn_C (TwinStickPawn)
[2017.11.11-03.03.59:870][ 83]LogD3D11RHI: InitD3DDevice
[2017.11.11-03.04.00:320][ 83]LogGraphPanel:Warning: Found NULL Node in GraphObj array. A node type has been deleted without creating an ActiveClassRedictor to K2Node_DeadClass.
[2017.11.11-03.04.00:320][ 83]LogGraphPanel:Warning: Found NULL Node in GraphObj array. A node type has been deleted without creating an ActiveClassRedictor to K2Node_DeadClass.
[2017.11.11-03.04.00:320][ 83]LogGraphPanel:Warning: Found NULL Node in GraphObj array. A node type has been deleted without creating an ActiveClassRedictor to K2Node_DeadClass.
[2017.11.11-03.04.00:323][ 83]LogGraphPanel:Warning: Found NULL Node in GraphObj array. A node type has been deleted without creating an ActiveClassRedictor to K2Node_DeadClass.
[2017.11.11-03.04.11:837][595]LogGraphPanel:Warning: Found NULL Node in GraphObj array. A node type has been deleted without creating an ActiveClassRedictor to K2Node_DeadClass.
[2017.11.11-03.04.11:837][595]LogGraphPanel:Warning: Found NULL Node in GraphObj array. A node type has been deleted without creating an ActiveClassRedictor to K2Node_DeadClass.
[2017.11.11-03.04.11:837][595]LogGraphPanel:Warning: Found NULL Node in GraphObj array. A node type has been deleted without creating an ActiveClassRedictor to K2Node_DeadClass.
[2017.11.11-03.04.11:837][595]LogGraphPanel:Warning: Found NULL Node in GraphObj array. A node type has been deleted without creating an ActiveClassRedictor to K2Node_DeadClass.
[2017.11.11-03.13.31:023][976]LogD3D11RHI: InitD3DDevice
[2017.11.11-03.13.31:051][976]Cmd: OBJ SAVEPACKAGE PACKAGE="/Game/TwinStickBP/Blueprints/BP_Enemy" FILE="../../../../../../Users/Max/Desktop/Unreal/TwoDeeTopDown/Content/TwinStickBP/Blueprints/BP_Enemy.uasset" SILENT=true
[2017.11.11-03.13.31:141][976]LogSavePackage: Save=54.128525ms
[2017.11.11-03.13.31:141][976]LogSavePackage: Moving '../../../../../../Users/Max/Desktop/Unreal/TwoDeeTopDown/Saved/BP_Enemy24F3BA054D13BC365438A28A2D651994.tmp' to '../../../../../../Users/Max/Desktop/Unreal/TwoDeeTopDown/Content/TwinStickBP/Blueprints/BP_Enemy.uasset'
[2017.11.11-03.13.31:839][  9]BlueprintLog: New page: Compile BP_Enemy
[2017.11.11-03.13.31:929][  9]LogActorComponent: UnregisterComponent: (/Engine/Transient.CharMoveComp) Not registered. Aborting.
[2017.11.11-03.13.31:929][  9]LogActorComponent: UnregisterComponent: (/Engine/Transient.PawnSensingB2F0E4C4194BE0624EF90CAE64E37BD1) Not registered. Aborting.
[2017.11.11-03.13.31:929][  9]LogActorComponent: UnregisterComponent: (/Engine/Transient.CharacterMovementComponent_25) Not registered. Aborting.
[2017.11.11-03.13.31:929][  9]LogActorComponent: UnregisterComponent: (/Engine/Transient.CharacterMovementComponent_26) Not registered. Aborting.
[2017.11.11-03.13.31:929][  9]LogActorComponent: UnregisterComponent: (/Engine/Transient.CharacterMovementComponent_27) Not registered. Aborting.
[2017.11.11-03.13.31:929][  9]LogActorComponent: UnregisterComponent: (/Engine/Transient.ProjectileMovementComponent_8) Not registered. Aborting.
[2017.11.11-03.13.31:930][  9]LogActorComponent: UnregisterComponent: (/Engine/Transient.CharacterMovementComponent_28) Not registered. Aborting.
[2017.11.11-03.13.31:930][  9]Log